distinct vidpid=0x239a:0x80da sim=0.31 PROMOTED new='Nordic nRF52840 DK' (score=(1, 0, 18), from arduino:adafruit-adafruit_nrf52_arduino/pca10056/arduino) PREVIOUS-PRIMARY-DEMOTED-TO-ALT='Particle Xenon' (score=(0, 0, 14))
distinct vidpid=0x239a:0x00da sim=0.31 PROMOTED new='Nordic nRF52840 DK' (score=(1, 0, 18), from arduino:adafruit-adafruit_nrf52_arduino/pca10056/arduino) PREVIOUS-PRIMARY-DEMOTED-TO-ALT='Particle Xenon' (score=(0, 0, 14))
distinct vidpid=0x2a03:0x004d sim=0.48 PROMOTED new='Arduino M0 Pro (Native USB Port)' (score=(1, 0, 32), from arduino:arduino-arduinocore-samd/mzero_pro_bl/arduino) PREVIOUS-PRIMARY-DEMOTED-TO-ALT='Arduino M0' (score=(1, 0, 10))
distinct vidpid=0x2a03:0x804d sim=0.48 PROMOTED new='Arduino M0 Pro (Native USB Port)' (score=(1, 0, 32), from arduino:arduino-arduinocore-samd/mzero_pro_bl/arduino) PREVIOUS-PRIMARY-DEMOTED-TO-ALT='Arduino M0' (score=(1, 0, 10))
distinct vidpid=0x2e8a:0x000a sim=0.41 PROMOTED new='ArtronShop RP2 Nano' (score=(1, 0, 19), from arduino:earlephilhower-arduino-pico/artronshop_rp2_nano/arduino) PREVIOUS-PRIMARY-DEMOTED-TO-ALT='MyMakers RP2040' (score=(1, 0, 15))
distinct vidpid=0x2e8a:0x010a sim=0.41 PROMOTED new='ArtronShop RP2 Nano' (score=(1, 0, 19), from arduino:earlephilhower-arduino-pico/artronshop_rp2_nano/arduino) PREVIOUS-PRIMARY-DEMOTED-TO-ALT='MyMakers RP2040' (score=(1, 0, 15))
distinct vidpid=0x2e8a:0x400a sim=0.41 PROMOTED new='ArtronShop RP2 Nano' (score=(1, 0, 19), from arduino:earlephilhower-arduino-pico/artronshop_rp2_nano/arduino) PREVIOUS-PRIMARY-DEMOTED-TO-ALT='MyMakers RP2040' (score=(1, 0, 15))
distinct vidpid=0x2e8a:0x410a sim=0.41 PROMOTED new='ArtronShop RP2 Nano' (score=(1, 0, 19), from arduino:earlephilhower-arduino-pico/artronshop_rp2_nano/arduino) PREVIOUS-PRIMARY-DEMOTED-TO-ALT='MyMakers RP2040' (score=(1, 0, 15))
distinct vidpid=0x2e8a:0x800a sim=0.41 PROMOTED new='ArtronShop RP2 Nano' (score=(1, 0, 19), from arduino:earlephilhower-arduino-pico/artronshop_rp2_nano/arduino) PREVIOUS-PRIMARY-DEMOTED-TO-ALT='MyMakers RP2040' (score=(1, 0, 15))
distinct vidpid=0x2e8a:0x810a sim=0.41 PROMOTED new='ArtronShop RP2 Nano' (score=(1, 0, 19), from arduino:earlephilhower-arduino-pico/artronshop_rp2_nano/arduino) PREVIOUS-PRIMARY-DEMOTED-TO-ALT='MyMakers RP2040' (score=(1, 0, 15))
distinct vidpid=0x2e8a:0xc00a sim=0.41 PROMOTED new='ArtronShop RP2 Nano' (score=(1, 0, 19), from arduino:earlephilhower-arduino-pico/artronshop_rp2_nano/arduino) PREVIOUS-PRIMARY-DEMOTED-TO-ALT='MyMakers RP2040' (score=(1, 0, 15))
distinct vidpid=0x2e8a:0xc10a sim=0.41 PROMOTED new='ArtronShop RP2 Nano' (score=(1, 0, 19), from arduino:earlephilhower-arduino-pico/artronshop_rp2_nano/arduino) PREVIOUS-PRIMARY-DEMOTED-TO-ALT='MyMakers RP2040' (score=(1, 0, 15))
distinct vidpid=0x2e8b:0xf00a sim=0.39 PROMOTED new='BridgeTek IDM2040-43A' (score=(2, 0, 21), from arduino:earlephilhower-arduino-pico/bridgetek_idm2040_43a/arduino) PREVIOUS-PRIMARY-DEMOTED-TO-ALT='BIGTREETECH SKR-Pico' (score=(0, 0, 20))
distinct vidpid=0x2e8b:0xf10a sim=0.39 PROMOTED new='BridgeTek IDM2040-43A' (score=(2, 0, 21), from arduino:earlephilhower-arduino-pico/bridgetek_idm2040_43a/arduino) PREVIOUS-PRIMARY-DEMOTED-TO-ALT='BIGTREETECH SKR-Pico' (score=(0, 0, 20))
distinct vidpid=0x2e8a:0x000a sim=0.26 primary-kept='ArtronShop RP2 Nano' (score=(1, 0, 19), from arduino:earlephilhower-arduino-pico/artronshop_rp2_nano/arduino) alternate='DatanoiseTV PicoADK' (score=(0, 0, 19), from arduino:earlephilhower-arduino-pico/datanoisetv_picoadk/arduino)
distinct vidpid=0x2e8a:0x010a sim=0.26 primary-kept='ArtronShop RP2 Nano' (score=(1, 0, 19), from arduino:earlephilhower-arduino-pico/artronshop_rp2_nano/arduino) alternate='DatanoiseTV PicoADK' (score=(0, 0, 19), from arduino:earlephilhower-arduino-pico/datanoisetv_picoadk/arduino)
distinct vidpid=0x2e8a:0x400a sim=0.26 primary-kept='ArtronShop RP2 Nano' (score=(1, 0, 19), from arduino:earlephilhower-arduino-pico/artronshop_rp2_nano/arduino) alternate='DatanoiseTV PicoADK' (score=(0, 0, 19), from arduino:earlephilhower-arduino-pico/datanoisetv_picoadk/arduino)
distinct vidpid=0x2e8a:0x410a sim=0.26 primary-kept='ArtronShop RP2 Nano' (score=(1, 0, 19), from arduino:earlephilhower-arduino-pico/artronshop_rp2_nano/arduino) alternate='DatanoiseTV PicoADK' (score=(0, 0, 19), from arduino:earlephilhower-arduino-pico/datanoisetv_picoadk/arduino)
distinct vidpid=0x2e8a:0x800a sim=0.26 primary-kept='ArtronShop RP2 Nano' (score=(1, 0, 19), from arduino:earlephilhower-arduino-pico/artronshop_rp2_nano/arduino) alternate='DatanoiseTV PicoADK' (score=(0, 0, 19), from arduino:earlephilhower-arduino-pico/datanoisetv_picoadk/arduino)
distinct vidpid=0x2e8a:0x810a sim=0.26 primary-kept='ArtronShop RP2 Nano' (score=(1, 0, 19), from arduino:earlephilhower-arduino-pico/artronshop_rp2_nano/arduino) alternate='DatanoiseTV PicoADK' (score=(0, 0, 19), from arduino:earlephilhower-arduino-pico/datanoisetv_picoadk/arduino)
distinct vidpid=0x2e8a:0xc00a sim=0.26 primary-kept='ArtronShop RP2 Nano' (score=(1, 0, 19), from arduino:earlephilhower-arduino-pico/artronshop_rp2_nano/arduino) alternate='DatanoiseTV PicoADK' (score=(0, 0, 19), from arduino:earlephilhower-arduino-pico/datanoisetv_picoadk/arduino)
distinct vidpid=0x2e8a:0xc10a sim=0.26 primary-kept='ArtronShop RP2 Nano' (score=(1, 0, 19), from arduino:earlephilhower-arduino-pico/artronshop_rp2_nano/arduino) alternate='DatanoiseTV PicoADK' (score=(0, 0, 19), from arduino:earlephilhower-arduino-pico/datanoisetv_picoadk/arduino)
distinct vidpid=0x2e8a:0xf00a sim=0.17 primary-kept='Degz Robotics Suibo RP2040' (score=(1, 0, 26), from arduino:earlephilhower-arduino-pico/degz_suibo/arduino) alternate='EVN Alpha' (score=(0, 0, 9), from arduino:earlephilhower-arduino-pico/evn_alpha/arduino)
distinct vidpid=0x2e8a:0xf10a sim=0.17 primary-kept='Degz Robotics Suibo RP2040' (score=(1, 0, 26), from arduino:earlephilhower-arduino-pico/degz_suibo/arduino) alternate='EVN Alpha' (score=(0, 0, 9), from arduino:earlephilhower-arduino-pico/evn_alpha/arduino)
distinct vidpid=0x2e8a:0x000a sim=0.32 primary-kept='ArtronShop RP2 Nano' (score=(1, 0, 19), from arduino:earlephilhower-arduino-pico/artronshop_rp2_nano/arduino) alternate='GeeekPi RP2040 Plus' (score=(1, 0, 19), from arduino:earlephilhower-arduino-pico/geeekpi_rp2040_plus/arduino)
distinct vidpid=0x2e8a:0x010a sim=0.32 primary-kept='ArtronShop RP2 Nano' (score=(1, 0, 19), from arduino:earlephilhower-arduino-pico/artronshop_rp2_nano/arduino) alternate='GeeekPi RP2040 Plus' (score=(1, 0, 19), from arduino:earlephilhower-arduino-pico/geeekpi_rp2040_plus/arduino)
distinct vidpid=0x2e8a:0x400a sim=0.32 primary-kept='ArtronShop RP2 Nano' (score=(1, 0, 19), from arduino:earlephilhower-arduino-pico/artronshop_rp2_nano/arduino) alternate='GeeekPi RP2040 Plus' (score=(1, 0, 19), from arduino:earlephilhower-arduino-pico/geeekpi_rp2040_plus/arduino)
distinct vidpid=0x2e8a:0x410a sim=0.32 primary-kept='ArtronShop RP2 Nano' (score=(1, 0, 19), from arduino:earlephilhower-arduino-pico/artronshop_rp2_nano/arduino) alternate='GeeekPi RP2040 Plus' (score=(1, 0, 19), from arduino:earlephilhower-arduino-pico/geeekpi_rp2040_plus/arduino)
distinct vidpid=0x2e8a:0x800a sim=0.32 primary-kept='ArtronShop RP2 Nano' (score=(1, 0, 19), from arduino:earlephilhower-arduino-pico/artronshop_rp2_nano/arduino) alternate='GeeekPi RP2040 Plus' (score=(1, 0, 19), from arduino:earlephilhower-arduino-pico/geeekpi_rp2040_plus/arduino)
distinct vidpid=0x2e8a:0x810a sim=0.32 primary-kept='ArtronShop RP2 Nano' (score=(1, 0, 19), from arduino:earlephilhower-arduino-pico/artronshop_rp2_nano/arduino) alternate='GeeekPi RP2040 Plus' (score=(1, 0, 19), from arduino:earlephilhower-arduino-pico/geeekpi_rp2040_plus/arduino)
distinct vidpid=0x2e8a:0xc00a sim=0.32 primary-kept='ArtronShop RP2 Nano' (score=(1, 0, 19), from arduino:earlephilhower-arduino-pico/artronshop_rp2_nano/arduino) alternate='GeeekPi RP2040 Plus' (score=(1, 0, 19), from arduino:earlephilhower-arduino-pico/geeekpi_rp2040_plus/arduino)
distinct vidpid=0x2e8a:0xc10a sim=0.32 primary-kept='ArtronShop RP2 Nano' (score=(1, 0, 19), from arduino:earlephilhower-arduino-pico/artronshop_rp2_nano/arduino) alternate='GeeekPi RP2040 Plus' (score=(1, 0, 19), from arduino:earlephilhower-arduino-pico/geeekpi_rp2040_plus/arduino)
distinct vidpid=0x2e8a:0x000a sim=0.21 primary-kept='ArtronShop RP2 Nano' (score=(1, 0, 19), from arduino:earlephilhower-arduino-pico/artronshop_rp2_nano/arduino) alternate='Makerbase MKS THR36' (score=(1, 0, 19), from arduino:earlephilhower-arduino-pico/mksthr36/arduino)
distinct vidpid=0x2e8a:0x010a sim=0.21 primary-kept='ArtronShop RP2 Nano' (score=(1, 0, 19), from arduino:earlephilhower-arduino-pico/artronshop_rp2_nano/arduino) alternate='Makerbase MKS THR36' (score=(1, 0, 19), from arduino:earlephilhower-arduino-pico/mksthr36/arduino)
distinct vidpid=0x2e8a:0x400a sim=0.21 primary-kept='ArtronShop RP2 Nano' (score=(1, 0, 19), from arduino:earlephilhower-arduino-pico/artronshop_rp2_nano/arduino) alternate='Makerbase MKS THR36' (score=(1, 0, 19), from arduino:earlephilhower-arduino-pico/mksthr36/arduino)
distinct vidpid=0x2e8a:0x410a sim=0.21 primary-kept='ArtronShop RP2 Nano' (score=(1, 0, 19), from arduino:earlephilhower-arduino-pico/artronshop_rp2_nano/arduino) alternate='Makerbase MKS THR36' (score=(1, 0, 19), from arduino:earlephilhower-arduino-pico/mksthr36/arduino)
distinct vidpid=0x2e8a:0x800a sim=0.21 primary-kept='ArtronShop RP2 Nano' (score=(1, 0, 19), from arduino:earlephilhower-arduino-pico/artronshop_rp2_nano/arduino) alternate='Makerbase MKS THR36' (score=(1, 0, 19), from arduino:earlephilhower-arduino-pico/mksthr36/arduino)
distinct vidpid=0x2e8a:0x810a sim=0.21 primary-kept='ArtronShop RP2 Nano' (score=(1, 0, 19), from arduino:earlephilhower-arduino-pico/artronshop_rp2_nano/arduino) alternate='Makerbase MKS THR36' (score=(1, 0, 19), from arduino:earlephilhower-arduino-pico/mksthr36/arduino)
distinct vidpid=0x2e8a:0xc00a sim=0.21 primary-kept='ArtronShop RP2 Nano' (score=(1, 0, 19), from arduino:earlephilhower-arduino-pico/artronshop_rp2_nano/arduino) alternate='Makerbase MKS THR36' (score=(1, 0, 19), from arduino:earlephilhower-arduino-pico/mksthr36/arduino)
distinct vidpid=0x2e8a:0xc10a sim=0.21 primary-kept='ArtronShop RP2 Nano' (score=(1, 0, 19), from arduino:earlephilhower-arduino-pico/artronshop_rp2_nano/arduino) alternate='Makerbase MKS THR36' (score=(1, 0, 19), from arduino:earlephilhower-arduino-pico/mksthr36/arduino)
distinct vidpid=0x2e8a:0x000a sim=0.26 primary-kept='ArtronShop RP2 Nano' (score=(1, 0, 19), from arduino:earlephilhower-arduino-pico/artronshop_rp2_nano/arduino) alternate='Makerbase MKS THR42' (score=(1, 0, 19), from arduino:earlephilhower-arduino-pico/mksthr42/arduino)
distinct vidpid=0x2e8a:0x010a sim=0.26 primary-kept='ArtronShop RP2 Nano' (score=(1, 0, 19), from arduino:earlephilhower-arduino-pico/artronshop_rp2_nano/arduino) alternate='Makerbase MKS THR42' (score=(1, 0, 19), from arduino:earlephilhower-arduino-pico/mksthr42/arduino)
distinct vidpid=0x2e8a:0x400a sim=0.26 primary-kept='ArtronShop RP2 Nano' (score=(1, 0, 19), from arduino:earlephilhower-arduino-pico/artronshop_rp2_nano/arduino) alternate='Makerbase MKS THR42' (score=(1, 0, 19), from arduino:earlephilhower-arduino-pico/mksthr42/arduino)
distinct vidpid=0x2e8a:0x410a sim=0.26 primary-kept='ArtronShop RP2 Nano' (score=(1, 0, 19), from arduino:earlephilhower-arduino-pico/artronshop_rp2_nano/arduino) alternate='Makerbase MKS THR42' (score=(1, 0, 19), from arduino:earlephilhower-arduino-pico/mksthr42/arduino)
distinct vidpid=0x2e8a:0x800a sim=0.26 primary-kept='ArtronShop RP2 Nano' (score=(1, 0, 19), from arduino:earlephilhower-arduino-pico/artronshop_rp2_nano/arduino) alternate='Makerbase MKS THR42' (score=(1, 0, 19), from arduino:earlephilhower-arduino-pico/mksthr42/arduino)
distinct vidpid=0x2e8a:0x810a sim=0.26 primary-kept='ArtronShop RP2 Nano' (score=(1, 0, 19), from arduino:earlephilhower-arduino-pico/artronshop_rp2_nano/arduino) alternate='Makerbase MKS THR42' (score=(1, 0, 19), from arduino:earlephilhower-arduino-pico/mksthr42/arduino)
distinct vidpid=0x2e8a:0xc00a sim=0.26 primary-kept='ArtronShop RP2 Nano' (score=(1, 0, 19), from arduino:earlephilhower-arduino-pico/artronshop_rp2_nano/arduino) alternate='Makerbase MKS THR42' (score=(1, 0, 19), from arduino:earlephilhower-arduino-pico/mksthr42/arduino)
distinct vidpid=0x2e8a:0xc10a sim=0.26 primary-kept='ArtronShop RP2 Nano' (score=(1, 0, 19), from arduino:earlephilhower-arduino-pico/artronshop_rp2_nano/arduino) alternate='Makerbase MKS THR42' (score=(1, 0, 19), from arduino:earlephilhower-arduino-pico/mksthr42/arduino)
distinct vidpid=0x2e8a:0x000a sim=0.09 PROMOTED new='Neko Systems BL2040 Mini' (score=(1, 0, 24), from arduino:earlephilhower-arduino-pico/nekosystems_bl2040_mini/arduino) PREVIOUS-PRIMARY-DEMOTED-TO-ALT='ArtronShop RP2 Nano' (score=(1, 0, 19))
distinct vidpid=0x2e8a:0x010a sim=0.09 PROMOTED new='Neko Systems BL2040 Mini' (score=(1, 0, 24), from arduino:earlephilhower-arduino-pico/nekosystems_bl2040_mini/arduino) PREVIOUS-PRIMARY-DEMOTED-TO-ALT='ArtronShop RP2 Nano' (score=(1, 0, 19))
distinct vidpid=0x2e8a:0x400a sim=0.09 PROMOTED new='Neko Systems BL2040 Mini' (score=(1, 0, 24), from arduino:earlephilhower-arduino-pico/nekosystems_bl2040_mini/arduino) PREVIOUS-PRIMARY-DEMOTED-TO-ALT='ArtronShop RP2 Nano' (score=(1, 0, 19))
distinct vidpid=0x2e8a:0x410a sim=0.09 PROMOTED new='Neko Systems BL2040 Mini' (score=(1, 0, 24), from arduino:earlephilhower-arduino-pico/nekosystems_bl2040_mini/arduino) PREVIOUS-PRIMARY-DEMOTED-TO-ALT='ArtronShop RP2 Nano' (score=(1, 0, 19))
distinct vidpid=0x2e8a:0x800a sim=0.09 PROMOTED new='Neko Systems BL2040 Mini' (score=(1, 0, 24), from arduino:earlephilhower-arduino-pico/nekosystems_bl2040_mini/arduino) PREVIOUS-PRIMARY-DEMOTED-TO-ALT='ArtronShop RP2 Nano' (score=(1, 0, 19))
distinct vidpid=0x2e8a:0x810a sim=0.09 PROMOTED new='Neko Systems BL2040 Mini' (score=(1, 0, 24), from arduino:earlephilhower-arduino-pico/nekosystems_bl2040_mini/arduino) PREVIOUS-PRIMARY-DEMOTED-TO-ALT='ArtronShop RP2 Nano' (score=(1, 0, 19))
distinct vidpid=0x2e8a:0xc00a sim=0.09 PROMOTED new='Neko Systems BL2040 Mini' (score=(1, 0, 24), from arduino:earlephilhower-arduino-pico/nekosystems_bl2040_mini/arduino) PREVIOUS-PRIMARY-DEMOTED-TO-ALT='ArtronShop RP2 Nano' (score=(1, 0, 19))
distinct vidpid=0x2e8a:0xc10a sim=0.09 PROMOTED new='Neko Systems BL2040 Mini' (score=(1, 0, 24), from arduino:earlephilhower-arduino-pico/nekosystems_bl2040_mini/arduino) PREVIOUS-PRIMARY-DEMOTED-TO-ALT='ArtronShop RP2 Nano' (score=(1, 0, 19))
distinct vidpid=0x2e8a:0x1123 sim=0.36 primary-kept='iLabs Challenger 2040 LoRa' (score=(0, 0, 26), from arduino:earlephilhower-arduino-pico/challenger_2040_lora/arduino) alternate='PCBCupid Glyph Mini 2040' (score=(0, 0, 24), from arduino:earlephilhower-arduino-pico/pcbcupid_glyph_mini_2040/arduino)
distinct vidpid=0x2e8a:0x5123 sim=0.36 primary-kept='iLabs Challenger 2040 LoRa' (score=(0, 0, 26), from arduino:earlephilhower-arduino-pico/challenger_2040_lora/arduino) alternate='PCBCupid Glyph Mini 2040' (score=(0, 0, 24), from arduino:earlephilhower-arduino-pico/pcbcupid_glyph_mini_2040/arduino)
distinct vidpid=0x2e8a:0x9123 sim=0.36 primary-kept='iLabs Challenger 2040 LoRa' (score=(0, 0, 26), from arduino:earlephilhower-arduino-pico/challenger_2040_lora/arduino) alternate='PCBCupid Glyph Mini 2040' (score=(0, 0, 24), from arduino:earlephilhower-arduino-pico/pcbcupid_glyph_mini_2040/arduino)
distinct vidpid=0x2e8a:0xd123 sim=0.36 primary-kept='iLabs Challenger 2040 LoRa' (score=(0, 0, 26), from arduino:earlephilhower-arduino-pico/challenger_2040_lora/arduino) alternate='PCBCupid Glyph Mini 2040' (score=(0, 0, 24), from arduino:earlephilhower-arduino-pico/pcbcupid_glyph_mini_2040/arduino)
distinct vidpid=0x2e8a:0x100b sim=0.24 PROMOTED new='Pimoroni Tiny2350' (score=(1, 0, 17), from arduino:earlephilhower-arduino-pico/pimoroni_tiny2350/arduino) PREVIOUS-PRIMARY-DEMOTED-TO-ALT='iLabs Challenger 2040 LTE' (score=(0, 0, 25))
distinct vidpid=0x2e8a:0x110b sim=0.24 PROMOTED new='Pimoroni Tiny2350' (score=(1, 0, 17), from arduino:earlephilhower-arduino-pico/pimoroni_tiny2350/arduino) PREVIOUS-PRIMARY-DEMOTED-TO-ALT='iLabs Challenger 2040 LTE' (score=(0, 0, 25))
distinct vidpid=0x2e8a:0x500b sim=0.24 PROMOTED new='Pimoroni Tiny2350' (score=(1, 0, 17), from arduino:earlephilhower-arduino-pico/pimoroni_tiny2350/arduino) PREVIOUS-PRIMARY-DEMOTED-TO-ALT='iLabs Challenger 2040 LTE' (score=(0, 0, 25))
distinct vidpid=0x2e8a:0x510b sim=0.24 PROMOTED new='Pimoroni Tiny2350' (score=(1, 0, 17), from arduino:earlephilhower-arduino-pico/pimoroni_tiny2350/arduino) PREVIOUS-PRIMARY-DEMOTED-TO-ALT='iLabs Challenger 2040 LTE' (score=(0, 0, 25))
distinct vidpid=0x2e8a:0x900b sim=0.24 PROMOTED new='Pimoroni Tiny2350' (score=(1, 0, 17), from arduino:earlephilhower-arduino-pico/pimoroni_tiny2350/arduino) PREVIOUS-PRIMARY-DEMOTED-TO-ALT='iLabs Challenger 2040 LTE' (score=(0, 0, 25))
distinct vidpid=0x2e8a:0x910b sim=0.24 PROMOTED new='Pimoroni Tiny2350' (score=(1, 0, 17), from arduino:earlephilhower-arduino-pico/pimoroni_tiny2350/arduino) PREVIOUS-PRIMARY-DEMOTED-TO-ALT='iLabs Challenger 2040 LTE' (score=(0, 0, 25))
distinct vidpid=0x2e8a:0xd00b sim=0.24 PROMOTED new='Pimoroni Tiny2350' (score=(1, 0, 17), from arduino:earlephilhower-arduino-pico/pimoroni_tiny2350/arduino) PREVIOUS-PRIMARY-DEMOTED-TO-ALT='iLabs Challenger 2040 LTE' (score=(0, 0, 25))
distinct vidpid=0x2e8a:0xd10b sim=0.24 PROMOTED new='Pimoroni Tiny2350' (score=(1, 0, 17), from arduino:earlephilhower-arduino-pico/pimoroni_tiny2350/arduino) PREVIOUS-PRIMARY-DEMOTED-TO-ALT='iLabs Challenger 2040 LTE' (score=(0, 0, 25))
distinct vidpid=0x2e8a:0x00c0 sim=0.22 PROMOTED new='RAKwireless RAK11300' (score=(1, 0, 20), from arduino:earlephilhower-arduino-pico/rakwireless_rak11300/arduino) PREVIOUS-PRIMARY-DEMOTED-TO-ALT='Raspberry Pi Pico' (score=(0, 0, 17))
distinct vidpid=0x2341:0x025f sim=0.25 PROMOTED new='redscorp RP2040-Eins' (score=(1, 0, 20), from arduino:earlephilhower-arduino-pico/redscorp_rp2040_eins/arduino) PREVIOUS-PRIMARY-DEMOTED-TO-ALT='Arduino Nicla Vision' (score=(0, 0, 20))
distinct vidpid=0x2e8a:0x000a sim=0.10 primary-kept='Neko Systems BL2040 Mini' (score=(1, 0, 24), from arduino:earlephilhower-arduino-pico/nekosystems_bl2040_mini/arduino) alternate='Raspberry Pi Pico' (score=(0, 0, 17), from arduino:earlephilhower-arduino-pico/rpipico/arduino)
distinct vidpid=0x2e8a:0x010a sim=0.10 primary-kept='Neko Systems BL2040 Mini' (score=(1, 0, 24), from arduino:earlephilhower-arduino-pico/nekosystems_bl2040_mini/arduino) alternate='Raspberry Pi Pico' (score=(0, 0, 17), from arduino:earlephilhower-arduino-pico/rpipico/arduino)
distinct vidpid=0x2e8a:0x400a sim=0.10 primary-kept='Neko Systems BL2040 Mini' (score=(1, 0, 24), from arduino:earlephilhower-arduino-pico/nekosystems_bl2040_mini/arduino) alternate='Raspberry Pi Pico' (score=(0, 0, 17), from arduino:earlephilhower-arduino-pico/rpipico/arduino)
distinct vidpid=0x2e8a:0x410a sim=0.10 primary-kept='Neko Systems BL2040 Mini' (score=(1, 0, 24), from arduino:earlephilhower-arduino-pico/nekosystems_bl2040_mini/arduino) alternate='Raspberry Pi Pico' (score=(0, 0, 17), from arduino:earlephilhower-arduino-pico/rpipico/arduino)
distinct vidpid=0x2e8a:0x800a sim=0.10 primary-kept='Neko Systems BL2040 Mini' (score=(1, 0, 24), from arduino:earlephilhower-arduino-pico/nekosystems_bl2040_mini/arduino) alternate='Raspberry Pi Pico' (score=(0, 0, 17), from arduino:earlephilhower-arduino-pico/rpipico/arduino)
distinct vidpid=0x2e8a:0x810a sim=0.10 primary-kept='Neko Systems BL2040 Mini' (score=(1, 0, 24), from arduino:earlephilhower-arduino-pico/nekosystems_bl2040_mini/arduino) alternate='Raspberry Pi Pico' (score=(0, 0, 17), from arduino:earlephilhower-arduino-pico/rpipico/arduino)
distinct vidpid=0x2e8a:0xc00a sim=0.10 primary-kept='Neko Systems BL2040 Mini' (score=(1, 0, 24), from arduino:earlephilhower-arduino-pico/nekosystems_bl2040_mini/arduino) alternate='Raspberry Pi Pico' (score=(0, 0, 17), from arduino:earlephilhower-arduino-pico/rpipico/arduino)
distinct vidpid=0x2e8a:0xc10a sim=0.10 primary-kept='Neko Systems BL2040 Mini' (score=(1, 0, 24), from arduino:earlephilhower-arduino-pico/nekosystems_bl2040_mini/arduino) alternate='Raspberry Pi Pico' (score=(0, 0, 17), from arduino:earlephilhower-arduino-pico/rpipico/arduino)
distinct vidpid=0x2e8a:0x000f sim=0.31 primary-kept='Pimoroni Plasma2350W' (score=(1, 0, 20), from arduino:earlephilhower-arduino-pico/pimoroni_plasma2350w/arduino) alternate='Raspberry Pi Pico 2' (score=(0, 0, 19), from arduino:earlephilhower-arduino-pico/rpipico2/arduino)
distinct vidpid=0x2e8a:0x010f sim=0.31 primary-kept='Pimoroni Plasma2350W' (score=(1, 0, 20), from arduino:earlephilhower-arduino-pico/pimoroni_plasma2350w/arduino) alternate='Raspberry Pi Pico 2' (score=(0, 0, 19), from arduino:earlephilhower-arduino-pico/rpipico2/arduino)
distinct vidpid=0x2e8a:0x400f sim=0.31 primary-kept='Pimoroni Plasma2350W' (score=(1, 0, 20), from arduino:earlephilhower-arduino-pico/pimoroni_plasma2350w/arduino) alternate='Raspberry Pi Pico 2' (score=(0, 0, 19), from arduino:earlephilhower-arduino-pico/rpipico2/arduino)
distinct vidpid=0x2e8a:0x410f sim=0.31 primary-kept='Pimoroni Plasma2350W' (score=(1, 0, 20), from arduino:earlephilhower-arduino-pico/pimoroni_plasma2350w/arduino) alternate='Raspberry Pi Pico 2' (score=(0, 0, 19), from arduino:earlephilhower-arduino-pico/rpipico2/arduino)
distinct vidpid=0x2e8a:0x800f sim=0.31 primary-kept='Pimoroni Plasma2350W' (score=(1, 0, 20), from arduino:earlephilhower-arduino-pico/pimoroni_plasma2350w/arduino) alternate='Raspberry Pi Pico 2' (score=(0, 0, 19), from arduino:earlephilhower-arduino-pico/rpipico2/arduino)
distinct vidpid=0x2e8a:0x810f sim=0.31 primary-kept='Pimoroni Plasma2350W' (score=(1, 0, 20), from arduino:earlephilhower-arduino-pico/pimoroni_plasma2350w/arduino) alternate='Raspberry Pi Pico 2' (score=(0, 0, 19), from arduino:earlephilhower-arduino-pico/rpipico2/arduino)
distinct vidpid=0x2e8a:0xc00f sim=0.31 primary-kept='Pimoroni Plasma2350W' (score=(1, 0, 20), from arduino:earlephilhower-arduino-pico/pimoroni_plasma2350w/arduino) alternate='Raspberry Pi Pico 2' (score=(0, 0, 19), from arduino:earlephilhower-arduino-pico/rpipico2/arduino)
distinct vidpid=0x2e8a:0xc10f sim=0.31 primary-kept='Pimoroni Plasma2350W' (score=(1, 0, 20), from arduino:earlephilhower-arduino-pico/pimoroni_plasma2350w/arduino) alternate='Raspberry Pi Pico 2' (score=(0, 0, 19), from arduino:earlephilhower-arduino-pico/rpipico2/arduino)
distinct vidpid=0x2e8a:0xf00f sim=0.35 PROMOTED new='Raspberry Pi Pico 2W' (score=(1, 0, 20), from arduino:earlephilhower-arduino-pico/rpipico2w/arduino) PREVIOUS-PRIMARY-DEMOTED-TO-ALT='Generic RP2350' (score=(1, 0, 14))
distinct vidpid=0x2e8a:0xf10f sim=0.35 PROMOTED new='Raspberry Pi Pico 2W' (score=(1, 0, 20), from arduino:earlephilhower-arduino-pico/rpipico2w/arduino) PREVIOUS-PRIMARY-DEMOTED-TO-ALT='Generic RP2350' (score=(1, 0, 14))
distinct vidpid=0x2e8a:0xf00a sim=0.27 primary-kept='Degz Robotics Suibo RP2040' (score=(1, 0, 26), from arduino:earlephilhower-arduino-pico/degz_suibo/arduino) alternate='Raspberry Pi Pico W' (score=(0, 0, 19), from arduino:earlephilhower-arduino-pico/rpipicow/arduino)
distinct vidpid=0x2e8a:0xf10a sim=0.27 primary-kept='Degz Robotics Suibo RP2040' (score=(1, 0, 26), from arduino:earlephilhower-arduino-pico/degz_suibo/arduino) alternate='Raspberry Pi Pico W' (score=(0, 0, 19), from arduino:earlephilhower-arduino-pico/rpipicow/arduino)
distinct vidpid=0x2e8a:0xf00a sim=0.19 primary-kept='Degz Robotics Suibo RP2040' (score=(1, 0, 26), from arduino:earlephilhower-arduino-pico/degz_suibo/arduino) alternate='Generic Sea-Picro' (score=(0, 0, 17), from arduino:earlephilhower-arduino-pico/sea_picro/arduino)
distinct vidpid=0x2e8a:0xf10a sim=0.19 primary-kept='Degz Robotics Suibo RP2040' (score=(1, 0, 26), from arduino:earlephilhower-arduino-pico/degz_suibo/arduino) alternate='Generic Sea-Picro' (score=(0, 0, 17), from arduino:earlephilhower-arduino-pico/sea_picro/arduino)
distinct vidpid=0x2e8a:0x000a sim=0.34 primary-kept='Neko Systems BL2040 Mini' (score=(1, 0, 24), from arduino:earlephilhower-arduino-pico/nekosystems_bl2040_mini/arduino) alternate='Seeed XIAO RP2040' (score=(1, 0, 17), from arduino:earlephilhower-arduino-pico/seeed_xiao_rp2040/arduino)
distinct vidpid=0x2e8a:0x010a sim=0.34 primary-kept='Neko Systems BL2040 Mini' (score=(1, 0, 24), from arduino:earlephilhower-arduino-pico/nekosystems_bl2040_mini/arduino) alternate='Seeed XIAO RP2040' (score=(1, 0, 17), from arduino:earlephilhower-arduino-pico/seeed_xiao_rp2040/arduino)
distinct vidpid=0x2e8a:0x400a sim=0.34 primary-kept='Neko Systems BL2040 Mini' (score=(1, 0, 24), from arduino:earlephilhower-arduino-pico/nekosystems_bl2040_mini/arduino) alternate='Seeed XIAO RP2040' (score=(1, 0, 17), from arduino:earlephilhower-arduino-pico/seeed_xiao_rp2040/arduino)
distinct vidpid=0x2e8a:0x410a sim=0.34 primary-kept='Neko Systems BL2040 Mini' (score=(1, 0, 24), from arduino:earlephilhower-arduino-pico/nekosystems_bl2040_mini/arduino) alternate='Seeed XIAO RP2040' (score=(1, 0, 17), from arduino:earlephilhower-arduino-pico/seeed_xiao_rp2040/arduino)
distinct vidpid=0x2e8a:0x800a sim=0.34 primary-kept='Neko Systems BL2040 Mini' (score=(1, 0, 24), from arduino:earlephilhower-arduino-pico/nekosystems_bl2040_mini/arduino) alternate='Seeed XIAO RP2040' (score=(1, 0, 17), from arduino:earlephilhower-arduino-pico/seeed_xiao_rp2040/arduino)
distinct vidpid=0x2e8a:0x810a sim=0.34 primary-kept='Neko Systems BL2040 Mini' (score=(1, 0, 24), from arduino:earlephilhower-arduino-pico/nekosystems_bl2040_mini/arduino) alternate='Seeed XIAO RP2040' (score=(1, 0, 17), from arduino:earlephilhower-arduino-pico/seeed_xiao_rp2040/arduino)
distinct vidpid=0x2e8a:0xc00a sim=0.34 primary-kept='Neko Systems BL2040 Mini' (score=(1, 0, 24), from arduino:earlephilhower-arduino-pico/nekosystems_bl2040_mini/arduino) alternate='Seeed XIAO RP2040' (score=(1, 0, 17), from arduino:earlephilhower-arduino-pico/seeed_xiao_rp2040/arduino)
distinct vidpid=0x2e8a:0xc10a sim=0.34 primary-kept='Neko Systems BL2040 Mini' (score=(1, 0, 24), from arduino:earlephilhower-arduino-pico/nekosystems_bl2040_mini/arduino) alternate='Seeed XIAO RP2040' (score=(1, 0, 17), from arduino:earlephilhower-arduino-pico/seeed_xiao_rp2040/arduino)
distinct vidpid=0x2e8a:0x000a sim=0.35 primary-kept='Neko Systems BL2040 Mini' (score=(1, 0, 24), from arduino:earlephilhower-arduino-pico/nekosystems_bl2040_mini/arduino) alternate='Seeed XIAO RP2040 Plus' (score=(1, 0, 22), from arduino:earlephilhower-arduino-pico/seeed_xiao_rp2040_plus/arduino)
distinct vidpid=0x2e8a:0x010a sim=0.35 primary-kept='Neko Systems BL2040 Mini' (score=(1, 0, 24), from arduino:earlephilhower-arduino-pico/nekosystems_bl2040_mini/arduino) alternate='Seeed XIAO RP2040 Plus' (score=(1, 0, 22), from arduino:earlephilhower-arduino-pico/seeed_xiao_rp2040_plus/arduino)
distinct vidpid=0x2e8a:0x400a sim=0.35 primary-kept='Neko Systems BL2040 Mini' (score=(1, 0, 24), from arduino:earlephilhower-arduino-pico/nekosystems_bl2040_mini/arduino) alternate='Seeed XIAO RP2040 Plus' (score=(1, 0, 22), from arduino:earlephilhower-arduino-pico/seeed_xiao_rp2040_plus/arduino)
distinct vidpid=0x2e8a:0x410a sim=0.35 primary-kept='Neko Systems BL2040 Mini' (score=(1, 0, 24), from arduino:earlephilhower-arduino-pico/nekosystems_bl2040_mini/arduino) alternate='Seeed XIAO RP2040 Plus' (score=(1, 0, 22), from arduino:earlephilhower-arduino-pico/seeed_xiao_rp2040_plus/arduino)
distinct vidpid=0x2e8a:0x800a sim=0.35 primary-kept='Neko Systems BL2040 Mini' (score=(1, 0, 24), from arduino:earlephilhower-arduino-pico/nekosystems_bl2040_mini/arduino) alternate='Seeed XIAO RP2040 Plus' (score=(1, 0, 22), from arduino:earlephilhower-arduino-pico/seeed_xiao_rp2040_plus/arduino)
distinct vidpid=0x2e8a:0x810a sim=0.35 primary-kept='Neko Systems BL2040 Mini' (score=(1, 0, 24), from arduino:earlephilhower-arduino-pico/nekosystems_bl2040_mini/arduino) alternate='Seeed XIAO RP2040 Plus' (score=(1, 0, 22), from arduino:earlephilhower-arduino-pico/seeed_xiao_rp2040_plus/arduino)
distinct vidpid=0x2e8a:0xc00a sim=0.35 primary-kept='Neko Systems BL2040 Mini' (score=(1, 0, 24), from arduino:earlephilhower-arduino-pico/nekosystems_bl2040_mini/arduino) alternate='Seeed XIAO RP2040 Plus' (score=(1, 0, 22), from arduino:earlephilhower-arduino-pico/seeed_xiao_rp2040_plus/arduino)
distinct vidpid=0x2e8a:0xc10a sim=0.35 primary-kept='Neko Systems BL2040 Mini' (score=(1, 0, 24), from arduino:earlephilhower-arduino-pico/nekosystems_bl2040_mini/arduino) alternate='Seeed XIAO RP2040 Plus' (score=(1, 0, 22), from arduino:earlephilhower-arduino-pico/seeed_xiao_rp2040_plus/arduino)
distinct vidpid=0x2e8a:0x800a sim=0.39 primary-kept='Neko Systems BL2040 Mini' (score=(1, 0, 24), from arduino:earlephilhower-arduino-pico/nekosystems_bl2040_mini/arduino) alternate='VCC-GND YD RP2040' (score=(1, 0, 17), from arduino:earlephilhower-arduino-pico/vccgnd_yd_rp2040/arduino)
distinct vidpid=0x2e8a:0x810a sim=0.39 primary-kept='Neko Systems BL2040 Mini' (score=(1, 0, 24), from arduino:earlephilhower-arduino-pico/nekosystems_bl2040_mini/arduino) alternate='VCC-GND YD RP2040' (score=(1, 0, 17), from arduino:earlephilhower-arduino-pico/vccgnd_yd_rp2040/arduino)
distinct vidpid=0x2e8a:0xc00a sim=0.39 primary-kept='Neko Systems BL2040 Mini' (score=(1, 0, 24), from arduino:earlephilhower-arduino-pico/nekosystems_bl2040_mini/arduino) alternate='VCC-GND YD RP2040' (score=(1, 0, 17), from arduino:earlephilhower-arduino-pico/vccgnd_yd_rp2040/arduino)
distinct vidpid=0x2e8a:0xc10a sim=0.39 primary-kept='Neko Systems BL2040 Mini' (score=(1, 0, 24), from arduino:earlephilhower-arduino-pico/nekosystems_bl2040_mini/arduino) alternate='VCC-GND YD RP2040' (score=(1, 0, 17), from arduino:earlephilhower-arduino-pico/vccgnd_yd_rp2040/arduino)
distinct vidpid=0x2e8a:0x000a sim=0.33 primary-kept='Neko Systems BL2040 Mini' (score=(1, 0, 24), from arduino:earlephilhower-arduino-pico/nekosystems_bl2040_mini/arduino) alternate='Viyalab Mizu RP2040' (score=(1, 0, 19), from arduino:earlephilhower-arduino-pico/viyalab_mizu/arduino)
distinct vidpid=0x2e8a:0x010a sim=0.33 primary-kept='Neko Systems BL2040 Mini' (score=(1, 0, 24), from arduino:earlephilhower-arduino-pico/nekosystems_bl2040_mini/arduino) alternate='Viyalab Mizu RP2040' (score=(1, 0, 19), from arduino:earlephilhower-arduino-pico/viyalab_mizu/arduino)
distinct vidpid=0x2e8a:0x400a sim=0.33 primary-kept='Neko Systems BL2040 Mini' (score=(1, 0, 24), from arduino:earlephilhower-arduino-pico/nekosystems_bl2040_mini/arduino) alternate='Viyalab Mizu RP2040' (score=(1, 0, 19), from arduino:earlephilhower-arduino-pico/viyalab_mizu/arduino)
distinct vidpid=0x2e8a:0x410a sim=0.33 primary-kept='Neko Systems BL2040 Mini' (score=(1, 0, 24), from arduino:earlephilhower-arduino-pico/nekosystems_bl2040_mini/arduino) alternate='Viyalab Mizu RP2040' (score=(1, 0, 19), from arduino:earlephilhower-arduino-pico/viyalab_mizu/arduino)
distinct vidpid=0x2e8a:0x800a sim=0.33 primary-kept='Neko Systems BL2040 Mini' (score=(1, 0, 24), from arduino:earlephilhower-arduino-pico/nekosystems_bl2040_mini/arduino) alternate='Viyalab Mizu RP2040' (score=(1, 0, 19), from arduino:earlephilhower-arduino-pico/viyalab_mizu/arduino)
distinct vidpid=0x2e8a:0x810a sim=0.33 primary-kept='Neko Systems BL2040 Mini' (score=(1, 0, 24), from arduino:earlephilhower-arduino-pico/nekosystems_bl2040_mini/arduino) alternate='Viyalab Mizu RP2040' (score=(1, 0, 19), from arduino:earlephilhower-arduino-pico/viyalab_mizu/arduino)
distinct vidpid=0x2e8a:0xc00a sim=0.33 primary-kept='Neko Systems BL2040 Mini' (score=(1, 0, 24), from arduino:earlephilhower-arduino-pico/nekosystems_bl2040_mini/arduino) alternate='Viyalab Mizu RP2040' (score=(1, 0, 19), from arduino:earlephilhower-arduino-pico/viyalab_mizu/arduino)
distinct vidpid=0x2e8a:0xc10a sim=0.33 primary-kept='Neko Systems BL2040 Mini' (score=(1, 0, 24), from arduino:earlephilhower-arduino-pico/nekosystems_bl2040_mini/arduino) alternate='Viyalab Mizu RP2040' (score=(1, 0, 19), from arduino:earlephilhower-arduino-pico/viyalab_mizu/arduino)
distinct vidpid=0x2e8a:0x0003 sim=0.31 PROMOTED new='Waveshare RP2040 LoRa' (score=(1, 0, 21), from arduino:earlephilhower-arduino-pico/waveshare_rp2040_lora/arduino) PREVIOUS-PRIMARY-DEMOTED-TO-ALT='GroundStudio Marble Pico' (score=(0, 0, 24))
distinct vidpid=0x2e8a:0x0103 sim=0.31 PROMOTED new='Waveshare RP2040 LoRa' (score=(1, 0, 21), from arduino:earlephilhower-arduino-pico/waveshare_rp2040_lora/arduino) PREVIOUS-PRIMARY-DEMOTED-TO-ALT='GroundStudio Marble Pico' (score=(0, 0, 24))
distinct vidpid=0x2e8a:0x4003 sim=0.31 PROMOTED new='Waveshare RP2040 LoRa' (score=(1, 0, 21), from arduino:earlephilhower-arduino-pico/waveshare_rp2040_lora/arduino) PREVIOUS-PRIMARY-DEMOTED-TO-ALT='GroundStudio Marble Pico' (score=(0, 0, 24))
distinct vidpid=0x2e8a:0x4103 sim=0.31 PROMOTED new='Waveshare RP2040 LoRa' (score=(1, 0, 21), from arduino:earlephilhower-arduino-pico/waveshare_rp2040_lora/arduino) PREVIOUS-PRIMARY-DEMOTED-TO-ALT='GroundStudio Marble Pico' (score=(0, 0, 24))
distinct vidpid=0x2e8a:0x8003 sim=0.31 PROMOTED new='Waveshare RP2040 LoRa' (score=(1, 0, 21), from arduino:earlephilhower-arduino-pico/waveshare_rp2040_lora/arduino) PREVIOUS-PRIMARY-DEMOTED-TO-ALT='GroundStudio Marble Pico' (score=(0, 0, 24))
distinct vidpid=0x2e8a:0x8103 sim=0.31 PROMOTED new='Waveshare RP2040 LoRa' (score=(1, 0, 21), from arduino:earlephilhower-arduino-pico/waveshare_rp2040_lora/arduino) PREVIOUS-PRIMARY-DEMOTED-TO-ALT='GroundStudio Marble Pico' (score=(0, 0, 24))
distinct vidpid=0x2e8a:0xc003 sim=0.31 PROMOTED new='Waveshare RP2040 LoRa' (score=(1, 0, 21), from arduino:earlephilhower-arduino-pico/waveshare_rp2040_lora/arduino) PREVIOUS-PRIMARY-DEMOTED-TO-ALT='GroundStudio Marble Pico' (score=(0, 0, 24))
distinct vidpid=0x2e8a:0xc103 sim=0.31 PROMOTED new='Waveshare RP2040 LoRa' (score=(1, 0, 21), from arduino:earlephilhower-arduino-pico/waveshare_rp2040_lora/arduino) PREVIOUS-PRIMARY-DEMOTED-TO-ALT='GroundStudio Marble Pico' (score=(0, 0, 24))
distinct vidpid=0x2e8a:0x000f sim=0.23 PROMOTED new='Waveshare RP2350 PiZero' (score=(1, 0, 23), from arduino:earlephilhower-arduino-pico/waveshare_rp2350_pizero/arduino) PREVIOUS-PRIMARY-DEMOTED-TO-ALT='Pimoroni Plasma2350W' (score=(1, 0, 20))
distinct vidpid=0x2e8a:0x010f sim=0.23 PROMOTED new='Waveshare RP2350 PiZero' (score=(1, 0, 23), from arduino:earlephilhower-arduino-pico/waveshare_rp2350_pizero/arduino) PREVIOUS-PRIMARY-DEMOTED-TO-ALT='Pimoroni Plasma2350W' (score=(1, 0, 20))
distinct vidpid=0x2e8a:0x400f sim=0.23 PROMOTED new='Waveshare RP2350 PiZero' (score=(1, 0, 23), from arduino:earlephilhower-arduino-pico/waveshare_rp2350_pizero/arduino) PREVIOUS-PRIMARY-DEMOTED-TO-ALT='Pimoroni Plasma2350W' (score=(1, 0, 20))
distinct vidpid=0x2e8a:0x410f sim=0.23 PROMOTED new='Waveshare RP2350 PiZero' (score=(1, 0, 23), from arduino:earlephilhower-arduino-pico/waveshare_rp2350_pizero/arduino) PREVIOUS-PRIMARY-DEMOTED-TO-ALT='Pimoroni Plasma2350W' (score=(1, 0, 20))
distinct vidpid=0x2e8a:0x800f sim=0.23 PROMOTED new='Waveshare RP2350 PiZero' (score=(1, 0, 23), from arduino:earlephilhower-arduino-pico/waveshare_rp2350_pizero/arduino) PREVIOUS-PRIMARY-DEMOTED-TO-ALT='Pimoroni Plasma2350W' (score=(1, 0, 20))
distinct vidpid=0x2e8a:0x810f sim=0.23 PROMOTED new='Waveshare RP2350 PiZero' (score=(1, 0, 23), from arduino:earlephilhower-arduino-pico/waveshare_rp2350_pizero/arduino) PREVIOUS-PRIMARY-DEMOTED-TO-ALT='Pimoroni Plasma2350W' (score=(1, 0, 20))
distinct vidpid=0x2e8a:0xc00f sim=0.23 PROMOTED new='Waveshare RP2350 PiZero' (score=(1, 0, 23), from arduino:earlephilhower-arduino-pico/waveshare_rp2350_pizero/arduino) PREVIOUS-PRIMARY-DEMOTED-TO-ALT='Pimoroni Plasma2350W' (score=(1, 0, 20))
distinct vidpid=0x2e8a:0xc10f sim=0.23 PROMOTED new='Waveshare RP2350 PiZero' (score=(1, 0, 23), from arduino:earlephilhower-arduino-pico/waveshare_rp2350_pizero/arduino) PREVIOUS-PRIMARY-DEMOTED-TO-ALT='Pimoroni Plasma2350W' (score=(1, 0, 20))
distinct vidpid=0x2e8a:0xf00a sim=0.28 primary-kept='Degz Robotics Suibo RP2040' (score=(1, 0, 26), from arduino:earlephilhower-arduino-pico/degz_suibo/arduino) alternate='Waveshare RP2350B Plus W' (score=(1, 0, 24), from arduino:earlephilhower-arduino-pico/waveshare_rp2350b_plus_w/arduino)
distinct vidpid=0x2e8a:0xf10a sim=0.28 primary-kept='Degz Robotics Suibo RP2040' (score=(1, 0, 26), from arduino:earlephilhower-arduino-pico/degz_suibo/arduino) alternate='Waveshare RP2350B Plus W' (score=(1, 0, 24), from arduino:earlephilhower-arduino-pico/waveshare_rp2350b_plus_w/arduino)
distinct vidpid=0x2e8a:0x1128 sim=0.14 PROMOTED new='WIZnet WizFi360-EVB-Pico' (score=(1, 0, 24), from arduino:earlephilhower-arduino-pico/wiznet_wizfi360_evb_pico/arduino) PREVIOUS-PRIMARY-DEMOTED-TO-ALT='PCBCupid Glyph 2040' (score=(0, 0, 19))
distinct vidpid=0x2e8a:0x5128 sim=0.14 PROMOTED new='WIZnet WizFi360-EVB-Pico' (score=(1, 0, 24), from arduino:earlephilhower-arduino-pico/wiznet_wizfi360_evb_pico/arduino) PREVIOUS-PRIMARY-DEMOTED-TO-ALT='PCBCupid Glyph 2040' (score=(0, 0, 19))
distinct vidpid=0x2e8a:0x9128 sim=0.14 PROMOTED new='WIZnet WizFi360-EVB-Pico' (score=(1, 0, 24), from arduino:earlephilhower-arduino-pico/wiznet_wizfi360_evb_pico/arduino) PREVIOUS-PRIMARY-DEMOTED-TO-ALT='PCBCupid Glyph 2040' (score=(0, 0, 19))
distinct vidpid=0x2e8a:0xd128 sim=0.14 PROMOTED new='WIZnet WizFi360-EVB-Pico' (score=(1, 0, 24), from arduino:earlephilhower-arduino-pico/wiznet_wizfi360_evb_pico/arduino) PREVIOUS-PRIMARY-DEMOTED-TO-ALT='PCBCupid Glyph 2040' (score=(0, 0, 19))
distinct vidpid=0x2886:0x0046 sim=0.21 primary-kept='Pcbcupid GLYPH C3' (score=(1, 0, 17), from arduino:espressif-arduino-esp32/Pcbcupid_GLYPH_C3/arduino) alternate='XIAO_ESP32C3' (score=(0, 0, 12), from arduino:espressif-arduino-esp32/XIAO_ESP32C3/arduino)
distinct vidpid=0x303a:0x81fb sim=0.20 PROMOTED new='Waveshare ESP32-S3-Matrix' (score=(2, 0, 25), from arduino:espressif-arduino-esp32/ws_esp32_s3_matrix/arduino) PREVIOUS-PRIMARY-DEMOTED-TO-ALT='UM FeatherS3 Neo' (score=(1, 0, 16))
distinct vidpid=0x0483:0x5740 sim=0.31 primary-kept='3D printer boards' (score=(1, 0, 17), from arduino:stm32duino-arduino_core_stm32/3dprinter/arduino) alternate='Discovery' (score=(0, 0, 9), from arduino:stm32duino-arduino_core_stm32/Disco/arduino)
distinct vidpid=0x0483:0x5740 sim=0.31 primary-kept='3D printer boards' (score=(1, 0, 17), from arduino:stm32duino-arduino_core_stm32/3dprinter/arduino) alternate='Electronic speed controllers' (score=(0, 0, 28), from arduino:stm32duino-arduino_core_stm32/ESC_board/arduino)
distinct vidpid=0x0483:0x5740 sim=0.19 primary-kept='3D printer boards' (score=(1, 0, 17), from arduino:stm32duino-arduino_core_stm32/3dprinter/arduino) alternate='Eval' (score=(0, 0, 4), from arduino:stm32duino-arduino_core_stm32/Eval/arduino)
distinct vidpid=0x0483:0x3744 sim=0.15 primary-kept='Discovery' (score=(0, 0, 9), from arduino:stm32duino-arduino_core_stm32/Disco/arduino) alternate='Eval' (score=(0, 0, 4), from arduino:stm32duino-arduino_core_stm32/Eval/arduino)
distinct vidpid=0x0483:0x3748 sim=0.15 primary-kept='Discovery' (score=(0, 0, 9), from arduino:stm32duino-arduino_core_stm32/Disco/arduino) alternate='Eval' (score=(0, 0, 4), from arduino:stm32duino-arduino_core_stm32/Eval/arduino)
distinct vidpid=0x0483:0x374b sim=0.15 primary-kept='Discovery' (score=(0, 0, 9), from arduino:stm32duino-arduino_core_stm32/Disco/arduino) alternate='Eval' (score=(0, 0, 4), from arduino:stm32duino-arduino_core_stm32/Eval/arduino)
distinct vidpid=0x0483:0x374e sim=0.15 primary-kept='Discovery' (score=(0, 0, 9), from arduino:stm32duino-arduino_core_stm32/Disco/arduino) alternate='Eval' (score=(0, 0, 4), from arduino:stm32duino-arduino_core_stm32/Eval/arduino)
distinct vidpid=0x0483:0x374f sim=0.15 primary-kept='Discovery' (score=(0, 0, 9), from arduino:stm32duino-arduino_core_stm32/Disco/arduino) alternate='Eval' (score=(0, 0, 4), from arduino:stm32duino-arduino_core_stm32/Eval/arduino)
distinct vidpid=0x0483:0x3752 sim=0.15 primary-kept='Discovery' (score=(0, 0, 9), from arduino:stm32duino-arduino_core_stm32/Disco/arduino) alternate='Eval' (score=(0, 0, 4), from arduino:stm32duino-arduino_core_stm32/Eval/arduino)
distinct vidpid=0x0483:0x3753 sim=0.15 primary-kept='Discovery' (score=(0, 0, 9), from arduino:stm32duino-arduino_core_stm32/Disco/arduino) alternate='Eval' (score=(0, 0, 4), from arduino:stm32duino-arduino_core_stm32/Eval/arduino)
distinct vidpid=0x0483:0x5740 sim=0.11 primary-kept='3D printer boards' (score=(1, 0, 17), from arduino:stm32duino-arduino_core_stm32/3dprinter/arduino) alternate='Garatronic-McHobby' (score=(0, 0, 18), from arduino:stm32duino-arduino_core_stm32/Garatronic/arduino)
distinct vidpid=0x0483:0x5740 sim=0.31 PROMOTED new='Generic STM32F0 series' (score=(1, 0, 22), from arduino:stm32duino-arduino_core_stm32/GenF0/arduino) PREVIOUS-PRIMARY-DEMOTED-TO-ALT='3D printer boards' (score=(1, 0, 17))
distinct vidpid=0x0483:0x5740 sim=0.18 primary-kept='Generic STM32F0 series' (score=(1, 0, 22), from arduino:stm32duino-arduino_core_stm32/GenF0/arduino) alternate='LoRa boards' (score=(0, 0, 11), from arduino:stm32duino-arduino_core_stm32/LoRa/arduino)
distinct vidpid=0x0483:0x5740 sim=0.25 primary-kept='Generic STM32F0 series' (score=(1, 0, 22), from arduino:stm32duino-arduino_core_stm32/GenF0/arduino) alternate='Midatronics boards' (score=(0, 0, 18), from arduino:stm32duino-arduino_core_stm32/Midatronics/arduino)
distinct vidpid=0x0483:0x5740 sim=0.06 primary-kept='Generic STM32F0 series' (score=(1, 0, 22), from arduino:stm32duino-arduino_core_stm32/GenF0/arduino) alternate='Nucleo-144' (score=(0, 0, 10), from arduino:stm32duino-arduino_core_stm32/Nucleo_144/arduino)
distinct vidpid=0x0483:0x3744 sim=0.21 PROMOTED new='Nucleo-144' (score=(0, 0, 10), from arduino:stm32duino-arduino_core_stm32/Nucleo_144/arduino) PREVIOUS-PRIMARY-DEMOTED-TO-ALT='Discovery' (score=(0, 0, 9))
distinct vidpid=0x0483:0x3748 sim=0.21 PROMOTED new='Nucleo-144' (score=(0, 0, 10), from arduino:stm32duino-arduino_core_stm32/Nucleo_144/arduino) PREVIOUS-PRIMARY-DEMOTED-TO-ALT='Discovery' (score=(0, 0, 9))
distinct vidpid=0x0483:0x374b sim=0.21 PROMOTED new='Nucleo-144' (score=(0, 0, 10), from arduino:stm32duino-arduino_core_stm32/Nucleo_144/arduino) PREVIOUS-PRIMARY-DEMOTED-TO-ALT='Discovery' (score=(0, 0, 9))
distinct vidpid=0x0483:0x374e sim=0.21 PROMOTED new='Nucleo-144' (score=(0, 0, 10), from arduino:stm32duino-arduino_core_stm32/Nucleo_144/arduino) PREVIOUS-PRIMARY-DEMOTED-TO-ALT='Discovery' (score=(0, 0, 9))
distinct vidpid=0x0483:0x374f sim=0.21 PROMOTED new='Nucleo-144' (score=(0, 0, 10), from arduino:stm32duino-arduino_core_stm32/Nucleo_144/arduino) PREVIOUS-PRIMARY-DEMOTED-TO-ALT='Discovery' (score=(0, 0, 9))
distinct vidpid=0x0483:0x3752 sim=0.21 PROMOTED new='Nucleo-144' (score=(0, 0, 10), from arduino:stm32duino-arduino_core_stm32/Nucleo_144/arduino) PREVIOUS-PRIMARY-DEMOTED-TO-ALT='Discovery' (score=(0, 0, 9))
distinct vidpid=0x0483:0x3753 sim=0.21 PROMOTED new='Nucleo-144' (score=(0, 0, 10), from arduino:stm32duino-arduino_core_stm32/Nucleo_144/arduino) PREVIOUS-PRIMARY-DEMOTED-TO-ALT='Discovery' (score=(0, 0, 9))
distinct vidpid=0x0483:0x5740 sim=0.19 primary-kept='Generic STM32F0 series' (score=(1, 0, 22), from arduino:stm32duino-arduino_core_stm32/GenF0/arduino) alternate='Nucleo-32' (score=(0, 0, 9), from arduino:stm32duino-arduino_core_stm32/Nucleo_32/arduino)
distinct vidpid=0x0483:0x5740 sim=0.06 primary-kept='Generic STM32F0 series' (score=(1, 0, 22), from arduino:stm32duino-arduino_core_stm32/GenF0/arduino) alternate='Nucleo-64' (score=(0, 0, 9), from arduino:stm32duino-arduino_core_stm32/Nucleo_64/arduino)
distinct vidpid=0x0483:0x5740 sim=0.16 primary-kept='Generic STM32F0 series' (score=(1, 0, 22), from arduino:stm32duino-arduino_core_stm32/GenF0/arduino) alternate='SparkFun Boards' (score=(0, 0, 15), from arduino:stm32duino-arduino_core_stm32/SparkFun/arduino)
distinct vidpid=0x2341:0x8036 sim=0.33 PROMOTED new='Microduino Core USB (ATmega32U4@16M,5V)' (score=(3, 0, 39), from platformio:atmelavr/32u416m/platformio) PREVIOUS-PRIMARY-DEMOTED-TO-ALT='Arduino Leonardo' (score=(0, 0, 16))
distinct vidpid=0x2341:0x0036 sim=0.43 primary-kept='Arduino Leonardo' (score=(0, 0, 16), from arduino:arduino-arduinocore-avr/leonardo/arduino) alternate='Arduboy' (score=(0, 0, 7), from platformio:atmelavr/arduboy/platformio)
distinct vidpid=0x2341:0x8036 sim=0.17 primary-kept='Microduino Core USB (ATmega32U4@16M,5V)' (score=(3, 0, 39), from platformio:atmelavr/32u416m/platformio) alternate='Arduboy' (score=(0, 0, 7), from platformio:atmelavr/arduboy/platformio)
distinct vidpid=0x2341:0x0036 sim=0.33 primary-kept='Arduino Leonardo' (score=(0, 0, 16), from arduino:arduino-arduinocore-avr/leonardo/arduino) alternate='Arduboy DevKit' (score=(0, 0, 14), from platformio:atmelavr/arduboy_devkit/platformio)
distinct vidpid=0x2341:0x8036 sim=0.19 primary-kept='Microduino Core USB (ATmega32U4@16M,5V)' (score=(3, 0, 39), from platformio:atmelavr/32u416m/platformio) alternate='Arduboy DevKit' (score=(0, 0, 14), from platformio:atmelavr/arduboy_devkit/platformio)
distinct vidpid=0x2341:0x8036 sim=0.18 primary-kept='Microduino Core USB (ATmega32U4@16M,5V)' (score=(3, 0, 39), from platformio:atmelavr/32u416m/platformio) alternate='RedBearLab Blend' (score=(0, 0, 16), from platformio:atmelavr/blend/platformio)
distinct vidpid=0x239a:0x800a sim=0.23 primary-kept='ATMegaZero ESP32-S2' (score=(2, 0, 19), from arduino:espressif-arduino-esp32/atmegazero_esp32s2/arduino) alternate='Adafruit Bluefruit Micro' (score=(0, 0, 24), from platformio:atmelavr/bluefruitmicro/platformio)
distinct vidpid=0x2341:0x0010 sim=0.34 primary-kept='Arduino Mega or Mega 2560' (score=(0, 0, 25), from arduino:arduino-arduinocore-avr/mega/arduino) alternate='Controllino Maxi' (score=(0, 0, 16), from platformio:atmelavr/controllino_maxi/platformio)
distinct vidpid=0x2341:0x0042 sim=0.34 primary-kept='Arduino Mega or Mega 2560' (score=(0, 0, 25), from arduino:arduino-arduinocore-avr/mega/arduino) alternate='Controllino Maxi' (score=(0, 0, 16), from platformio:atmelavr/controllino_maxi/platformio)
distinct vidpid=0x2a03:0x0010 sim=0.34 primary-kept='Arduino Mega or Mega 2560' (score=(0, 0, 25), from arduino:arduino-arduinocore-avr/mega/arduino) alternate='Controllino Maxi' (score=(0, 0, 16), from platformio:atmelavr/controllino_maxi/platformio)
distinct vidpid=0x2a03:0x0042 sim=0.34 primary-kept='Arduino Mega or Mega 2560' (score=(0, 0, 25), from arduino:arduino-arduinocore-avr/mega/arduino) alternate='Controllino Maxi' (score=(0, 0, 16), from platformio:atmelavr/controllino_maxi/platformio)
distinct vidpid=0x2341:0x0010 sim=0.42 PROMOTED new='Controllino Maxi Automation' (score=(0, 0, 27), from platformio:atmelavr/controllino_maxi_automation/platformio) PREVIOUS-PRIMARY-DEMOTED-TO-ALT='Arduino Mega or Mega 2560' (score=(0, 0, 25))
distinct vidpid=0x2341:0x0042 sim=0.42 PROMOTED new='Controllino Maxi Automation' (score=(0, 0, 27), from platformio:atmelavr/controllino_maxi_automation/platformio) PREVIOUS-PRIMARY-DEMOTED-TO-ALT='Arduino Mega or Mega 2560' (score=(0, 0, 25))
distinct vidpid=0x2a03:0x0010 sim=0.42 PROMOTED new='Controllino Maxi Automation' (score=(0, 0, 27), from platformio:atmelavr/controllino_maxi_automation/platformio) PREVIOUS-PRIMARY-DEMOTED-TO-ALT='Arduino Mega or Mega 2560' (score=(0, 0, 25))
distinct vidpid=0x2a03:0x0042 sim=0.42 PROMOTED new='Controllino Maxi Automation' (score=(0, 0, 27), from platformio:atmelavr/controllino_maxi_automation/platformio) PREVIOUS-PRIMARY-DEMOTED-TO-ALT='Arduino Mega or Mega 2560' (score=(0, 0, 25))
distinct vidpid=0x2341:0x0043 sim=0.44 PROMOTED new='Controllino Mini' (score=(0, 0, 16), from platformio:atmelavr/controllino_mini/platformio) PREVIOUS-PRIMARY-DEMOTED-TO-ALT='Arduino UNO' (score=(0, 0, 11))
distinct vidpid=0x2341:0x0001 sim=0.44 PROMOTED new='Controllino Mini' (score=(0, 0, 16), from platformio:atmelavr/controllino_mini/platformio) PREVIOUS-PRIMARY-DEMOTED-TO-ALT='Arduino UNO' (score=(0, 0, 11))
distinct vidpid=0x2a03:0x0043 sim=0.44 PROMOTED new='Controllino Mini' (score=(0, 0, 16), from platformio:atmelavr/controllino_mini/platformio) PREVIOUS-PRIMARY-DEMOTED-TO-ALT='Arduino UNO' (score=(0, 0, 11))
distinct vidpid=0x2341:0x0043 sim=0.33 PROMOTED new='Elektor Uno R4' (score=(1, 0, 14), from platformio:atmelavr/elektor_uno_r4/platformio) PREVIOUS-PRIMARY-DEMOTED-TO-ALT='Controllino Mini' (score=(0, 0, 16))
distinct vidpid=0x2341:0x0001 sim=0.33 PROMOTED new='Elektor Uno R4' (score=(1, 0, 14), from platformio:atmelavr/elektor_uno_r4/platformio) PREVIOUS-PRIMARY-DEMOTED-TO-ALT='Controllino Mini' (score=(0, 0, 16))
distinct vidpid=0x2341:0x0243 sim=0.40 PROMOTED new='Elektor Uno R4' (score=(1, 0, 14), from platformio:atmelavr/elektor_uno_r4/platformio) PREVIOUS-PRIMARY-DEMOTED-TO-ALT='Arduino UNO' (score=(0, 0, 11))
distinct vidpid=0x2a03:0x0043 sim=0.33 PROMOTED new='Elektor Uno R4' (score=(1, 0, 14), from platformio:atmelavr/elektor_uno_r4/platformio) PREVIOUS-PRIMARY-DEMOTED-TO-ALT='Controllino Mini' (score=(0, 0, 16))
distinct vidpid=0x1b4f:0x9208 sim=0.41 primary-kept='LilyPad Arduino USB' (score=(0, 0, 19), from arduino:arduino-arduinocore-avr/LilyPadUSB/arduino) alternate='Engduino 3' (score=(0, 0, 10), from platformio:atmelavr/engduinov3/platformio)
distinct vidpid=0x2341:0x8036 sim=0.33 primary-kept='Microduino Core USB (ATmega32U4@16M,5V)' (score=(3, 0, 39), from platformio:atmelavr/32u416m/platformio) alternate='Arduino Leonardo' (score=(0, 0, 16), from platformio:atmelavr/leonardo/platformio)
distinct vidpid=0x239a:0x800c sim=0.18 PROMOTED new='LoRa32u4II (868-915MHz)' (score=(2, 1, 23), from platformio:atmelavr/lora32u4II/platformio) PREVIOUS-PRIMARY-DEMOTED-TO-ALT='Adafruit Feather 328P' (score=(1, 0, 21))
distinct vidpid=0x2341:0x0042 sim=0.32 PROMOTED new='Arduino Mega or Mega 2560 ATmega2560 (Mega 2560)' (score=(1, 0, 48), from platformio:atmelavr/megaatmega2560/platformio) PREVIOUS-PRIMARY-DEMOTED-TO-ALT='Controllino Maxi Automation' (score=(0, 0, 27))
distinct vidpid=0x2341:0x0036 sim=0.20 primary-kept='Arduino Leonardo' (score=(0, 0, 16), from arduino:arduino-arduinocore-avr/leonardo/arduino) alternate='The Things Uno' (score=(0, 0, 14), from platformio:atmelavr/the_things_uno/platformio)
distinct vidpid=0x2341:0x8036 sim=0.15 primary-kept='Microduino Core USB (ATmega32U4@16M,5V)' (score=(3, 0, 39), from platformio:atmelavr/32u416m/platformio) alternate='The Things Uno' (score=(0, 0, 14), from platformio:atmelavr/the_things_uno/platformio)
distinct vidpid=0x2a03:0x0036 sim=0.20 primary-kept='Arduino Leonardo' (score=(0, 0, 16), from arduino:arduino-arduinocore-avr/leonardo/arduino) alternate='The Things Uno' (score=(0, 0, 14), from platformio:atmelavr/the_things_uno/platformio)
distinct vidpid=0x2a03:0x8036 sim=0.20 primary-kept='Arduino Leonardo' (score=(0, 0, 16), from arduino:arduino-arduinocore-avr/leonardo/arduino) alternate='The Things Uno' (score=(0, 0, 14), from platformio:atmelavr/the_things_uno/platformio)
distinct vidpid=0x2341:0x0043 sim=0.40 primary-kept='Elektor Uno R4' (score=(1, 0, 14), from platformio:atmelavr/elektor_uno_r4/platformio) alternate='Arduino Uno' (score=(0, 0, 11), from platformio:atmelavr/uno/platformio)
distinct vidpid=0x2341:0x0001 sim=0.40 primary-kept='Elektor Uno R4' (score=(1, 0, 14), from platformio:atmelavr/elektor_uno_r4/platformio) alternate='Arduino Uno' (score=(0, 0, 11), from platformio:atmelavr/uno/platformio)
distinct vidpid=0x2341:0x0243 sim=0.40 primary-kept='Elektor Uno R4' (score=(1, 0, 14), from platformio:atmelavr/elektor_uno_r4/platformio) alternate='Arduino Uno' (score=(0, 0, 11), from platformio:atmelavr/uno/platformio)
distinct vidpid=0x2a03:0x0043 sim=0.40 primary-kept='Elektor Uno R4' (score=(1, 0, 14), from platformio:atmelavr/elektor_uno_r4/platformio) alternate='Arduino Uno' (score=(0, 0, 11), from platformio:atmelavr/uno/platformio)
distinct vidpid=0x2341:0x8054 sim=0.27 PROMOTED new='Minitronics v2.0' (score=(1, 0, 16), from platformio:atmelsam/minitronics20/platformio) PREVIOUS-PRIMARY-DEMOTED-TO-ALT='Arduino MKR WiFi 1010' (score=(0, 0, 21))
distinct vidpid=0x2341:0x0054 sim=0.27 PROMOTED new='Minitronics v2.0' (score=(1, 0, 16), from platformio:atmelsam/minitronics20/platformio) PREVIOUS-PRIMARY-DEMOTED-TO-ALT='Arduino MKR WiFi 1010' (score=(0, 0, 21))
distinct vidpid=0x2341:0x8054 sim=0.32 primary-kept='Minitronics v2.0' (score=(1, 0, 16), from platformio:atmelsam/minitronics20/platformio) alternate='Arduino MKR WiFi 1010' (score=(0, 0, 21), from platformio:atmelsam/mkrwifi1010/platformio)
distinct vidpid=0x2341:0x0054 sim=0.32 primary-kept='Minitronics v2.0' (score=(1, 0, 16), from platformio:atmelsam/minitronics20/platformio) alternate='Arduino MKR WiFi 1010' (score=(0, 0, 21), from platformio:atmelsam/mkrwifi1010/platformio)
distinct vidpid=0x04d8:0xeee5 sim=0.17 PROMOTED new='Moteino M0' (score=(1, 0, 10), from platformio:atmelsam/moteino_zero/platformio) PREVIOUS-PRIMARY-DEMOTED-TO-ALT='LowPowerLab CurrentRanger' (score=(0, 0, 25))
distinct vidpid=0x04d8:0xeee4 sim=0.17 PROMOTED new='Moteino M0' (score=(1, 0, 10), from platformio:atmelsam/moteino_zero/platformio) PREVIOUS-PRIMARY-DEMOTED-TO-ALT='LowPowerLab CurrentRanger' (score=(0, 0, 25))
distinct vidpid=0x03eb:0x2111 sim=0.23 primary-kept='Arduino M0 Pro (Programming Port)' (score=(1, 1, 33), from arduino:arduino-arduinocore-samd/mzero_pro_bl_dbg/arduino) alternate='Atmel ATSAMW25-XPRO' (score=(1, 0, 19), from platformio:atmelsam/samd21g18a/platformio)
distinct vidpid=0x2341:0x804d sim=0.42 primary-kept='Arduino Zero (Programming Port)' (score=(0, 1, 31), from arduino:arduino-arduinocore-samd/arduino_zero_edbg/arduino) alternate='Seeeduino LoRaWAN' (score=(0, 0, 17), from platformio:atmelsam/seeeduino_lorawan/platformio)
distinct vidpid=0x2341:0x004d sim=0.34 primary-kept='Arduino Zero (Native USB Port)' (score=(0, 0, 30), from arduino:arduino-arduinocore-samd/arduino_zero_native/arduino) alternate='Seeeduino LoRaWAN' (score=(0, 0, 17), from platformio:atmelsam/seeeduino_lorawan/platformio)
distinct vidpid=0x2341:0x824d sim=0.34 primary-kept='Arduino Zero (Native USB Port)' (score=(0, 0, 30), from arduino:arduino-arduinocore-samd/arduino_zero_native/arduino) alternate='Seeeduino LoRaWAN' (score=(0, 0, 17), from platformio:atmelsam/seeeduino_lorawan/platformio)
distinct vidpid=0x2341:0x804d sim=0.22 primary-kept='Arduino Zero (Programming Port)' (score=(0, 1, 31), from arduino:arduino-arduinocore-samd/arduino_zero_edbg/arduino) alternate='SODAQ Autonomo' (score=(0, 0, 14), from platformio:atmelsam/sodaq_autonomo/platformio)
distinct vidpid=0x2341:0x004d sim=0.23 primary-kept='Arduino Zero (Native USB Port)' (score=(0, 0, 30), from arduino:arduino-arduinocore-samd/arduino_zero_native/arduino) alternate='SODAQ Autonomo' (score=(0, 0, 14), from platformio:atmelsam/sodaq_autonomo/platformio)
distinct vidpid=0x2341:0x804d sim=0.18 primary-kept='Arduino Zero (Programming Port)' (score=(0, 1, 31), from arduino:arduino-arduinocore-samd/arduino_zero_edbg/arduino) alternate='SODAQ ExpLoRer' (score=(0, 0, 14), from platformio:atmelsam/sodaq_explorer/platformio)
distinct vidpid=0x2341:0x004d sim=0.18 primary-kept='Arduino Zero (Native USB Port)' (score=(0, 0, 30), from arduino:arduino-arduinocore-samd/arduino_zero_native/arduino) alternate='SODAQ ExpLoRer' (score=(0, 0, 14), from platformio:atmelsam/sodaq_explorer/platformio)
distinct vidpid=0x2341:0x804d sim=0.15 primary-kept='Arduino Zero (Programming Port)' (score=(0, 1, 31), from arduino:arduino-arduinocore-samd/arduino_zero_edbg/arduino) alternate='SODAQ ONE' (score=(0, 0, 9), from platformio:atmelsam/sodaq_one/platformio)
distinct vidpid=0x2341:0x004d sim=0.15 primary-kept='Arduino Zero (Native USB Port)' (score=(0, 0, 30), from arduino:arduino-arduinocore-samd/arduino_zero_native/arduino) alternate='SODAQ ONE' (score=(0, 0, 9), from platformio:atmelsam/sodaq_one/platformio)
distinct vidpid=0x2341:0x804d sim=0.15 primary-kept='Arduino Zero (Programming Port)' (score=(0, 1, 31), from arduino:arduino-arduinocore-samd/arduino_zero_edbg/arduino) alternate='SODAQ SARA' (score=(0, 0, 10), from platformio:atmelsam/sodaq_sara/platformio)
distinct vidpid=0x2341:0x004d sim=0.15 primary-kept='Arduino Zero (Native USB Port)' (score=(0, 0, 30), from arduino:arduino-arduinocore-samd/arduino_zero_native/arduino) alternate='SODAQ SARA' (score=(0, 0, 10), from platformio:atmelsam/sodaq_sara/platformio)
distinct vidpid=0x2341:0x804d sim=0.10 primary-kept='Arduino Zero (Programming Port)' (score=(0, 1, 31), from arduino:arduino-arduinocore-samd/arduino_zero_edbg/arduino) alternate='SODAQ SFF' (score=(0, 0, 9), from platformio:atmelsam/sodaq_sff/platformio)
distinct vidpid=0x2341:0x004d sim=0.15 primary-kept='Arduino Zero (Native USB Port)' (score=(0, 0, 30), from arduino:arduino-arduinocore-samd/arduino_zero_native/arduino) alternate='SODAQ SFF' (score=(0, 0, 9), from platformio:atmelsam/sodaq_sff/platformio)
distinct vidpid=0x303a:0x1001 sim=0.30 PROMOTED new='4D Systems GEN4-ESP32 16MB (ESP32S3-R8N16)' (score=(6, 1, 42), from platformio:espressif32/4d_systems_esp32s3_gen4_r8n16/platformio) PREVIOUS-PRIMARY-DEMOTED-TO-ALT='ESP32 Family Device' (score=(1, 0, 19))
distinct vidpid=0x303a:0x1001 sim=0.31 primary-kept='4D Systems GEN4-ESP32 16MB (ESP32S3-R8N16)' (score=(6, 1, 42), from platformio:espressif32/4d_systems_esp32s3_gen4_r8n16/platformio) alternate='Adafruit QT Py ESP32-C3' (score=(2, 0, 23), from platformio:espressif32/adafruit_qtpy_esp32c3/platformio)
distinct vidpid=0x303a:0x1001 sim=0.13 primary-kept='4D Systems GEN4-ESP32 16MB (ESP32S3-R8N16)' (score=(6, 1, 42), from platformio:espressif32/4d_systems_esp32s3_gen4_r8n16/platformio) alternate='ArtronShop ATD1.47-S3' (score=(2, 0, 21), from platformio:espressif32/atd147_s3/platformio)
distinct vidpid=0x303a:0x1001 sim=0.14 primary-kept='4D Systems GEN4-ESP32 16MB (ESP32S3-R8N16)' (score=(6, 1, 42), from platformio:espressif32/4d_systems_esp32s3_gen4_r8n16/platformio) alternate='Aventen S3 Sync' (score=(1, 0, 15), from platformio:espressif32/aventen_s3_sync/platformio)
distinct vidpid=0x303a:0x1001 sim=0.26 primary-kept='4D Systems GEN4-ESP32 16MB (ESP32S3-R8N16)' (score=(6, 1, 42), from platformio:espressif32/4d_systems_esp32s3_gen4_r8n16/platformio) alternate='cezerio dev ESP32C6' (score=(1, 0, 19), from platformio:espressif32/cezerio_dev_esp32c6/platformio)
distinct vidpid=0x303a:0x1001 sim=0.24 primary-kept='4D Systems GEN4-ESP32 16MB (ESP32S3-R8N16)' (score=(6, 1, 42), from platformio:espressif32/4d_systems_esp32s3_gen4_r8n16/platformio) alternate='cezerio mini dev ESP32C6' (score=(1, 0, 24), from platformio:espressif32/cezerio_mini_dev_esp32c6/platformio)
distinct vidpid=0x303a:0x1001 sim=0.34 primary-kept='4D Systems GEN4-ESP32 16MB (ESP32S3-R8N16)' (score=(6, 1, 42), from platformio:espressif32/4d_systems_esp32s3_gen4_r8n16/platformio) alternate='DFRobot Beetle ESP32-C3' (score=(2, 0, 23), from platformio:espressif32/dfrobot_beetle_esp32c3/platformio)
distinct vidpid=0x303a:0x1001 sim=0.34 primary-kept='4D Systems GEN4-ESP32 16MB (ESP32S3-R8N16)' (score=(6, 1, 42), from platformio:espressif32/4d_systems_esp32s3_gen4_r8n16/platformio) alternate='DFRobot Firebeetle 2 ESP32-S3' (score=(2, 0, 29), from platformio:espressif32/dfrobot_firebeetle2_esp32s3/platformio)
distinct vidpid=0x303a:0x1001 sim=0.34 primary-kept='4D Systems GEN4-ESP32 16MB (ESP32S3-R8N16)' (score=(6, 1, 42), from platformio:espressif32/4d_systems_esp32s3_gen4_r8n16/platformio) alternate='DFRobot Romeo ESP32-S3' (score=(2, 0, 22), from platformio:espressif32/dfrobot_romeo_esp32s3/platformio)
distinct vidpid=0x0403:0x6010 sim=0.16 primary-kept='RVfpga: Digilent Nexys A7' (score=(1, 0, 25), from platformio:chipsalliance/swervolf_nexys/platformio) alternate='Espressif ESP-WROVER-KIT' (score=(0, 0, 24), from platformio:espressif32/esp-wrover-kit/platformio)
distinct vidpid=0x303a:0x1001 sim=0.28 primary-kept='4D Systems GEN4-ESP32 16MB (ESP32S3-R8N16)' (score=(6, 1, 42), from platformio:espressif32/4d_systems_esp32s3_gen4_r8n16/platformio) alternate='Espressif ESP32-S3-DevKitC-1-N8 (8 MB QD, No PSRAM)' (score=(3, 1, 51), from platformio:espressif32/esp32-s3-devkitc-1/platformio)
distinct vidpid=0x303a:0x1001 sim=0.29 primary-kept='4D Systems GEN4-ESP32 16MB (ESP32S3-R8N16)' (score=(6, 1, 42), from platformio:espressif32/4d_systems_esp32s3_gen4_r8n16/platformio) alternate='Espressif ESP32-S3-DevKitM-1' (score=(2, 0, 28), from platformio:espressif32/esp32-s3-devkitm-1/platformio)
distinct vidpid=0x303a:0x1001 sim=0.28 primary-kept='4D Systems GEN4-ESP32 16MB (ESP32S3-R8N16)' (score=(6, 1, 42), from platformio:espressif32/4d_systems_esp32s3_gen4_r8n16/platformio) alternate='Espressif ESP32-S3-Box' (score=(2, 0, 22), from platformio:espressif32/esp32s3box/platformio)
distinct vidpid=0x303a:0x1001 sim=0.25 primary-kept='4D Systems GEN4-ESP32 16MB (ESP32S3-R8N16)' (score=(6, 1, 42), from platformio:espressif32/4d_systems_esp32s3_gen4_r8n16/platformio) alternate='ESP32S3 CAM LCD' (score=(1, 0, 15), from platformio:espressif32/esp32s3camlcd/platformio)
distinct vidpid=0x303a:0x1001 sim=0.26 primary-kept='4D Systems GEN4-ESP32 16MB (ESP32S3-R8N16)' (score=(6, 1, 42), from platformio:espressif32/4d_systems_esp32s3_gen4_r8n16/platformio) alternate='Espressif ESP32-S3-USB-OTG' (score=(2, 0, 26), from platformio:espressif32/esp32s3usbotg/platformio)
distinct vidpid=0x303a:0x1001 sim=0.36 primary-kept='4D Systems GEN4-ESP32 16MB (ESP32S3-R8N16)' (score=(6, 1, 42), from platformio:espressif32/4d_systems_esp32s3_gen4_r8n16/platformio) alternate='Freenove ESP32-S3 WROOM N8R8 (8MB Flash / 8MB PSRAM)' (score=(5, 1, 52), from platformio:espressif32/freenove_esp32_s3_wroom/platformio)
distinct vidpid=0x303a:0x1001 sim=0.28 primary-kept='4D Systems GEN4-ESP32 16MB (ESP32S3-R8N16)' (score=(6, 1, 42), from platformio:espressif32/4d_systems_esp32s3_gen4_r8n16/platformio) alternate='Heltec WiFi Kit 32 (V3)' (score=(1, 0, 23), from platformio:espressif32/heltec_wifi_kit_32_V3/platformio)
distinct vidpid=0x303a:0x1001 sim=0.27 primary-kept='4D Systems GEN4-ESP32 16MB (ESP32S3-R8N16)' (score=(6, 1, 42), from platformio:espressif32/4d_systems_esp32s3_gen4_r8n16/platformio) alternate='Heltec WiFi LoRa 32 (V3)' (score=(1, 0, 24), from platformio:espressif32/heltec_wifi_lora_32_V3/platformio)
distinct vidpid=0x239a:0x8145 sim=0.19 primary-kept='Adafruit Metro ESP32-S3' (score=(2, 0, 23), from arduino:espressif-arduino-esp32/adafruit_metro_esp32s3/arduino) alternate='Lilka v2' (score=(1, 0, 8), from platformio:espressif32/lilka_v2/platformio)
distinct vidpid=0x239a:0x0145 sim=0.19 primary-kept='Adafruit Metro ESP32-S3' (score=(2, 0, 23), from arduino:espressif-arduino-esp32/adafruit_metro_esp32s3/arduino) alternate='Lilka v2' (score=(1, 0, 8), from platformio:espressif32/lilka_v2/platformio)
distinct vidpid=0x239a:0x8146 sim=0.19 primary-kept='Adafruit Metro ESP32-S3' (score=(2, 0, 23), from arduino:espressif-arduino-esp32/adafruit_metro_esp32s3/arduino) alternate='Lilka v2' (score=(1, 0, 8), from platformio:espressif32/lilka_v2/platformio)
distinct vidpid=0x303a:0x1001 sim=0.16 primary-kept='4D Systems GEN4-ESP32 16MB (ESP32S3-R8N16)' (score=(6, 1, 42), from platformio:espressif32/4d_systems_esp32s3_gen4_r8n16/platformio) alternate='LilyGo T-Display-S3' (score=(1, 0, 19), from platformio:espressif32/lilygo-t-display-s3/platformio)
distinct vidpid=0x303a:0x1001 sim=0.32 primary-kept='4D Systems GEN4-ESP32 16MB (ESP32S3-R8N16)' (score=(6, 1, 42), from platformio:espressif32/4d_systems_esp32s3_gen4_r8n16/platformio) alternate='Lion:Bit S3 STEM Dev Board' (score=(1, 0, 26), from platformio:espressif32/lionbits3/platformio)
distinct vidpid=0x303a:0x1001 sim=0.30 primary-kept='4D Systems GEN4-ESP32 16MB (ESP32S3-R8N16)' (score=(6, 1, 42), from platformio:espressif32/4d_systems_esp32s3_gen4_r8n16/platformio) alternate='WEMOS LOLIN C3 Mini' (score=(1, 0, 19), from platformio:espressif32/lolin_c3_mini/platformio)
distinct vidpid=0x303a:0x1001 sim=0.11 primary-kept='4D Systems GEN4-ESP32 16MB (ESP32S3-R8N16)' (score=(6, 1, 42), from platformio:espressif32/4d_systems_esp32s3_gen4_r8n16/platformio) alternate='WEMOS LOLIN S3' (score=(1, 0, 14), from platformio:espressif32/lolin_s3/platformio)
distinct vidpid=0x303a:0x1001 sim=0.18 primary-kept='4D Systems GEN4-ESP32 16MB (ESP32S3-R8N16)' (score=(6, 1, 42), from platformio:espressif32/4d_systems_esp32s3_gen4_r8n16/platformio) alternate='M5Stack AtomS3' (score=(2, 0, 14), from platformio:espressif32/m5stack-atoms3/platformio)
distinct vidpid=0x303a:0x1001 sim=0.25 primary-kept='4D Systems GEN4-ESP32 16MB (ESP32S3-R8N16)' (score=(6, 1, 42), from platformio:espressif32/4d_systems_esp32s3_gen4_r8n16/platformio) alternate='M5Stack StampS3' (score=(2, 0, 15), from platformio:espressif32/m5stack-stamps3/platformio)
distinct vidpid=0x303a:0x1001 sim=0.45 primary-kept='4D Systems GEN4-ESP32 16MB (ESP32S3-R8N16)' (score=(6, 1, 42), from platformio:espressif32/4d_systems_esp32s3_gen4_r8n16/platformio) alternate='MotorGo Mini 1 (ESP32-S3)' (score=(2, 0, 25), from platformio:espressif32/motorgo_mini_1/platformio)
distinct vidpid=0x303a:0x1001 sim=0.07 primary-kept='4D Systems GEN4-ESP32 16MB (ESP32S3-R8N16)' (score=(6, 1, 42), from platformio:espressif32/4d_systems_esp32s3_gen4_r8n16/platformio) alternate='Namino Arancio' (score=(0, 0, 14), from platformio:espressif32/namino_arancio/platformio)
distinct vidpid=0x303a:0x1001 sim=0.11 primary-kept='4D Systems GEN4-ESP32 16MB (ESP32S3-R8N16)' (score=(6, 1, 42), from platformio:espressif32/4d_systems_esp32s3_gen4_r8n16/platformio) alternate='Namino Rosso' (score=(0, 0, 12), from platformio:espressif32/namino_rosso/platformio)
distinct vidpid=0x303a:0x1001 sim=0.12 primary-kept='4D Systems GEN4-ESP32 16MB (ESP32S3-R8N16)' (score=(6, 1, 42), from platformio:espressif32/4d_systems_esp32s3_gen4_r8n16/platformio) alternate='Kinetic Dynamics Nebula S3' (score=(1, 0, 26), from platformio:espressif32/nebulas3/platformio)
distinct vidpid=0x0403:0x6010 sim=0.22 primary-kept='RVfpga: Digilent Nexys A7' (score=(1, 0, 25), from platformio:chipsalliance/swervolf_nexys/platformio) alternate='YeaCreate NSCREEN-32' (score=(0, 0, 20), from platformio:espressif32/nscreen-32/platformio)
distinct vidpid=0x303a:0x80f8 sim=0.21 PROMOTED new='Munich Labs RedPill ESP32-S3' (score=(2, 0, 28), from platformio:espressif32/redpill_esp32s3/platformio) PREVIOUS-PRIMARY-DEMOTED-TO-ALT='Cytron Maker Feather AIoT S3' (score=(1, 0, 28))
distinct vidpid=0x303a:0x1001 sim=0.28 primary-kept='4D Systems GEN4-ESP32 16MB (ESP32S3-R8N16)' (score=(6, 1, 42), from platformio:espressif32/4d_systems_esp32s3_gen4_r8n16/platformio) alternate='RYMCU ESP32-S3-DevKitC-1-N8R2 (8 MB QD, 2 MB PSRAM)' (score=(3, 1, 51), from platformio:espressif32/rymcu-esp32-s3-devkitc-1/platformio)
distinct vidpid=0x2886:0x0046 sim=0.24 PROMOTED new='Seeed Studio XIAO ESP32C3' (score=(1, 0, 25), from platformio:espressif32/seeed_xiao_esp32c3/platformio) PREVIOUS-PRIMARY-DEMOTED-TO-ALT='Pcbcupid GLYPH C3' (score=(1, 0, 17))
distinct vidpid=0x303a:0x1001 sim=0.33 primary-kept='4D Systems GEN4-ESP32 16MB (ESP32S3-R8N16)' (score=(6, 1, 42), from platformio:espressif32/4d_systems_esp32s3_gen4_r8n16/platformio) alternate='Seeed Studio XIAO ESP32C3' (score=(1, 0, 25), from platformio:espressif32/seeed_xiao_esp32c3/platformio)
distinct vidpid=0x303a:0x1001 sim=0.14 primary-kept='4D Systems GEN4-ESP32 16MB (ESP32S3-R8N16)' (score=(6, 1, 42), from platformio:espressif32/4d_systems_esp32s3_gen4_r8n16/platformio) alternate='TAMC Termod S3' (score=(1, 0, 14), from platformio:espressif32/tamc_termod_s3/platformio)
distinct vidpid=0x303a:0x80d0 sim=0.34 PROMOTED new='Unexpected Maker FeatherS3' (score=(1, 0, 26), from platformio:espressif32/um_feathers3/platformio) PREVIOUS-PRIMARY-DEMOTED-TO-ALT='UM TinyS3' (score=(1, 0, 9))
distinct vidpid=0x303a:0x1001 sim=0.22 primary-kept='4D Systems GEN4-ESP32 16MB (ESP32S3-R8N16)' (score=(6, 1, 42), from platformio:espressif32/4d_systems_esp32s3_gen4_r8n16/platformio) alternate='Unexpected Maker PROS3' (score=(1, 0, 22), from platformio:espressif32/um_pros3/platformio)
distinct vidpid=0x303a:0x1001 sim=0.30 primary-kept='4D Systems GEN4-ESP32 16MB (ESP32S3-R8N16)' (score=(6, 1, 42), from platformio:espressif32/4d_systems_esp32s3_gen4_r8n16/platformio) alternate='Valetron Systems VALTRACK-V4MVF' (score=(1, 0, 31), from platformio:espressif32/valtrack_v4_mfw_esp32_c3/platformio)
distinct vidpid=0x303a:0x1001 sim=0.30 primary-kept='4D Systems GEN4-ESP32 16MB (ESP32S3-R8N16)' (score=(6, 1, 42), from platformio:espressif32/4d_systems_esp32s3_gen4_r8n16/platformio) alternate='Valetron Systems VALTRACK-V4VTS' (score=(1, 0, 31), from platformio:espressif32/valtrack_v4_vts_esp32_c3/platformio)
distinct vidpid=0x303a:0x1001 sim=0.31 primary-kept='4D Systems GEN4-ESP32 16MB (ESP32S3-R8N16)' (score=(6, 1, 42), from platformio:espressif32/4d_systems_esp32s3_gen4_r8n16/platformio) alternate='WeAct Studio ESP32C3CoreBoard' (score=(1, 0, 29), from platformio:espressif32/weactstudio_esp32c3coreboard/platformio)
distinct vidpid=0x303a:0x1001 sim=0.19 primary-kept='4D Systems GEN4-ESP32 16MB (ESP32S3-R8N16)' (score=(6, 1, 42), from platformio:espressif32/4d_systems_esp32s3_gen4_r8n16/platformio) alternate='Blinker WiFiduino32S3' (score=(1, 0, 21), from platformio:espressif32/wifiduino32s3/platformio)
distinct vidpid=0x0403:0x6010 sim=0.26 primary-kept='RVfpga: Digilent Nexys A7' (score=(1, 0, 25), from platformio:chipsalliance/swervolf_nexys/platformio) alternate='Lattice iCEstick FPGA Evaluation Kit' (score=(0, 0, 36), from platformio:lattice_ice40/icestick/platformio)
distinct vidpid=0x0403:0x6010 sim=0.22 primary-kept='RVfpga: Digilent Nexys A7' (score=(1, 0, 25), from platformio:chipsalliance/swervolf_nexys/platformio) alternate='IceZUM Alhambra FPGA' (score=(0, 0, 20), from platformio:lattice_ice40/icezum/platformio)
distinct vidpid=0x239a:0x8029 sim=0.47 PROMOTED new='Adafruit Bluefruit nRF52832 Feather' (score=(1, 0, 35), from platformio:nordicnrf52/adafruit_feather_nrf52832/platformio) PREVIOUS-PRIMARY-DEMOTED-TO-ALT='Adafruit Feather nRF52840 Express' (score=(1, 0, 33))
distinct vidpid=0x239a:0x0029 sim=0.47 PROMOTED new='Adafruit Bluefruit nRF52832 Feather' (score=(1, 0, 35), from platformio:nordicnrf52/adafruit_feather_nrf52832/platformio) PREVIOUS-PRIMARY-DEMOTED-TO-ALT='Adafruit Feather nRF52840 Express' (score=(1, 0, 33))
distinct vidpid=0x239a:0x002a sim=0.47 PROMOTED new='Adafruit Bluefruit nRF52832 Feather' (score=(1, 0, 35), from platformio:nordicnrf52/adafruit_feather_nrf52832/platformio) PREVIOUS-PRIMARY-DEMOTED-TO-ALT='Adafruit Feather nRF52840 Express' (score=(1, 0, 33))
distinct vidpid=0x239a:0x802a sim=0.47 PROMOTED new='Adafruit Bluefruit nRF52832 Feather' (score=(1, 0, 35), from platformio:nordicnrf52/adafruit_feather_nrf52832/platformio) PREVIOUS-PRIMARY-DEMOTED-TO-ALT='Adafruit Feather nRF52840 Express' (score=(1, 0, 33))
distinct vidpid=0x0d28:0x0204 sim=0.29 PROMOTED new='Calliope Mini v3' (score=(1, 0, 16), from platformio:nordicnrf52/calliopemini_v3/platformio) PREVIOUS-PRIMARY-DEMOTED-TO-ALT='STeaMi Board' (score=(0, 0, 12))
distinct vidpid=0x239a:0x8029 sim=0.29 primary-kept='Adafruit Bluefruit nRF52832 Feather' (score=(1, 0, 35), from platformio:nordicnrf52/adafruit_feather_nrf52832/platformio) alternate='Nordic nRF52840-DK (Adafruit BSP)' (score=(1, 0, 33), from platformio:nordicnrf52/nrf52840_dk_adafruit/platformio)
distinct vidpid=0x239a:0x8029 sim=0.24 primary-kept='Adafruit Bluefruit nRF52832 Feather' (score=(1, 0, 35), from platformio:nordicnrf52/adafruit_feather_nrf52832/platformio) alternate='Particle Xenon' (score=(0, 0, 14), from platformio:nordicnrf52/particle_xenon/platformio)
distinct vidpid=0x0d28:0x0204 sim=0.12 primary-kept='Calliope Mini v3' (score=(1, 0, 16), from platformio:nordicnrf52/calliopemini_v3/platformio) alternate='PHYTEC reel board' (score=(0, 0, 17), from platformio:nordicnrf52/reel_board/platformio)
distinct vidpid=0x0d28:0x0204 sim=0.22 PROMOTED new='PHYTEC reel board v2' (score=(1, 0, 20), from platformio:nordicnrf52/reel_board_v2/platformio) PREVIOUS-PRIMARY-DEMOTED-TO-ALT='Calliope Mini v3' (score=(1, 0, 16))
distinct vidpid=0x2e8a:0x00c0 sim=0.22 primary-kept='RAKwireless RAK11300' (score=(1, 0, 20), from arduino:earlephilhower-arduino-pico/rakwireless_rak11300/arduino) alternate='Raspberry Pi Pico' (score=(0, 0, 17), from platformio:raspberrypi/pico/platformio)
distinct vidpid=0x0403:0x6010 sim=0.28 PROMOTED new='Freedom E310 Arty (Artix-7) FPGA Dev Kit' (score=(1, 0, 40), from platformio:riscv/coreplexip-e31-arty/platformio) PREVIOUS-PRIMARY-DEMOTED-TO-ALT='RVfpga: Digilent Nexys A7' (score=(1, 0, 25))
distinct vidpid=0x0403:0x6010 sim=0.13 primary-kept='Freedom E310 Arty (Artix-7) FPGA Dev Kit' (score=(1, 0, 40), from platformio:riscv/coreplexip-e31-arty/platformio) alternate='HiFive1' (score=(1, 0, 7), from platformio:riscv/freedom-e300-hifive1/platformio)
distinct vidpid=0x002a:0x15ba sim=0.48 primary-kept='Arty A7-100: Artix-7 FPGA Development Board' (score=(1, 0, 43), from platformio:shakti/artix7_100t/platformio) alternate='Artix-7 35T Arty FPGA Evaluation Kit' (score=(1, 0, 36), from platformio:shakti/artix7_35t/platformio)
distinct vidpid=0x002a:0x15ba sim=0.49 PROMOTED new='Pinaka on Artix-7 35T Arty FPGA Evaluation Kit' (score=(1, 0, 46), from platformio:shakti/pinaka/platformio) PREVIOUS-PRIMARY-DEMOTED-TO-ALT='Arty A7-100: Artix-7 FPGA Development Board' (score=(1, 0, 43))
distinct vidpid=0x002a:0x15ba sim=0.45 PROMOTED new='Vajra on Arty A7-100: Artix-7 FPGA Development Board' (score=(1, 0, 52), from platformio:shakti/vajra/platformio) PREVIOUS-PRIMARY-DEMOTED-TO-ALT='Pinaka on Artix-7 35T Arty FPGA Evaluation Kit' (score=(1, 0, 46))
distinct vidpid=0x002a:0x15ba sim=0.41 primary-kept='Vajra on Arty A7-100: Artix-7 FPGA Development Board' (score=(1, 0, 52), from platformio:shakti/vajra/platformio) alternate='Arty FPGA Dev Kit' (score=(0, 0, 17), from platformio:sifive/e310-arty/platformio)
distinct vidpid=0x0403:0x6010 sim=0.14 primary-kept='Freedom E310 Arty (Artix-7) FPGA Dev Kit' (score=(1, 0, 40), from platformio:riscv/coreplexip-e31-arty/platformio) alternate='HiFive Unleashed' (score=(0, 0, 16), from platformio:sifive/hifive-unleashed/platformio)
distinct vidpid=0x0403:0x6010 sim=0.19 primary-kept='Freedom E310 Arty (Artix-7) FPGA Dev Kit' (score=(1, 0, 40), from platformio:riscv/coreplexip-e31-arty/platformio) alternate='HiFive1 Rev B' (score=(1, 0, 13), from platformio:sifive/hifive1-revb/platformio)
distinct vidpid=0x0403:0x6010 sim=0.13 primary-kept='Freedom E310 Arty (Artix-7) FPGA Dev Kit' (score=(1, 0, 40), from platformio:riscv/coreplexip-e31-arty/platformio) alternate='HiFive1' (score=(1, 0, 7), from platformio:sifive/hifive1/platformio)
distinct vidpid=0x0403:0x6010 sim=0.29 primary-kept='Freedom E310 Arty (Artix-7) FPGA Dev Kit' (score=(1, 0, 40), from platformio:riscv/coreplexip-e31-arty/platformio) alternate='SparkFun RED-V RedBoard' (score=(0, 0, 23), from platformio:sifive/sparkfun_redboard_v/platformio)
distinct vidpid=0x0403:0x6010 sim=0.25 primary-kept='Freedom E310 Arty (Artix-7) FPGA Dev Kit' (score=(1, 0, 40), from platformio:riscv/coreplexip-e31-arty/platformio) alternate='SparkFun RED-V Thing Plus' (score=(0, 0, 25), from platformio:sifive/sparkfun_thing_plus_v/platformio)
distinct vidpid=0x1eaf:0x0003 sim=0.25 PROMOTED new='STM32F103C8 (20k RAM. 64k Flash)' (score=(3, 1, 32), from platformio:ststm32/genericSTM32F103C8/platformio) PREVIOUS-PRIMARY-DEMOTED-TO-ALT='BlackPill F103C8' (score=(1, 0, 16))
distinct vidpid=0x1eaf:0x0004 sim=0.25 PROMOTED new='STM32F103C8 (20k RAM. 64k Flash)' (score=(3, 1, 32), from platformio:ststm32/genericSTM32F103C8/platformio) PREVIOUS-PRIMARY-DEMOTED-TO-ALT='BlackPill F103C8' (score=(1, 0, 16))
distinct vidpid=0x0483:0x3748 sim=0.04 PROMOTED new='STM32F407IG (192k RAM. 1024k Flash)' (score=(3, 1, 35), from platformio:ststm32/genericSTM32F407IGT6/platformio) PREVIOUS-PRIMARY-DEMOTED-TO-ALT='Nucleo-144' (score=(0, 0, 10))
distinct vidpid=0x1eaf:0x0003 sim=0.27 primary-kept='STM32F103C8 (20k RAM. 64k Flash)' (score=(3, 1, 32), from platformio:ststm32/genericSTM32F103C8/platformio) alternate='Tiny STM103T' (score=(1, 0, 12), from platformio:ststm32/hy_tinystm103tb/platformio)
distinct vidpid=0x1eaf:0x0004 sim=0.27 primary-kept='STM32F103C8 (20k RAM. 64k Flash)' (score=(3, 1, 32), from platformio:ststm32/genericSTM32F103C8/platformio) alternate='Tiny STM103T' (score=(1, 0, 12), from platformio:ststm32/hy_tinystm103tb/platformio)
distinct vidpid=0x1eaf:0x0003 sim=0.22 primary-kept='STM32F103C8 (20k RAM. 64k Flash)' (score=(3, 1, 32), from platformio:ststm32/genericSTM32F103C8/platformio) alternate='Malyan M200 V1' (score=(2, 0, 14), from platformio:ststm32/malyanm200_f103cb/platformio)
distinct vidpid=0x1eaf:0x0004 sim=0.22 primary-kept='STM32F103C8 (20k RAM. 64k Flash)' (score=(3, 1, 32), from platformio:ststm32/genericSTM32F103C8/platformio) alternate='Malyan M200 V1' (score=(2, 0, 14), from platformio:ststm32/malyanm200_f103cb/platformio)
distinct vidpid=0x1eaf:0x0003 sim=0.16 primary-kept='STM32F103C8 (20k RAM. 64k Flash)' (score=(3, 1, 32), from platformio:ststm32/genericSTM32F103C8/platformio) alternate='Maple' (score=(0, 0, 5), from platformio:ststm32/maple/platformio)
distinct vidpid=0x1eaf:0x0004 sim=0.16 primary-kept='STM32F103C8 (20k RAM. 64k Flash)' (score=(3, 1, 32), from platformio:ststm32/genericSTM32F103C8/platformio) alternate='Maple' (score=(0, 0, 5), from platformio:ststm32/maple/platformio)
distinct vidpid=0x1eaf:0x0003 sim=0.11 primary-kept='STM32F103C8 (20k RAM. 64k Flash)' (score=(3, 1, 32), from platformio:ststm32/genericSTM32F103C8/platformio) alternate='Maple Mini Bootloader 2.0' (score=(0, 0, 25), from platformio:ststm32/maple_mini_b20/platformio)
distinct vidpid=0x1eaf:0x0004 sim=0.11 primary-kept='STM32F103C8 (20k RAM. 64k Flash)' (score=(3, 1, 32), from platformio:ststm32/genericSTM32F103C8/platformio) alternate='Maple Mini Bootloader 2.0' (score=(0, 0, 25), from platformio:ststm32/maple_mini_b20/platformio)
distinct vidpid=0x1eaf:0x0003 sim=0.24 primary-kept='STM32F103C8 (20k RAM. 64k Flash)' (score=(3, 1, 32), from platformio:ststm32/genericSTM32F103C8/platformio) alternate='Maple Mini Original' (score=(0, 0, 19), from platformio:ststm32/maple_mini_origin/platformio)
distinct vidpid=0x1eaf:0x0004 sim=0.24 primary-kept='STM32F103C8 (20k RAM. 64k Flash)' (score=(3, 1, 32), from platformio:ststm32/genericSTM32F103C8/platformio) alternate='Maple Mini Original' (score=(0, 0, 19), from platformio:ststm32/maple_mini_origin/platformio)
distinct vidpid=0x1eaf:0x0003 sim=0.27 primary-kept='STM32F103C8 (20k RAM. 64k Flash)' (score=(3, 1, 32), from platformio:ststm32/genericSTM32F103C8/platformio) alternate='Maple (RET6)' (score=(1, 0, 12), from platformio:ststm32/maple_ret6/platformio)
distinct vidpid=0x1eaf:0x0004 sim=0.27 primary-kept='STM32F103C8 (20k RAM. 64k Flash)' (score=(3, 1, 32), from platformio:ststm32/genericSTM32F103C8/platformio) alternate='Maple (RET6)' (score=(1, 0, 12), from platformio:ststm32/maple_ret6/platformio)
distinct vidpid=0x1eaf:0x0003 sim=0.39 primary-kept='STM32F103C8 (20k RAM. 64k Flash)' (score=(3, 1, 32), from platformio:ststm32/genericSTM32F103C8/platformio) alternate='Microduino Core STM32 to Flash' (score=(1, 0, 30), from platformio:ststm32/microduino32_flash/platformio)
distinct vidpid=0x1eaf:0x0004 sim=0.39 primary-kept='STM32F103C8 (20k RAM. 64k Flash)' (score=(3, 1, 32), from platformio:ststm32/genericSTM32F103C8/platformio) alternate='Microduino Core STM32 to Flash' (score=(1, 0, 30), from platformio:ststm32/microduino32_flash/platformio)
distinct vidpid=0x0483:0xdf11 sim=0.12 primary-kept='Cicada-L082CZ' (score=(1, 0, 13), from platformio:ststm32/cicada_l082cz/platformio) alternate='N2+' (score=(1, 0, 3), from platformio:ststm32/netduino2plus/platformio)
distinct vidpid=0x2341:0x0364 sim=0.31 PROMOTED new='Arduino Opta (M4 core)' (score=(1, 0, 22), from platformio:ststm32/opta_m4/platformio) PREVIOUS-PRIMARY-DEMOTED-TO-ALT='Opta' (score=(0, 0, 4))
distinct vidpid=0x0483:0xdf11 sim=0.13 PROMOTED new='STM32F4Stamp F405' (score=(2, 0, 17), from platformio:ststm32/stm32f4stamp/platformio) PREVIOUS-PRIMARY-DEMOTED-TO-ALT='Cicada-L082CZ' (score=(1, 0, 13))
distinct vidpid=0x2341:0x0c9f sim=0.19 PROMOTED new='TI LaunchPad MSP-EXP430F5529LP' (score=(1, 0, 30), from platformio:timsp430/lpmsp430f5529/platformio) PREVIOUS-PRIMARY-DEMOTED-TO-ALT='Arduino Gemma' (score=(0, 0, 13))
distinct vidpid=0x2e8a:0x000a sim=0.33 primary-kept='Neko Systems BL2040 Mini' (score=(1, 0, 24), from arduino:earlephilhower-arduino-pico/nekosystems_bl2040_mini/arduino) alternate='Seeed Studio XIAO RP2040' (score=(1, 0, 24), from other:fbuild_board_backfill.json/other)
distinct vidpid=0x2e8a:0x000a sim=0.17 primary-kept='Neko Systems BL2040 Mini' (score=(1, 0, 24), from arduino:earlephilhower-arduino-pico/nekosystems_bl2040_mini/arduino) alternate='Raspberry Pi Pico (runtime USB CDC)' (score=(0, 0, 35), from other:fbuild_board_backfill.json/other)
distinct vidpid=0x2e8a:0x000f sim=0.39 PROMOTED new='Raspberry Pi RP2350 BOOTSEL / Pico 2 runtime USB' (score=(1, 0, 48), from other:fbuild_board_backfill.json/other) PREVIOUS-PRIMARY-DEMOTED-TO-ALT='Waveshare RP2350 PiZero' (score=(1, 0, 23))
distinct vidpid=0x2e8a:0xf00a sim=0.19 primary-kept='Degz Robotics Suibo RP2040' (score=(1, 0, 26), from arduino:earlephilhower-arduino-pico/degz_suibo/arduino) alternate='Raspberry Pi Pico W (runtime USB CDC)' (score=(0, 0, 37), from other:fbuild_board_backfill.json/other)
distinct vidpid=0x10c4:0xea60 sim=0.27 PROMOTED new='CP210x UART Bridge (Espressif ESP32-S2-Saola-1 and other CP2102-based boards)' (score=(4, 0, 77), from other:fbuild_board_backfill.json/other) PREVIOUS-PRIMARY-DEMOTED-TO-ALT='NodeMCU 0.9 (ESP-12 Module)' (score=(0, 0, 27))
distinct vidpid=0x16c0:0x0483 sim=0.47 PROMOTED new='Teensy (Serial mode)' (score=(0, 0, 20), from other:teensy_pids.json/other) PREVIOUS-PRIMARY-DEMOTED-TO-ALT='Teensy 4.0' (score=(0, 0, 10))
