family vidpid=0x2341:0x025b sim=0.73 kept='Arduino Portenta H7' (from arduino:arduino-arduinocore-mbed/envie_m7/arduino) dropped='Arduino Portenta H7 (ThreadDebug)' (from arduino:arduino-arduinocore-mbed/envie_m7_thread_debug/arduino)
family vidpid=0x2341:0x005a sim=0.55 kept='Arduino Nano 33 BLE' (from arduino:arduino-arduinocore-mbed/nano33ble/arduino) dropped='Arduino Stella' (from arduino:arduino-arduinocore-mbed/stella/arduino)
family vidpid=0x2341:0x804d sim=0.72 kept='Arduino Zero (Programming Port)' (from arduino:arduino-arduinocore-samd/arduino_zero_edbg/arduino) dropped='Arduino Zero (Native USB Port)' (from arduino:arduino-arduinocore-samd/arduino_zero_native/arduino)
family vidpid=0x2a03:0x804f sim=0.71 kept='Arduino M0 Pro (Native USB Port)' (from arduino:arduino-arduinocore-samd/mzero_pro_bl/arduino) dropped='Arduino M0 Pro (Programming Port)' (from arduino:arduino-arduinocore-samd/mzero_pro_bl_dbg/arduino)
family vidpid=0x10c4:0xea70 sim=0.55 kept='Arduino Tian' (from arduino:arduino-arduinocore-samd/tian/arduino) dropped='Arduino Tian (MIPS Console port)' (from arduino:arduino-arduinocore-samd/tian_cons/arduino)
family vidpid=0x2e8a:0x110d sim=0.74 kept='iLabs Challenger 2350 NB-IoT' (from arduino:earlephilhower-arduino-pico/challenger_2350_nbiot/arduino) dropped='iLabs Challenger NB 2040 WiFi' (from arduino:earlephilhower-arduino-pico/challenger_nb_2040_wifi/arduino)
family vidpid=0x2e8a:0x510d sim=0.74 kept='iLabs Challenger 2350 NB-IoT' (from arduino:earlephilhower-arduino-pico/challenger_2350_nbiot/arduino) dropped='iLabs Challenger NB 2040 WiFi' (from arduino:earlephilhower-arduino-pico/challenger_nb_2040_wifi/arduino)
family vidpid=0x2e8a:0x910d sim=0.74 kept='iLabs Challenger 2350 NB-IoT' (from arduino:earlephilhower-arduino-pico/challenger_2350_nbiot/arduino) dropped='iLabs Challenger NB 2040 WiFi' (from arduino:earlephilhower-arduino-pico/challenger_nb_2040_wifi/arduino)
family vidpid=0x2e8a:0xd10d sim=0.74 kept='iLabs Challenger 2350 NB-IoT' (from arduino:earlephilhower-arduino-pico/challenger_2350_nbiot/arduino) dropped='iLabs Challenger NB 2040 WiFi' (from arduino:earlephilhower-arduino-pico/challenger_nb_2040_wifi/arduino)
family vidpid=0x2e8a:0x1000 sim=0.58 kept='MyMakers RP2350B' (from arduino:earlephilhower-arduino-pico/MyRP_2350B/arduino) dropped='Cytron Maker Pi RP2040' (from arduino:earlephilhower-arduino-pico/cytron_maker_pi_rp2040/arduino)
family vidpid=0x2e8a:0x1100 sim=0.58 kept='MyMakers RP2350B' (from arduino:earlephilhower-arduino-pico/MyRP_2350B/arduino) dropped='Cytron Maker Pi RP2040' (from arduino:earlephilhower-arduino-pico/cytron_maker_pi_rp2040/arduino)
family vidpid=0x2e8a:0x5000 sim=0.58 kept='MyMakers RP2350B' (from arduino:earlephilhower-arduino-pico/MyRP_2350B/arduino) dropped='Cytron Maker Pi RP2040' (from arduino:earlephilhower-arduino-pico/cytron_maker_pi_rp2040/arduino)
family vidpid=0x2e8a:0x5100 sim=0.58 kept='MyMakers RP2350B' (from arduino:earlephilhower-arduino-pico/MyRP_2350B/arduino) dropped='Cytron Maker Pi RP2040' (from arduino:earlephilhower-arduino-pico/cytron_maker_pi_rp2040/arduino)
family vidpid=0x2e8a:0x9000 sim=0.58 kept='MyMakers RP2350B' (from arduino:earlephilhower-arduino-pico/MyRP_2350B/arduino) dropped='Cytron Maker Pi RP2040' (from arduino:earlephilhower-arduino-pico/cytron_maker_pi_rp2040/arduino)
family vidpid=0x2e8a:0x9100 sim=0.58 kept='MyMakers RP2350B' (from arduino:earlephilhower-arduino-pico/MyRP_2350B/arduino) dropped='Cytron Maker Pi RP2040' (from arduino:earlephilhower-arduino-pico/cytron_maker_pi_rp2040/arduino)
family vidpid=0x2e8a:0xd000 sim=0.58 kept='MyMakers RP2350B' (from arduino:earlephilhower-arduino-pico/MyRP_2350B/arduino) dropped='Cytron Maker Pi RP2040' (from arduino:earlephilhower-arduino-pico/cytron_maker_pi_rp2040/arduino)
family vidpid=0x2e8a:0xd100 sim=0.58 kept='MyMakers RP2350B' (from arduino:earlephilhower-arduino-pico/MyRP_2350B/arduino) dropped='Cytron Maker Pi RP2040' (from arduino:earlephilhower-arduino-pico/cytron_maker_pi_rp2040/arduino)
family vidpid=0x2e8a:0xf00a sim=0.55 kept='Degz Robotics Suibo RP2040' (from arduino:earlephilhower-arduino-pico/degz_suibo/arduino) dropped='Generic RP2040' (from arduino:earlephilhower-arduino-pico/generic/arduino)
family vidpid=0x2e8a:0xf10a sim=0.55 kept='Degz Robotics Suibo RP2040' (from arduino:earlephilhower-arduino-pico/degz_suibo/arduino) dropped='Generic RP2040' (from arduino:earlephilhower-arduino-pico/generic/arduino)
family vidpid=0x15ba:0x0026 sim=0.80 kept='Olimex Pico2BB48' (from arduino:earlephilhower-arduino-pico/olimex_pico2bb48/arduino) dropped='Olimex Pico2XL' (from arduino:earlephilhower-arduino-pico/olimex_pico2xl/arduino)
family vidpid=0x15ba:0x0126 sim=0.80 kept='Olimex Pico2BB48' (from arduino:earlephilhower-arduino-pico/olimex_pico2bb48/arduino) dropped='Olimex Pico2XL' (from arduino:earlephilhower-arduino-pico/olimex_pico2xl/arduino)
family vidpid=0x15ba:0x4026 sim=0.80 kept='Olimex Pico2BB48' (from arduino:earlephilhower-arduino-pico/olimex_pico2bb48/arduino) dropped='Olimex Pico2XL' (from arduino:earlephilhower-arduino-pico/olimex_pico2xl/arduino)
family vidpid=0x15ba:0x4126 sim=0.80 kept='Olimex Pico2BB48' (from arduino:earlephilhower-arduino-pico/olimex_pico2bb48/arduino) dropped='Olimex Pico2XL' (from arduino:earlephilhower-arduino-pico/olimex_pico2xl/arduino)
family vidpid=0x15ba:0x8026 sim=0.80 kept='Olimex Pico2BB48' (from arduino:earlephilhower-arduino-pico/olimex_pico2bb48/arduino) dropped='Olimex Pico2XL' (from arduino:earlephilhower-arduino-pico/olimex_pico2xl/arduino)
family vidpid=0x15ba:0x8126 sim=0.80 kept='Olimex Pico2BB48' (from arduino:earlephilhower-arduino-pico/olimex_pico2bb48/arduino) dropped='Olimex Pico2XL' (from arduino:earlephilhower-arduino-pico/olimex_pico2xl/arduino)
family vidpid=0x15ba:0xc026 sim=0.80 kept='Olimex Pico2BB48' (from arduino:earlephilhower-arduino-pico/olimex_pico2bb48/arduino) dropped='Olimex Pico2XL' (from arduino:earlephilhower-arduino-pico/olimex_pico2xl/arduino)
family vidpid=0x15ba:0xc126 sim=0.80 kept='Olimex Pico2BB48' (from arduino:earlephilhower-arduino-pico/olimex_pico2bb48/arduino) dropped='Olimex Pico2XL' (from arduino:earlephilhower-arduino-pico/olimex_pico2xl/arduino)
family vidpid=0x15ba:0x0026 sim=0.77 kept='Olimex Pico2BB48' (from arduino:earlephilhower-arduino-pico/olimex_pico2bb48/arduino) dropped='Olimex Pico2XXL' (from arduino:earlephilhower-arduino-pico/olimex_pico2xxl/arduino)
family vidpid=0x15ba:0x0126 sim=0.77 kept='Olimex Pico2BB48' (from arduino:earlephilhower-arduino-pico/olimex_pico2bb48/arduino) dropped='Olimex Pico2XXL' (from arduino:earlephilhower-arduino-pico/olimex_pico2xxl/arduino)
family vidpid=0x15ba:0x4026 sim=0.77 kept='Olimex Pico2BB48' (from arduino:earlephilhower-arduino-pico/olimex_pico2bb48/arduino) dropped='Olimex Pico2XXL' (from arduino:earlephilhower-arduino-pico/olimex_pico2xxl/arduino)
family vidpid=0x15ba:0x4126 sim=0.77 kept='Olimex Pico2BB48' (from arduino:earlephilhower-arduino-pico/olimex_pico2bb48/arduino) dropped='Olimex Pico2XXL' (from arduino:earlephilhower-arduino-pico/olimex_pico2xxl/arduino)
family vidpid=0x15ba:0x8026 sim=0.77 kept='Olimex Pico2BB48' (from arduino:earlephilhower-arduino-pico/olimex_pico2bb48/arduino) dropped='Olimex Pico2XXL' (from arduino:earlephilhower-arduino-pico/olimex_pico2xxl/arduino)
family vidpid=0x15ba:0x8126 sim=0.77 kept='Olimex Pico2BB48' (from arduino:earlephilhower-arduino-pico/olimex_pico2bb48/arduino) dropped='Olimex Pico2XXL' (from arduino:earlephilhower-arduino-pico/olimex_pico2xxl/arduino)
family vidpid=0x15ba:0xc026 sim=0.77 kept='Olimex Pico2BB48' (from arduino:earlephilhower-arduino-pico/olimex_pico2bb48/arduino) dropped='Olimex Pico2XXL' (from arduino:earlephilhower-arduino-pico/olimex_pico2xxl/arduino)
family vidpid=0x15ba:0xc126 sim=0.77 kept='Olimex Pico2BB48' (from arduino:earlephilhower-arduino-pico/olimex_pico2bb48/arduino) dropped='Olimex Pico2XXL' (from arduino:earlephilhower-arduino-pico/olimex_pico2xxl/arduino)
family vidpid=0x15ba:0x0026 sim=0.61 kept='Olimex Pico2BB48' (from arduino:earlephilhower-arduino-pico/olimex_pico2bb48/arduino) dropped='Olimex RP2040-Pico30' (from arduino:earlephilhower-arduino-pico/olimex_rp2040pico30/arduino)
family vidpid=0x15ba:0x0126 sim=0.61 kept='Olimex Pico2BB48' (from arduino:earlephilhower-arduino-pico/olimex_pico2bb48/arduino) dropped='Olimex RP2040-Pico30' (from arduino:earlephilhower-arduino-pico/olimex_rp2040pico30/arduino)
family vidpid=0x15ba:0x4026 sim=0.61 kept='Olimex Pico2BB48' (from arduino:earlephilhower-arduino-pico/olimex_pico2bb48/arduino) dropped='Olimex RP2040-Pico30' (from arduino:earlephilhower-arduino-pico/olimex_rp2040pico30/arduino)
family vidpid=0x15ba:0x4126 sim=0.61 kept='Olimex Pico2BB48' (from arduino:earlephilhower-arduino-pico/olimex_pico2bb48/arduino) dropped='Olimex RP2040-Pico30' (from arduino:earlephilhower-arduino-pico/olimex_rp2040pico30/arduino)
family vidpid=0x15ba:0x8026 sim=0.61 kept='Olimex Pico2BB48' (from arduino:earlephilhower-arduino-pico/olimex_pico2bb48/arduino) dropped='Olimex RP2040-Pico30' (from arduino:earlephilhower-arduino-pico/olimex_rp2040pico30/arduino)
family vidpid=0x15ba:0x8126 sim=0.61 kept='Olimex Pico2BB48' (from arduino:earlephilhower-arduino-pico/olimex_pico2bb48/arduino) dropped='Olimex RP2040-Pico30' (from arduino:earlephilhower-arduino-pico/olimex_rp2040pico30/arduino)
family vidpid=0x15ba:0xc026 sim=0.61 kept='Olimex Pico2BB48' (from arduino:earlephilhower-arduino-pico/olimex_pico2bb48/arduino) dropped='Olimex RP2040-Pico30' (from arduino:earlephilhower-arduino-pico/olimex_rp2040pico30/arduino)
family vidpid=0x15ba:0xc126 sim=0.61 kept='Olimex Pico2BB48' (from arduino:earlephilhower-arduino-pico/olimex_pico2bb48/arduino) dropped='Olimex RP2040-Pico30' (from arduino:earlephilhower-arduino-pico/olimex_rp2040pico30/arduino)
family vidpid=0x2e8a:0x100a sim=0.70 kept='Pimoroni PicoPlus2' (from arduino:earlephilhower-arduino-pico/pimoroni_pico_plus_2/arduino) dropped='Pimoroni Plasma2040' (from arduino:earlephilhower-arduino-pico/pimoroni_plasma2040/arduino)
family vidpid=0x2e8a:0x110a sim=0.70 kept='Pimoroni PicoPlus2' (from arduino:earlephilhower-arduino-pico/pimoroni_pico_plus_2/arduino) dropped='Pimoroni Plasma2040' (from arduino:earlephilhower-arduino-pico/pimoroni_plasma2040/arduino)
family vidpid=0x2e8a:0x500a sim=0.70 kept='Pimoroni PicoPlus2' (from arduino:earlephilhower-arduino-pico/pimoroni_pico_plus_2/arduino) dropped='Pimoroni Plasma2040' (from arduino:earlephilhower-arduino-pico/pimoroni_plasma2040/arduino)
family vidpid=0x2e8a:0x510a sim=0.70 kept='Pimoroni PicoPlus2' (from arduino:earlephilhower-arduino-pico/pimoroni_pico_plus_2/arduino) dropped='Pimoroni Plasma2040' (from arduino:earlephilhower-arduino-pico/pimoroni_plasma2040/arduino)
family vidpid=0x2e8a:0x900a sim=0.70 kept='Pimoroni PicoPlus2' (from arduino:earlephilhower-arduino-pico/pimoroni_pico_plus_2/arduino) dropped='Pimoroni Plasma2040' (from arduino:earlephilhower-arduino-pico/pimoroni_plasma2040/arduino)
family vidpid=0x2e8a:0x910a sim=0.70 kept='Pimoroni PicoPlus2' (from arduino:earlephilhower-arduino-pico/pimoroni_pico_plus_2/arduino) dropped='Pimoroni Plasma2040' (from arduino:earlephilhower-arduino-pico/pimoroni_plasma2040/arduino)
family vidpid=0x2e8a:0xd00a sim=0.70 kept='Pimoroni PicoPlus2' (from arduino:earlephilhower-arduino-pico/pimoroni_pico_plus_2/arduino) dropped='Pimoroni Plasma2040' (from arduino:earlephilhower-arduino-pico/pimoroni_plasma2040/arduino)
family vidpid=0x2e8a:0xd10a sim=0.70 kept='Pimoroni PicoPlus2' (from arduino:earlephilhower-arduino-pico/pimoroni_pico_plus_2/arduino) dropped='Pimoroni Plasma2040' (from arduino:earlephilhower-arduino-pico/pimoroni_plasma2040/arduino)
family vidpid=0x2e8a:0x10a5 sim=0.65 kept='Pimoroni Plasma2350' (from arduino:earlephilhower-arduino-pico/pimoroni_plasma2350/arduino) dropped='Pimoroni Servo2040' (from arduino:earlephilhower-arduino-pico/pimoroni_servo2040/arduino)
family vidpid=0x2e8a:0x11a5 sim=0.65 kept='Pimoroni Plasma2350' (from arduino:earlephilhower-arduino-pico/pimoroni_plasma2350/arduino) dropped='Pimoroni Servo2040' (from arduino:earlephilhower-arduino-pico/pimoroni_servo2040/arduino)
family vidpid=0x2e8a:0x50a5 sim=0.65 kept='Pimoroni Plasma2350' (from arduino:earlephilhower-arduino-pico/pimoroni_plasma2350/arduino) dropped='Pimoroni Servo2040' (from arduino:earlephilhower-arduino-pico/pimoroni_servo2040/arduino)
family vidpid=0x2e8a:0x51a5 sim=0.65 kept='Pimoroni Plasma2350' (from arduino:earlephilhower-arduino-pico/pimoroni_plasma2350/arduino) dropped='Pimoroni Servo2040' (from arduino:earlephilhower-arduino-pico/pimoroni_servo2040/arduino)
family vidpid=0x2e8a:0x90a5 sim=0.65 kept='Pimoroni Plasma2350' (from arduino:earlephilhower-arduino-pico/pimoroni_plasma2350/arduino) dropped='Pimoroni Servo2040' (from arduino:earlephilhower-arduino-pico/pimoroni_servo2040/arduino)
family vidpid=0x2e8a:0x91a5 sim=0.65 kept='Pimoroni Plasma2350' (from arduino:earlephilhower-arduino-pico/pimoroni_plasma2350/arduino) dropped='Pimoroni Servo2040' (from arduino:earlephilhower-arduino-pico/pimoroni_servo2040/arduino)
family vidpid=0x2e8a:0xd0a5 sim=0.65 kept='Pimoroni Plasma2350' (from arduino:earlephilhower-arduino-pico/pimoroni_plasma2350/arduino) dropped='Pimoroni Servo2040' (from arduino:earlephilhower-arduino-pico/pimoroni_servo2040/arduino)
family vidpid=0x2e8a:0xd1a5 sim=0.65 kept='Pimoroni Plasma2350' (from arduino:earlephilhower-arduino-pico/pimoroni_plasma2350/arduino) dropped='Pimoroni Servo2040' (from arduino:earlephilhower-arduino-pico/pimoroni_servo2040/arduino)
family vidpid=0x2e8a:0x100a sim=0.63 kept='Pimoroni PicoPlus2' (from arduino:earlephilhower-arduino-pico/pimoroni_pico_plus_2/arduino) dropped='Pimoroni Tiny2040' (from arduino:earlephilhower-arduino-pico/pimoroni_tiny2040/arduino)
family vidpid=0x2e8a:0x110a sim=0.63 kept='Pimoroni PicoPlus2' (from arduino:earlephilhower-arduino-pico/pimoroni_pico_plus_2/arduino) dropped='Pimoroni Tiny2040' (from arduino:earlephilhower-arduino-pico/pimoroni_tiny2040/arduino)
family vidpid=0x2e8a:0x500a sim=0.63 kept='Pimoroni PicoPlus2' (from arduino:earlephilhower-arduino-pico/pimoroni_pico_plus_2/arduino) dropped='Pimoroni Tiny2040' (from arduino:earlephilhower-arduino-pico/pimoroni_tiny2040/arduino)
family vidpid=0x2e8a:0x510a sim=0.63 kept='Pimoroni PicoPlus2' (from arduino:earlephilhower-arduino-pico/pimoroni_pico_plus_2/arduino) dropped='Pimoroni Tiny2040' (from arduino:earlephilhower-arduino-pico/pimoroni_tiny2040/arduino)
family vidpid=0x2e8a:0x900a sim=0.63 kept='Pimoroni PicoPlus2' (from arduino:earlephilhower-arduino-pico/pimoroni_pico_plus_2/arduino) dropped='Pimoroni Tiny2040' (from arduino:earlephilhower-arduino-pico/pimoroni_tiny2040/arduino)
family vidpid=0x2e8a:0x910a sim=0.63 kept='Pimoroni PicoPlus2' (from arduino:earlephilhower-arduino-pico/pimoroni_pico_plus_2/arduino) dropped='Pimoroni Tiny2040' (from arduino:earlephilhower-arduino-pico/pimoroni_tiny2040/arduino)
family vidpid=0x2e8a:0xd00a sim=0.63 kept='Pimoroni PicoPlus2' (from arduino:earlephilhower-arduino-pico/pimoroni_pico_plus_2/arduino) dropped='Pimoroni Tiny2040' (from arduino:earlephilhower-arduino-pico/pimoroni_tiny2040/arduino)
family vidpid=0x2e8a:0xd10a sim=0.63 kept='Pimoroni PicoPlus2' (from arduino:earlephilhower-arduino-pico/pimoroni_pico_plus_2/arduino) dropped='Pimoroni Tiny2040' (from arduino:earlephilhower-arduino-pico/pimoroni_tiny2040/arduino)
family vidpid=0x2341:0x005f sim=0.84 kept='redscorp RP2040-Eins' (from arduino:earlephilhower-arduino-pico/redscorp_rp2040_eins/arduino) dropped='redscorp RP2040-ProMini' (from arduino:earlephilhower-arduino-pico/redscorp_rp2040_promini/arduino)
family vidpid=0x2341:0x805f sim=0.84 kept='redscorp RP2040-Eins' (from arduino:earlephilhower-arduino-pico/redscorp_rp2040_eins/arduino) dropped='redscorp RP2040-ProMini' (from arduino:earlephilhower-arduino-pico/redscorp_rp2040_promini/arduino)
family vidpid=0x2341:0x015f sim=0.84 kept='redscorp RP2040-Eins' (from arduino:earlephilhower-arduino-pico/redscorp_rp2040_eins/arduino) dropped='redscorp RP2040-ProMini' (from arduino:earlephilhower-arduino-pico/redscorp_rp2040_promini/arduino)
family vidpid=0x2341:0x025f sim=0.84 kept='redscorp RP2040-Eins' (from arduino:earlephilhower-arduino-pico/redscorp_rp2040_eins/arduino) dropped='redscorp RP2040-ProMini' (from arduino:earlephilhower-arduino-pico/redscorp_rp2040_promini/arduino)
family vidpid=0x1b4f:0x0026 sim=0.79 kept='SparkFun MicroMod RP2040' (from arduino:earlephilhower-arduino-pico/sparkfun_micromodrp2040/arduino) dropped='SparkFun ProMicro RP2350' (from arduino:earlephilhower-arduino-pico/sparkfun_promicrorp2350/arduino)
family vidpid=0x1b4f:0x0126 sim=0.79 kept='SparkFun MicroMod RP2040' (from arduino:earlephilhower-arduino-pico/sparkfun_micromodrp2040/arduino) dropped='SparkFun ProMicro RP2350' (from arduino:earlephilhower-arduino-pico/sparkfun_promicrorp2350/arduino)
family vidpid=0x1b4f:0x4026 sim=0.79 kept='SparkFun MicroMod RP2040' (from arduino:earlephilhower-arduino-pico/sparkfun_micromodrp2040/arduino) dropped='SparkFun ProMicro RP2350' (from arduino:earlephilhower-arduino-pico/sparkfun_promicrorp2350/arduino)
family vidpid=0x1b4f:0x4126 sim=0.79 kept='SparkFun MicroMod RP2040' (from arduino:earlephilhower-arduino-pico/sparkfun_micromodrp2040/arduino) dropped='SparkFun ProMicro RP2350' (from arduino:earlephilhower-arduino-pico/sparkfun_promicrorp2350/arduino)
family vidpid=0x1b4f:0x8026 sim=0.79 kept='SparkFun MicroMod RP2040' (from arduino:earlephilhower-arduino-pico/sparkfun_micromodrp2040/arduino) dropped='SparkFun ProMicro RP2350' (from arduino:earlephilhower-arduino-pico/sparkfun_promicrorp2350/arduino)
family vidpid=0x1b4f:0x8126 sim=0.79 kept='SparkFun MicroMod RP2040' (from arduino:earlephilhower-arduino-pico/sparkfun_micromodrp2040/arduino) dropped='SparkFun ProMicro RP2350' (from arduino:earlephilhower-arduino-pico/sparkfun_promicrorp2350/arduino)
family vidpid=0x1b4f:0xc026 sim=0.79 kept='SparkFun MicroMod RP2040' (from arduino:earlephilhower-arduino-pico/sparkfun_micromodrp2040/arduino) dropped='SparkFun ProMicro RP2350' (from arduino:earlephilhower-arduino-pico/sparkfun_promicrorp2350/arduino)
family vidpid=0x1b4f:0xc126 sim=0.79 kept='SparkFun MicroMod RP2040' (from arduino:earlephilhower-arduino-pico/sparkfun_micromodrp2040/arduino) dropped='SparkFun ProMicro RP2350' (from arduino:earlephilhower-arduino-pico/sparkfun_promicrorp2350/arduino)
family vidpid=0x1b4f:0x0026 sim=0.68 kept='SparkFun MicroMod RP2040' (from arduino:earlephilhower-arduino-pico/sparkfun_micromodrp2040/arduino) dropped='SparkFun Thing Plus RP2040' (from arduino:earlephilhower-arduino-pico/sparkfun_thingplusrp2040/arduino)
family vidpid=0x1b4f:0x0126 sim=0.68 kept='SparkFun MicroMod RP2040' (from arduino:earlephilhower-arduino-pico/sparkfun_micromodrp2040/arduino) dropped='SparkFun Thing Plus RP2040' (from arduino:earlephilhower-arduino-pico/sparkfun_thingplusrp2040/arduino)
family vidpid=0x1b4f:0x4026 sim=0.68 kept='SparkFun MicroMod RP2040' (from arduino:earlephilhower-arduino-pico/sparkfun_micromodrp2040/arduino) dropped='SparkFun Thing Plus RP2040' (from arduino:earlephilhower-arduino-pico/sparkfun_thingplusrp2040/arduino)
family vidpid=0x1b4f:0x4126 sim=0.68 kept='SparkFun MicroMod RP2040' (from arduino:earlephilhower-arduino-pico/sparkfun_micromodrp2040/arduino) dropped='SparkFun Thing Plus RP2040' (from arduino:earlephilhower-arduino-pico/sparkfun_thingplusrp2040/arduino)
family vidpid=0x1b4f:0x8026 sim=0.68 kept='SparkFun MicroMod RP2040' (from arduino:earlephilhower-arduino-pico/sparkfun_micromodrp2040/arduino) dropped='SparkFun Thing Plus RP2040' (from arduino:earlephilhower-arduino-pico/sparkfun_thingplusrp2040/arduino)
family vidpid=0x1b4f:0x8126 sim=0.68 kept='SparkFun MicroMod RP2040' (from arduino:earlephilhower-arduino-pico/sparkfun_micromodrp2040/arduino) dropped='SparkFun Thing Plus RP2040' (from arduino:earlephilhower-arduino-pico/sparkfun_thingplusrp2040/arduino)
family vidpid=0x1b4f:0xc026 sim=0.68 kept='SparkFun MicroMod RP2040' (from arduino:earlephilhower-arduino-pico/sparkfun_micromodrp2040/arduino) dropped='SparkFun Thing Plus RP2040' (from arduino:earlephilhower-arduino-pico/sparkfun_thingplusrp2040/arduino)
family vidpid=0x1b4f:0xc126 sim=0.68 kept='SparkFun MicroMod RP2040' (from arduino:earlephilhower-arduino-pico/sparkfun_micromodrp2040/arduino) dropped='SparkFun Thing Plus RP2040' (from arduino:earlephilhower-arduino-pico/sparkfun_thingplusrp2040/arduino)
family vidpid=0x2e8a:0x103a sim=0.79 kept='Waveshare RP2040 Matrix' (from arduino:earlephilhower-arduino-pico/waveshare_rp2040_matrix/arduino) dropped='Waveshare RP2040 One' (from arduino:earlephilhower-arduino-pico/waveshare_rp2040_one/arduino)
family vidpid=0x2e8a:0x113a sim=0.79 kept='Waveshare RP2040 Matrix' (from arduino:earlephilhower-arduino-pico/waveshare_rp2040_matrix/arduino) dropped='Waveshare RP2040 One' (from arduino:earlephilhower-arduino-pico/waveshare_rp2040_one/arduino)
family vidpid=0x2e8a:0x503a sim=0.79 kept='Waveshare RP2040 Matrix' (from arduino:earlephilhower-arduino-pico/waveshare_rp2040_matrix/arduino) dropped='Waveshare RP2040 One' (from arduino:earlephilhower-arduino-pico/waveshare_rp2040_one/arduino)
family vidpid=0x2e8a:0x513a sim=0.79 kept='Waveshare RP2040 Matrix' (from arduino:earlephilhower-arduino-pico/waveshare_rp2040_matrix/arduino) dropped='Waveshare RP2040 One' (from arduino:earlephilhower-arduino-pico/waveshare_rp2040_one/arduino)
family vidpid=0x2e8a:0x903a sim=0.79 kept='Waveshare RP2040 Matrix' (from arduino:earlephilhower-arduino-pico/waveshare_rp2040_matrix/arduino) dropped='Waveshare RP2040 One' (from arduino:earlephilhower-arduino-pico/waveshare_rp2040_one/arduino)
family vidpid=0x2e8a:0x913a sim=0.79 kept='Waveshare RP2040 Matrix' (from arduino:earlephilhower-arduino-pico/waveshare_rp2040_matrix/arduino) dropped='Waveshare RP2040 One' (from arduino:earlephilhower-arduino-pico/waveshare_rp2040_one/arduino)
family vidpid=0x2e8a:0xd03a sim=0.79 kept='Waveshare RP2040 Matrix' (from arduino:earlephilhower-arduino-pico/waveshare_rp2040_matrix/arduino) dropped='Waveshare RP2040 One' (from arduino:earlephilhower-arduino-pico/waveshare_rp2040_one/arduino)
family vidpid=0x2e8a:0xd13a sim=0.79 kept='Waveshare RP2040 Matrix' (from arduino:earlephilhower-arduino-pico/waveshare_rp2040_matrix/arduino) dropped='Waveshare RP2040 One' (from arduino:earlephilhower-arduino-pico/waveshare_rp2040_one/arduino)
family vidpid=0x2e8a:0x0003 sim=0.82 kept='Waveshare RP2040 LoRa' (from arduino:earlephilhower-arduino-pico/waveshare_rp2040_lora/arduino) dropped='Waveshare RP2040 PiZero' (from arduino:earlephilhower-arduino-pico/waveshare_rp2040_pizero/arduino)
family vidpid=0x2e8a:0x0103 sim=0.82 kept='Waveshare RP2040 LoRa' (from arduino:earlephilhower-arduino-pico/waveshare_rp2040_lora/arduino) dropped='Waveshare RP2040 PiZero' (from arduino:earlephilhower-arduino-pico/waveshare_rp2040_pizero/arduino)
family vidpid=0x2e8a:0x4003 sim=0.82 kept='Waveshare RP2040 LoRa' (from arduino:earlephilhower-arduino-pico/waveshare_rp2040_lora/arduino) dropped='Waveshare RP2040 PiZero' (from arduino:earlephilhower-arduino-pico/waveshare_rp2040_pizero/arduino)
family vidpid=0x2e8a:0x4103 sim=0.82 kept='Waveshare RP2040 LoRa' (from arduino:earlephilhower-arduino-pico/waveshare_rp2040_lora/arduino) dropped='Waveshare RP2040 PiZero' (from arduino:earlephilhower-arduino-pico/waveshare_rp2040_pizero/arduino)
family vidpid=0x2e8a:0x8003 sim=0.82 kept='Waveshare RP2040 LoRa' (from arduino:earlephilhower-arduino-pico/waveshare_rp2040_lora/arduino) dropped='Waveshare RP2040 PiZero' (from arduino:earlephilhower-arduino-pico/waveshare_rp2040_pizero/arduino)
family vidpid=0x2e8a:0x8103 sim=0.82 kept='Waveshare RP2040 LoRa' (from arduino:earlephilhower-arduino-pico/waveshare_rp2040_lora/arduino) dropped='Waveshare RP2040 PiZero' (from arduino:earlephilhower-arduino-pico/waveshare_rp2040_pizero/arduino)
family vidpid=0x2e8a:0xc003 sim=0.82 kept='Waveshare RP2040 LoRa' (from arduino:earlephilhower-arduino-pico/waveshare_rp2040_lora/arduino) dropped='Waveshare RP2040 PiZero' (from arduino:earlephilhower-arduino-pico/waveshare_rp2040_pizero/arduino)
family vidpid=0x2e8a:0xc103 sim=0.82 kept='Waveshare RP2040 LoRa' (from arduino:earlephilhower-arduino-pico/waveshare_rp2040_lora/arduino) dropped='Waveshare RP2040 PiZero' (from arduino:earlephilhower-arduino-pico/waveshare_rp2040_pizero/arduino)
family vidpid=0x303a:0x8242 sim=0.76 kept='Waveshare ESP32-S3-LCD-1.46' (from arduino:espressif-arduino-esp32/waveshare_esp32_s3_lcd_146/arduino) dropped='Waveshare ESP32-S3-Relay-6CH' (from arduino:espressif-arduino-esp32/waveshare_esp32_s3_relay_6ch/arduino)
family vidpid=0x303a:0x8242 sim=0.76 kept='Waveshare ESP32-S3-LCD-1.46' (from arduino:espressif-arduino-esp32/waveshare_esp32_s3_lcd_146/arduino) dropped='Waveshare ESP32-S3-Touch-AMOLED-2.41' (from arduino:espressif-arduino-esp32/waveshare_esp32_s3_touch_amoled_241/arduino)
family vidpid=0x303a:0x8242 sim=0.78 kept='Waveshare ESP32-S3-LCD-1.46' (from arduino:espressif-arduino-esp32/waveshare_esp32_s3_lcd_146/arduino) dropped='Waveshare ESP32-S3-Touch-LCD-1.85-BOX' (from arduino:espressif-arduino-esp32/waveshare_esp32_s3_touch_lcd_185_box/arduino)
family vidpid=0x303a:0x8242 sim=0.81 kept='Waveshare ESP32-S3-LCD-1.46' (from arduino:espressif-arduino-esp32/waveshare_esp32_s3_lcd_146/arduino) dropped='Waveshare ESP32-S3-Touch-LCD-2.1' (from arduino:espressif-arduino-esp32/waveshare_esp32_s3_touch_lcd_21/arduino)
family vidpid=0x303a:0x8242 sim=0.81 kept='Waveshare ESP32-S3-LCD-1.46' (from arduino:espressif-arduino-esp32/waveshare_esp32_s3_lcd_146/arduino) dropped='Waveshare ESP32-S3-Touch-LCD-2.8' (from arduino:espressif-arduino-esp32/waveshare_esp32_s3_touch_lcd_28/arduino)
family vidpid=0x0483:0x5740 sim=0.55 kept='3D printer boards' (from arduino:stm32duino-arduino_core_stm32/3dprinter/arduino) dropped='Elecgator boards' (from arduino:stm32duino-arduino_core_stm32/Elecgator/arduino)
family vidpid=0x0483:0x5740 sim=0.54 kept='Generic STM32F0 series' (from arduino:stm32duino-arduino_core_stm32/GenF0/arduino) dropped='Generic Flight Controllers' (from arduino:stm32duino-arduino_core_stm32/GenFlight/arduino)
family vidpid=0x0483:0x3744 sim=0.74 kept='Nucleo-144' (from arduino:stm32duino-arduino_core_stm32/Nucleo_144/arduino) dropped='Nucleo-32' (from arduino:stm32duino-arduino_core_stm32/Nucleo_32/arduino)
family vidpid=0x0483:0x3748 sim=0.74 kept='Nucleo-144' (from arduino:stm32duino-arduino_core_stm32/Nucleo_144/arduino) dropped='Nucleo-32' (from arduino:stm32duino-arduino_core_stm32/Nucleo_32/arduino)
family vidpid=0x0483:0x374b sim=0.74 kept='Nucleo-144' (from arduino:stm32duino-arduino_core_stm32/Nucleo_144/arduino) dropped='Nucleo-32' (from arduino:stm32duino-arduino_core_stm32/Nucleo_32/arduino)
family vidpid=0x0483:0x374e sim=0.74 kept='Nucleo-144' (from arduino:stm32duino-arduino_core_stm32/Nucleo_144/arduino) dropped='Nucleo-32' (from arduino:stm32duino-arduino_core_stm32/Nucleo_32/arduino)
family vidpid=0x0483:0x374f sim=0.74 kept='Nucleo-144' (from arduino:stm32duino-arduino_core_stm32/Nucleo_144/arduino) dropped='Nucleo-32' (from arduino:stm32duino-arduino_core_stm32/Nucleo_32/arduino)
family vidpid=0x0483:0x3752 sim=0.74 kept='Nucleo-144' (from arduino:stm32duino-arduino_core_stm32/Nucleo_144/arduino) dropped='Nucleo-32' (from arduino:stm32duino-arduino_core_stm32/Nucleo_32/arduino)
family vidpid=0x0483:0x3753 sim=0.74 kept='Nucleo-144' (from arduino:stm32duino-arduino_core_stm32/Nucleo_144/arduino) dropped='Nucleo-32' (from arduino:stm32duino-arduino_core_stm32/Nucleo_32/arduino)
family vidpid=0x0483:0x3744 sim=0.84 kept='Nucleo-144' (from arduino:stm32duino-arduino_core_stm32/Nucleo_144/arduino) dropped='Nucleo-64' (from arduino:stm32duino-arduino_core_stm32/Nucleo_64/arduino)
family vidpid=0x0483:0x3748 sim=0.84 kept='Nucleo-144' (from arduino:stm32duino-arduino_core_stm32/Nucleo_144/arduino) dropped='Nucleo-64' (from arduino:stm32duino-arduino_core_stm32/Nucleo_64/arduino)
family vidpid=0x0483:0x374b sim=0.84 kept='Nucleo-144' (from arduino:stm32duino-arduino_core_stm32/Nucleo_144/arduino) dropped='Nucleo-64' (from arduino:stm32duino-arduino_core_stm32/Nucleo_64/arduino)
family vidpid=0x0483:0x374e sim=0.84 kept='Nucleo-144' (from arduino:stm32duino-arduino_core_stm32/Nucleo_144/arduino) dropped='Nucleo-64' (from arduino:stm32duino-arduino_core_stm32/Nucleo_64/arduino)
family vidpid=0x0483:0x374f sim=0.84 kept='Nucleo-144' (from arduino:stm32duino-arduino_core_stm32/Nucleo_144/arduino) dropped='Nucleo-64' (from arduino:stm32duino-arduino_core_stm32/Nucleo_64/arduino)
family vidpid=0x0483:0x3752 sim=0.84 kept='Nucleo-144' (from arduino:stm32duino-arduino_core_stm32/Nucleo_144/arduino) dropped='Nucleo-64' (from arduino:stm32duino-arduino_core_stm32/Nucleo_64/arduino)
family vidpid=0x0483:0x3753 sim=0.84 kept='Nucleo-144' (from arduino:stm32duino-arduino_core_stm32/Nucleo_144/arduino) dropped='Nucleo-64' (from arduino:stm32duino-arduino_core_stm32/Nucleo_64/arduino)
family vidpid=0x1b4f:0x9208 sim=0.58 kept='LilyPad Arduino USB' (from arduino:arduino-arduinocore-avr/LilyPadUSB/arduino) dropped='Arduino LilyPad USB' (from platformio:atmelavr/LilyPadUSB/platformio)
family vidpid=0x1b4f:0x9207 sim=0.58 kept='LilyPad Arduino USB' (from arduino:arduino-arduinocore-avr/LilyPadUSB/arduino) dropped='Arduino LilyPad USB' (from platformio:atmelavr/LilyPadUSB/platformio)
family vidpid=0x03eb:0x2404 sim=0.81 kept='RedBearLab Blend Micro 3.3V/16MHz (overclock)' (from platformio:atmelavr/blendmicro16/platformio) dropped='RedBearLab Blend Micro 3.3V/8MHz' (from platformio:atmelavr/blendmicro8/platformio)
family vidpid=0x2341:0x0010 sim=0.65 kept='Controllino Maxi Automation' (from platformio:atmelavr/controllino_maxi_automation/platformio) dropped='Controllino Mega' (from platformio:atmelavr/controllino_mega/platformio)
family vidpid=0x2341:0x0042 sim=0.65 kept='Controllino Maxi Automation' (from platformio:atmelavr/controllino_maxi_automation/platformio) dropped='Controllino Mega' (from platformio:atmelavr/controllino_mega/platformio)
family vidpid=0x2a03:0x0010 sim=0.65 kept='Controllino Maxi Automation' (from platformio:atmelavr/controllino_maxi_automation/platformio) dropped='Controllino Mega' (from platformio:atmelavr/controllino_mega/platformio)
family vidpid=0x2a03:0x0042 sim=0.65 kept='Controllino Maxi Automation' (from platformio:atmelavr/controllino_maxi_automation/platformio) dropped='Controllino Mega' (from platformio:atmelavr/controllino_mega/platformio)
family vidpid=0x2341:0x8037 sim=0.55 kept='Arduino Micro' (from arduino:arduino-arduinocore-avr/micro/arduino) dropped='SparkFun Pro Micro 5V/16MHz' (from platformio:atmelavr/sparkfun_promicro16/platformio)
family vidpid=0x2341:0x0037 sim=0.55 kept='Arduino Micro' (from arduino:arduino-arduinocore-avr/micro/arduino) dropped='SparkFun Pro Micro 5V/16MHz' (from platformio:atmelavr/sparkfun_promicro16/platformio)
family vidpid=0x2341:0x8037 sim=0.54 kept='Arduino Micro' (from arduino:arduino-arduinocore-avr/micro/arduino) dropped='SparkFun Pro Micro 3.3V/8MHz' (from platformio:atmelavr/sparkfun_promicro8/platformio)
family vidpid=0x2341:0x0037 sim=0.54 kept='Arduino Micro' (from arduino:arduino-arduinocore-avr/micro/arduino) dropped='SparkFun Pro Micro 3.3V/8MHz' (from platformio:atmelavr/sparkfun_promicro8/platformio)
family vidpid=0x239a:0x8020 sim=0.71 kept='Adafruit Grand Central M4' (from platformio:atmelsam/adafruit_grandcentral_m4/platformio) dropped='Adafruit Metro M4' (from platformio:atmelsam/adafruit_metro_m4/platformio)
family vidpid=0x239a:0x0020 sim=0.71 kept='Adafruit Grand Central M4' (from platformio:atmelsam/adafruit_grandcentral_m4/platformio) dropped='Adafruit Metro M4' (from platformio:atmelsam/adafruit_metro_m4/platformio)
family vidpid=0x239a:0x0033 sim=0.70 kept='Adafruit pyBadge AirLift M4' (from platformio:atmelsam/adafruit_pybadge_airlift_m4/platformio) dropped='Adafruit pyBadge M4 Express' (from platformio:atmelsam/adafruit_pybadge_m4/platformio)
family vidpid=0x239a:0x801e sim=0.71 kept='Adafruit pIRkey' (from platformio:atmelsam/adafruit_pirkey/platformio) dropped='Adafruit Trinket M0' (from platformio:atmelsam/adafruit_trinket_m0/platformio)
family vidpid=0x239a:0x001e sim=0.71 kept='Adafruit pIRkey' (from platformio:atmelsam/adafruit_pirkey/platformio) dropped='Adafruit Trinket M0' (from platformio:atmelsam/adafruit_trinket_m0/platformio)
family vidpid=0x2341:0x003e sim=0.71 kept='Arduino Due (Programming Port)' (from platformio:atmelsam/due/platformio) dropped='Arduino Due (USB Native Port)' (from platformio:atmelsam/dueUSB/platformio)
family vidpid=0x2341:0x804e sim=0.83 kept='Arduino MKR 1000 WiFi' (from arduino:arduino-arduinocore-samd/mkr1000/arduino) dropped='Arduino MKR1000' (from platformio:atmelsam/mkr1000USB/platformio)
family vidpid=0x2341:0x004e sim=0.83 kept='Arduino MKR 1000 WiFi' (from arduino:arduino-arduinocore-samd/mkr1000/arduino) dropped='Arduino MKR1000' (from platformio:atmelsam/mkr1000USB/platformio)
family vidpid=0x2341:0x824e sim=0.83 kept='Arduino MKR 1000 WiFi' (from arduino:arduino-arduinocore-samd/mkr1000/arduino) dropped='Arduino MKR1000' (from platformio:atmelsam/mkr1000USB/platformio)
family vidpid=0x2341:0x024e sim=0.83 kept='Arduino MKR 1000 WiFi' (from arduino:arduino-arduinocore-samd/mkr1000/arduino) dropped='Arduino MKR1000' (from platformio:atmelsam/mkr1000USB/platformio)
family vidpid=0x2341:0x8056 sim=0.78 kept='Arduino MKR Vidor 4000' (from arduino:arduino-arduinocore-samd/mkrvidor4000/arduino) dropped='MKR Vidor 4000' (from platformio:atmelsam/mkrvidor4000/platformio)
family vidpid=0x2341:0x0056 sim=0.78 kept='Arduino MKR Vidor 4000' (from arduino:arduino-arduinocore-samd/mkrvidor4000/arduino) dropped='MKR Vidor 4000' (from platformio:atmelsam/mkrvidor4000/platformio)
family vidpid=0x2a03:0x804f sim=0.70 kept='Arduino M0 Pro (Native USB Port)' (from arduino:arduino-arduinocore-samd/mzero_pro_bl/arduino) dropped='Arduino M0 Pro (Programming/Debug Port)' (from platformio:atmelsam/mzeropro/platformio)
family vidpid=0x2341:0x8057 sim=0.73 kept='Arduino NANO 33 IoT' (from arduino:arduino-arduinocore-samd/nano_33_iot/arduino) dropped='NANO 33 IoT' (from platformio:atmelsam/nano_33_iot/platformio)
family vidpid=0x2341:0x0057 sim=0.73 kept='Arduino NANO 33 IoT' (from arduino:arduino-arduinocore-samd/nano_33_iot/arduino) dropped='NANO 33 IoT' (from platformio:atmelsam/nano_33_iot/platformio)
family vidpid=0x2341:0x003e sim=0.81 kept='Arduino Due (Programming Port)' (from platformio:atmelsam/due/platformio) dropped='SainSmart Due (Programming Port)' (from platformio:atmelsam/sainSmartDue/platformio)
family vidpid=0x2341:0x003e sim=0.52 kept='Arduino Due (Programming Port)' (from platformio:atmelsam/due/platformio) dropped='SainSmart Due (USB Native Port)' (from platformio:atmelsam/sainSmartDueUSB/platformio)
family vidpid=0x2886:0x802f sim=0.69 kept='Seeeduino Femto M0' (from platformio:atmelsam/seeed_femto/platformio) dropped='Seeeduino XIAO' (from platformio:atmelsam/seeed_xiao/platformio)
family vidpid=0x2886:0x002f sim=0.69 kept='Seeeduino Femto M0' (from platformio:atmelsam/seeed_femto/platformio) dropped='Seeeduino XIAO' (from platformio:atmelsam/seeed_xiao/platformio)
family vidpid=0x2341:0x804d sim=0.72 kept='Arduino Zero (Programming Port)' (from arduino:arduino-arduinocore-samd/arduino_zero_edbg/arduino) dropped='Arduino Zero (USB Native Port)' (from platformio:atmelsam/zeroUSB/platformio)
family vidpid=0x239a:0x800a sim=0.78 kept='ATMegaZero ESP32-S2' (from arduino:espressif-arduino-esp32/atmegazero_esp32s2/arduino) dropped='EspinalLab ATMegaZero ESP32-S2' (from platformio:espressif32/atmegazero_esp32s2/platformio)
family vidpid=0x303a:0x815c sim=0.83 kept='Bee Data Logger' (from arduino:espressif-arduino-esp32/Bee_Data_Logger/arduino) dropped='Smart Bee Data Logger' (from platformio:espressif32/bee_data_logger/platformio)
family vidpid=0x303a:0x810d sim=0.77 kept='Bee Motion' (from arduino:espressif-arduino-esp32/Bee_Motion/arduino) dropped='Smart Bee Motion' (from platformio:espressif32/bee_motion/platformio)
family vidpid=0x303a:0x8113 sim=0.81 kept='Bee Motion S3' (from arduino:espressif-arduino-esp32/Bee_Motion_S3/arduino) dropped='Smart Bee Motion S3' (from platformio:espressif32/bee_motion_s3/platformio)
family vidpid=0x303a:0x8110 sim=0.67 kept='Bee S3' (from arduino:espressif-arduino-esp32/Bee_S3/arduino) dropped='Smart Bee S3' (from platformio:espressif32/bee_s3/platformio)
family vidpid=0x1a86:0x7523 sim=0.75 kept='OLIMEX ESP32-DevKit-LiPo' (from platformio:espressif32/esp32-devkitlipo/platformio) dropped='OLIMEX ESP32-EVB' (from platformio:espressif32/esp32-evb/platformio)
family vidpid=0x1a86:0x7523 sim=0.64 kept='OLIMEX ESP32-DevKit-LiPo' (from platformio:espressif32/esp32-devkitlipo/platformio) dropped='OLIMEX ESP32-GATEWAY' (from platformio:espressif32/esp32-gateway/platformio)
family vidpid=0x1a86:0x7523 sim=0.68 kept='OLIMEX ESP32-DevKit-LiPo' (from platformio:espressif32/esp32-devkitlipo/platformio) dropped='OLIMEX ESP32-PoE-ISO' (from platformio:espressif32/esp32-poe-iso/platformio)
family vidpid=0x1a86:0x7523 sim=0.75 kept='OLIMEX ESP32-DevKit-LiPo' (from platformio:espressif32/esp32-devkitlipo/platformio) dropped='OLIMEX ESP32-PoE' (from platformio:espressif32/esp32-poe/platformio)
family vidpid=0x239a:0x80eb sim=0.56 kept='Adafruit Feather ESP32-S2' (from arduino:espressif-arduino-esp32/adafruit_feather_esp32s2/arduino) dropped='Adafruit ESP32-S2 Feather Development Board' (from platformio:espressif32/featheresp32-s2/platformio)
family vidpid=0x239a:0x00eb sim=0.56 kept='Adafruit Feather ESP32-S2' (from arduino:espressif-arduino-esp32/adafruit_feather_esp32s2/arduino) dropped='Adafruit ESP32-S2 Feather Development Board' (from platformio:espressif32/featheresp32-s2/platformio)
family vidpid=0x239a:0x80ec sim=0.56 kept='Adafruit Feather ESP32-S2' (from arduino:espressif-arduino-esp32/adafruit_feather_esp32s2/arduino) dropped='Adafruit ESP32-S2 Feather Development Board' (from platformio:espressif32/featheresp32-s2/platformio)
family vidpid=0x303a:0x80c2 sim=0.81 kept='LOLIN S2 Mini' (from arduino:espressif-arduino-esp32/lolin_s2_mini/arduino) dropped='WEMOS LOLIN S2 Mini' (from platformio:espressif32/lolin_s2_mini/platformio)
family vidpid=0x303a:0x80c5 sim=0.81 kept='LOLIN S2 PICO' (from arduino:espressif-arduino-esp32/lolin_s2_pico/arduino) dropped='WEMOS LOLIN S2 PICO' (from platformio:espressif32/lolin_s2_pico/platformio)
family vidpid=0x303a:0x8167 sim=0.81 kept='LOLIN S3 Mini' (from arduino:espressif-arduino-esp32/lolin_s3_mini/arduino) dropped='WEMOS LOLIN S3 Mini' (from platformio:espressif32/lolin_s3_mini/platformio)
family vidpid=0x303a:0x8161 sim=0.80 kept='LOLIN S3 Pro' (from arduino:espressif-arduino-esp32/lolin_s3_pro/arduino) dropped='WEMOS LOLIN S3 PRO' (from platformio:espressif32/lolin_s3_pro/platformio)
family vidpid=0x2886:0x0056 sim=0.59 kept='XIAO_ESP32S3' (from arduino:espressif-arduino-esp32/XIAO_ESP32S3/arduino) dropped='Seeed Studio XIAO ESP32S3' (from platformio:espressif32/seeed_xiao_esp32s3/platformio)
family vidpid=0x2886:0x8056 sim=0.59 kept='XIAO_ESP32S3' (from arduino:espressif-arduino-esp32/XIAO_ESP32S3/arduino) dropped='Seeed Studio XIAO ESP32S3' (from platformio:espressif32/seeed_xiao_esp32s3/platformio)
family vidpid=0x239a:0x80ab sim=0.63 kept='UM FeatherS2' (from arduino:espressif-arduino-esp32/um_feathers2/arduino) dropped='Unexpected Maker FeatherS2' (from platformio:espressif32/um_feathers2/platformio)
family vidpid=0x303a:0x80b4 sim=0.70 kept='UM FeatherS2 Neo' (from arduino:espressif-arduino-esp32/um_feathers2neo/arduino) dropped='Unexpected Maker FeatherS2 Neo' (from platformio:espressif32/um_feathers2_neo/platformio)
family vidpid=0x303a:0x8179 sim=0.56 kept='UM NanoS3' (from arduino:espressif-arduino-esp32/um_nanos3/arduino) dropped='Unexpected Maker NanoS3' (from platformio:espressif32/um_nanos3/platformio)
family vidpid=0x303a:0x8001 sim=0.56 kept='UM TinyS2' (from arduino:espressif-arduino-esp32/um_tinys2/arduino) dropped='Unexpected Maker TinyS2' (from platformio:espressif32/um_tinys2/platformio)
family vidpid=0x303a:0x80d0 sim=0.82 kept='Unexpected Maker FeatherS3' (from platformio:espressif32/um_feathers3/platformio) dropped='Unexpected Maker TinyS3' (from platformio:espressif32/um_tinys3/platformio)
family vidpid=0x239a:0x8071 sim=0.74 kept='Adafruit CLUE' (from arduino:adafruit-adafruit_nrf52_arduino/cluenrf52840/arduino) dropped='Adafruit CLUE nRF52840' (from platformio:nordicnrf52/adafruit_clue_nrf52840/platformio)
family vidpid=0x239a:0x0071 sim=0.74 kept='Adafruit CLUE' (from arduino:adafruit-adafruit_nrf52_arduino/cluenrf52840/arduino) dropped='Adafruit CLUE nRF52840' (from platformio:nordicnrf52/adafruit_clue_nrf52840/platformio)
family vidpid=0x239a:0x8072 sim=0.74 kept='Adafruit CLUE' (from arduino:adafruit-adafruit_nrf52_arduino/cluenrf52840/arduino) dropped='Adafruit CLUE nRF52840' (from platformio:nordicnrf52/adafruit_clue_nrf52840/platformio)
family vidpid=0x239a:0x8029 sim=0.62 kept='Adafruit Bluefruit nRF52832 Feather' (from platformio:nordicnrf52/adafruit_feather_nrf52832/platformio) dropped='Adafruit Feather nRF52840 Express' (from platformio:nordicnrf52/adafruit_feather_nrf52840/platformio)
family vidpid=0x239a:0x0029 sim=0.62 kept='Adafruit Bluefruit nRF52832 Feather' (from platformio:nordicnrf52/adafruit_feather_nrf52832/platformio) dropped='Adafruit Feather nRF52840 Express' (from platformio:nordicnrf52/adafruit_feather_nrf52840/platformio)
family vidpid=0x239a:0x002a sim=0.62 kept='Adafruit Bluefruit nRF52832 Feather' (from platformio:nordicnrf52/adafruit_feather_nrf52832/platformio) dropped='Adafruit Feather nRF52840 Express' (from platformio:nordicnrf52/adafruit_feather_nrf52840/platformio)
family vidpid=0x239a:0x802a sim=0.62 kept='Adafruit Bluefruit nRF52832 Feather' (from platformio:nordicnrf52/adafruit_feather_nrf52832/platformio) dropped='Adafruit Feather nRF52840 Express' (from platformio:nordicnrf52/adafruit_feather_nrf52840/platformio)
family vidpid=0x239a:0x8087 sim=0.76 kept='Adafruit Feather nRF52840 Sense' (from arduino:adafruit-adafruit_nrf52_arduino/feather52840sense/arduino) dropped='Adafruit Feather Bluefruit Sense' (from platformio:nordicnrf52/adafruit_feather_nrf52840_sense/platformio)
family vidpid=0x239a:0x0087 sim=0.76 kept='Adafruit Feather nRF52840 Sense' (from arduino:adafruit-adafruit_nrf52_arduino/feather52840sense/arduino) dropped='Adafruit Feather Bluefruit Sense' (from platformio:nordicnrf52/adafruit_feather_nrf52840_sense/platformio)
family vidpid=0x239a:0x0088 sim=0.76 kept='Adafruit Feather nRF52840 Sense' (from arduino:adafruit-adafruit_nrf52_arduino/feather52840sense/arduino) dropped='Adafruit Feather Bluefruit Sense' (from platformio:nordicnrf52/adafruit_feather_nrf52840_sense/platformio)
family vidpid=0x239a:0x8088 sim=0.76 kept='Adafruit Feather nRF52840 Sense' (from arduino:adafruit-adafruit_nrf52_arduino/feather52840sense/arduino) dropped='Adafruit Feather Bluefruit Sense' (from platformio:nordicnrf52/adafruit_feather_nrf52840_sense/platformio)
family vidpid=0x239a:0x0029 sim=0.56 kept='Adafruit Bluefruit nRF52832 Feather' (from platformio:nordicnrf52/adafruit_feather_nrf52832/platformio) dropped='Adafruit LED Glasses Driver nRF52840' (from platformio:nordicnrf52/adafruit_ledglasses_nrf52840/platformio)
family vidpid=0x239a:0x803f sim=0.83 kept='Adafruit Metro nRF52840 Express' (from arduino:adafruit-adafruit_nrf52_arduino/metro52840/arduino) dropped='Metro nRF52840 Express' (from platformio:nordicnrf52/adafruit_metro_nrf52840/platformio)
family vidpid=0x239a:0x003f sim=0.83 kept='Adafruit Metro nRF52840 Express' (from arduino:adafruit-adafruit_nrf52_arduino/metro52840/arduino) dropped='Metro nRF52840 Express' (from platformio:nordicnrf52/adafruit_metro_nrf52840/platformio)
family vidpid=0x239a:0x0040 sim=0.83 kept='Adafruit Metro nRF52840 Express' (from arduino:adafruit-adafruit_nrf52_arduino/metro52840/arduino) dropped='Metro nRF52840 Express' (from platformio:nordicnrf52/adafruit_metro_nrf52840/platformio)
family vidpid=0x239a:0x8040 sim=0.83 kept='Adafruit Metro nRF52840 Express' (from arduino:adafruit-adafruit_nrf52_arduino/metro52840/arduino) dropped='Metro nRF52840 Express' (from platformio:nordicnrf52/adafruit_metro_nrf52840/platformio)
family vidpid=0x239a:0x810b sim=0.65 kept='Raytac nRF52840 Dongle' (from arduino:adafruit-adafruit_nrf52_arduino/mdbt50qrx/arduino) dropped='Raytac MDBT50Q-RX Dongle' (from platformio:nordicnrf52/raytac_mdbt50q_rx/platformio)
family vidpid=0x239a:0x010b sim=0.65 kept='Raytac nRF52840 Dongle' (from arduino:adafruit-adafruit_nrf52_arduino/mdbt50qrx/arduino) dropped='Raytac MDBT50Q-RX Dongle' (from platformio:nordicnrf52/raytac_mdbt50q_rx/platformio)
family vidpid=0x239a:0x810c sim=0.65 kept='Raytac nRF52840 Dongle' (from arduino:adafruit-adafruit_nrf52_arduino/mdbt50qrx/arduino) dropped='Raytac MDBT50Q-RX Dongle' (from platformio:nordicnrf52/raytac_mdbt50q_rx/platformio)
family vidpid=0x0403:0x6010 sim=0.81 kept='RVfpga: Digilent Nexys A7' (from platformio:chipsalliance/swervolf_nexys/platformio) dropped='Digilent Nexys A7' (from platformio:openhw/nexys_a7/platformio)
family vidpid=0x0403:0x6010 sim=0.85 kept='Freedom E310 Arty (Artix-7) FPGA Dev Kit' (from platformio:riscv/coreplexip-e31-arty/platformio) dropped='E51 Arty (Artix-7) FPGA Dev Kit' (from platformio:riscv/coreplexip-e51-arty/platformio)
family vidpid=0x002a:0x15ba sim=0.51 kept='Arty A7-100: Artix-7 FPGA Development Board' (from platformio:shakti/artix7_100t/platformio) dropped='Parashu on Artix-7 100T Arty FPGA Evaluation Kit' (from platformio:shakti/parashu/platformio)
family vidpid=0x1eaf:0x0003 sim=0.82 kept='BlackPill F103C8' (from platformio:ststm32/blackpill_f103c8/platformio) dropped='BlackPill F103C8 (128k)' (from platformio:ststm32/blackpill_f103c8_128/platformio)
family vidpid=0x1eaf:0x0004 sim=0.82 kept='BlackPill F103C8' (from platformio:ststm32/blackpill_f103c8/platformio) dropped='BlackPill F103C8 (128k)' (from platformio:ststm32/blackpill_f103c8_128/platformio)
family vidpid=0x1eaf:0x0003 sim=0.77 kept='BlackPill F103C8' (from platformio:ststm32/blackpill_f103c8/platformio) dropped='BluePill F103C6' (from platformio:ststm32/bluepill_f103c6/platformio)
family vidpid=0x1eaf:0x0004 sim=0.77 kept='BlackPill F103C8' (from platformio:ststm32/blackpill_f103c8/platformio) dropped='BluePill F103C6' (from platformio:ststm32/bluepill_f103c6/platformio)
family vidpid=0x1eaf:0x0003 sim=0.84 kept='BlackPill F103C8' (from platformio:ststm32/blackpill_f103c8/platformio) dropped='BluePill F103C8' (from platformio:ststm32/bluepill_f103c8/platformio)
family vidpid=0x1eaf:0x0004 sim=0.84 kept='BlackPill F103C8' (from platformio:ststm32/blackpill_f103c8/platformio) dropped='BluePill F103C8' (from platformio:ststm32/bluepill_f103c8/platformio)
family vidpid=0x1eaf:0x0003 sim=0.68 kept='BlackPill F103C8' (from platformio:ststm32/blackpill_f103c8/platformio) dropped='BluePill F103C8 (128k)' (from platformio:ststm32/bluepill_f103c8_128k/platformio)
family vidpid=0x1eaf:0x0004 sim=0.68 kept='BlackPill F103C8' (from platformio:ststm32/blackpill_f103c8/platformio) dropped='BluePill F103C8 (128k)' (from platformio:ststm32/bluepill_f103c8_128k/platformio)
family vidpid=0x1209:0x6665 sim=0.74 kept='Cicada-L082CZ' (from platformio:ststm32/cicada_l082cz/platformio) dropped='Cricket-L082CZ' (from platformio:ststm32/cricket_l082cz/platformio)
family vidpid=0x0483:0xdf11 sim=0.74 kept='Cicada-L082CZ' (from platformio:ststm32/cicada_l082cz/platformio) dropped='Cricket-L082CZ' (from platformio:ststm32/cricket_l082cz/platformio)
family vidpid=0x0483:0xdf11 sim=0.67 kept='Cicada-L082CZ' (from platformio:ststm32/cicada_l082cz/platformio) dropped='Econode-L082CZ' (from platformio:ststm32/econode_l082cz/platformio)
family vidpid=0x1eaf:0x0003 sim=0.80 kept='STM32F103C8 (20k RAM. 64k Flash)' (from platformio:ststm32/genericSTM32F103C8/platformio) dropped='STM32F103RE (64k RAM. 512k Flash)' (from platformio:ststm32/genericSTM32F103RE/platformio)
family vidpid=0x1eaf:0x0004 sim=0.80 kept='STM32F103C8 (20k RAM. 64k Flash)' (from platformio:ststm32/genericSTM32F103C8/platformio) dropped='STM32F103RE (64k RAM. 512k Flash)' (from platformio:ststm32/genericSTM32F103RE/platformio)
family vidpid=0x1eaf:0x0003 sim=0.83 kept='STM32F103C8 (20k RAM. 64k Flash)' (from platformio:ststm32/genericSTM32F103C8/platformio) dropped='STM32F103VD (64k RAM. 384k Flash)' (from platformio:ststm32/genericSTM32F103VD/platformio)
family vidpid=0x1eaf:0x0004 sim=0.83 kept='STM32F103C8 (20k RAM. 64k Flash)' (from platformio:ststm32/genericSTM32F103C8/platformio) dropped='STM32F103VD (64k RAM. 384k Flash)' (from platformio:ststm32/genericSTM32F103VD/platformio)
family vidpid=0x1eaf:0x0003 sim=0.80 kept='STM32F103C8 (20k RAM. 64k Flash)' (from platformio:ststm32/genericSTM32F103C8/platformio) dropped='STM32F103VE (64k RAM. 512k Flash)' (from platformio:ststm32/genericSTM32F103VE/platformio)
family vidpid=0x1eaf:0x0004 sim=0.80 kept='STM32F103C8 (20k RAM. 64k Flash)' (from platformio:ststm32/genericSTM32F103C8/platformio) dropped='STM32F103VE (64k RAM. 512k Flash)' (from platformio:ststm32/genericSTM32F103VE/platformio)
family vidpid=0x1eaf:0x0003 sim=0.83 kept='STM32F103C8 (20k RAM. 64k Flash)' (from platformio:ststm32/genericSTM32F103C8/platformio) dropped='STM32F103ZD (64k RAM. 384k Flash)' (from platformio:ststm32/genericSTM32F103ZD/platformio)
family vidpid=0x1eaf:0x0004 sim=0.83 kept='STM32F103C8 (20k RAM. 64k Flash)' (from platformio:ststm32/genericSTM32F103C8/platformio) dropped='STM32F103ZD (64k RAM. 384k Flash)' (from platformio:ststm32/genericSTM32F103ZD/platformio)
family vidpid=0x1eaf:0x0003 sim=0.80 kept='STM32F103C8 (20k RAM. 64k Flash)' (from platformio:ststm32/genericSTM32F103C8/platformio) dropped='STM32F103ZE (64k RAM. 512k Flash)' (from platformio:ststm32/genericSTM32F103ZE/platformio)
family vidpid=0x1eaf:0x0004 sim=0.80 kept='STM32F103C8 (20k RAM. 64k Flash)' (from platformio:ststm32/genericSTM32F103C8/platformio) dropped='STM32F103ZE (64k RAM. 512k Flash)' (from platformio:ststm32/genericSTM32F103ZE/platformio)
family vidpid=0x1eaf:0x0003 sim=0.78 kept='STM32F103C8 (20k RAM. 64k Flash)' (from platformio:ststm32/genericSTM32F103C8/platformio) dropped='STM32F407IG (192k RAM. 1024k Flash)' (from platformio:ststm32/genericSTM32F407IGT6/platformio)
family vidpid=0x1eaf:0x0003 sim=0.76 kept='STM32F103C8 (20k RAM. 64k Flash)' (from platformio:ststm32/genericSTM32F103C8/platformio) dropped='STM32F407VE (192k RAM. 512k Flash)' (from platformio:ststm32/genericSTM32F407VET6/platformio)
family vidpid=0x1eaf:0x0003 sim=0.78 kept='STM32F103C8 (20k RAM. 64k Flash)' (from platformio:ststm32/genericSTM32F103C8/platformio) dropped='STM32F407VG (128k RAM. 1024k Flash)' (from platformio:ststm32/genericSTM32F407VGT6/platformio)
family vidpid=0x2341:0x0366 sim=0.75 kept='Arduino Giga R1' (from arduino:arduino-arduinocore-mbed/giga/arduino) dropped='Arduino Giga R1 (M4 core)' (from platformio:ststm32/giga_r1_m4/platformio)
family vidpid=0x2341:0x0366 sim=0.75 kept='Arduino Giga R1' (from arduino:arduino-arduinocore-mbed/giga/arduino) dropped='Arduino Giga R1 (M7 core)' (from platformio:ststm32/giga_r1_m7/platformio)
family vidpid=0x1209:0x6665 sim=0.67 kept='Cicada-L082CZ' (from platformio:ststm32/cicada_l082cz/platformio) dropped='Gnat-L082CZ' (from platformio:ststm32/gnat_l082cz/platformio)
family vidpid=0x0483:0xdf11 sim=0.67 kept='Cicada-L082CZ' (from platformio:ststm32/cicada_l082cz/platformio) dropped='Gnat-L082CZ' (from platformio:ststm32/gnat_l082cz/platformio)
family vidpid=0x1209:0x6665 sim=0.52 kept='Cicada-L082CZ' (from platformio:ststm32/cicada_l082cz/platformio) dropped='Grasshopper-L082CZ' (from platformio:ststm32/grasshopper_l082cz/platformio)
family vidpid=0x0483:0xdf11 sim=0.52 kept='Cicada-L082CZ' (from platformio:ststm32/cicada_l082cz/platformio) dropped='Grasshopper-L082CZ' (from platformio:ststm32/grasshopper_l082cz/platformio)
family vidpid=0x2341:0x035f sim=0.80 kept='Arduino Nicla Vision' (from arduino:arduino-arduinocore-mbed/nicla_vision/arduino) dropped='Arduino Nicla Vision (M4 core)' (from platformio:ststm32/nicla_vision_m4/platformio)
family vidpid=0x2341:0x0364 sim=0.50 kept='Opta' (from arduino:arduino-arduinocore-mbed/opta/arduino) dropped='Arduino Opta' (from platformio:ststm32/opta/platformio)
family vidpid=0x2341:0x035b sim=0.79 kept='Arduino Portenta H7' (from arduino:arduino-arduinocore-mbed/envie_m7/arduino) dropped='Arduino Portenta H7 (M4 core)' (from platformio:ststm32/portenta_h7_m4/platformio)
family vidpid=0x2341:0x035b sim=0.79 kept='Arduino Portenta H7' (from arduino:arduino-arduinocore-mbed/envie_m7/arduino) dropped='Arduino Portenta H7 (M7 core)' (from platformio:ststm32/portenta_h7_m7/platformio)
family vidpid=0x1eaf:0x0003 sim=0.69 kept='STM32F103C8 (20k RAM. 64k Flash)' (from platformio:ststm32/genericSTM32F103C8/platformio) dropped='RYMCU STM32F407VE (192k RAM. 512k Flash)' (from platformio:ststm32/rymcu_f407ve/platformio)
family vidpid=0x0483:0x3748 sim=0.83 kept='STM32F407IG (192k RAM. 1024k Flash)' (from platformio:ststm32/genericSTM32F407IGT6/platformio) dropped='RYMCU STM32F407VE (192k RAM. 512k Flash)' (from platformio:ststm32/rymcu_f407ve/platformio)
family vidpid=0x1eaf:0x0003 sim=0.58 kept='STM32F103C8 (20k RAM. 64k Flash)' (from platformio:ststm32/genericSTM32F103C8/platformio) dropped='RYMCU Nebula Pi F103VE (64k RAM. 512k Flash)' (from platformio:ststm32/rymcu_nebulapi_f103ve/platformio)
family vidpid=0x1eaf:0x0004 sim=0.58 kept='STM32F103C8 (20k RAM. 64k Flash)' (from platformio:ststm32/genericSTM32F103C8/platformio) dropped='RYMCU Nebula Pi F103VE (64k RAM. 512k Flash)' (from platformio:ststm32/rymcu_nebulapi_f103ve/platformio)
family vidpid=0x2341:0x0c9f sim=0.71 kept='TI LaunchPad MSP-EXP430F5529LP' (from platformio:timsp430/lpmsp430f5529/platformio) dropped='TI LaunchPad MSP-EXP430G2 w/ MSP430G2231' (from platformio:timsp430/lpmsp430g2231/platformio)
family vidpid=0x2341:0x0c9f sim=0.71 kept='TI LaunchPad MSP-EXP430F5529LP' (from platformio:timsp430/lpmsp430f5529/platformio) dropped='TI LaunchPad MSP-EXP430G2 w/ MSP430G2452' (from platformio:timsp430/lpmsp430g2452/platformio)
family vidpid=0x2e8a:0x0003 sim=0.50 kept='Waveshare RP2040 LoRa' (from arduino:earlephilhower-arduino-pico/waveshare_rp2040_lora/arduino) dropped='Raspberry Pi RP2040 BOOTSEL' (from other:fbuild_board_backfill.json/other)
family vidpid=0x2e8a:0xf00f sim=0.68 kept='Raspberry Pi Pico 2W' (from arduino:earlephilhower-arduino-pico/rpipico2w/arduino) dropped='Raspberry Pi Pico 2 W (runtime USB CDC)' (from other:fbuild_board_backfill.json/other)
family vidpid=0x2886:0x0062 sim=0.85 kept='Seeed Studio XIAO MG24 (Sense)' (from arduino:siliconlabs-arduino/xiao_mg24/arduino) dropped='Seeed Studio XIAO MG24' (from other:fbuild_board_backfill.json/other)
