minor vidpid=0x239a:0x8087 sim=0.94 kept='Adafruit Feather nRF52840 Sense' (from arduino:adafruit-adafruit_nrf52_arduino/feather52840sense/arduino) dropped='Adafruit Feather nRF52840 Sense TFT' (from arduino:adafruit-adafruit_nrf52_arduino/feather_nrf52840_sense_tft/arduino)
minor vidpid=0x239a:0x0087 sim=0.94 kept='Adafruit Feather nRF52840 Sense' (from arduino:adafruit-adafruit_nrf52_arduino/feather52840sense/arduino) dropped='Adafruit Feather nRF52840 Sense TFT' (from arduino:adafruit-adafruit_nrf52_arduino/feather_nrf52840_sense_tft/arduino)
minor vidpid=0x239a:0x0088 sim=0.94 kept='Adafruit Feather nRF52840 Sense' (from arduino:adafruit-adafruit_nrf52_arduino/feather52840sense/arduino) dropped='Adafruit Feather nRF52840 Sense TFT' (from arduino:adafruit-adafruit_nrf52_arduino/feather_nrf52840_sense_tft/arduino)
minor vidpid=0x239a:0x8088 sim=0.94 kept='Adafruit Feather nRF52840 Sense' (from arduino:adafruit-adafruit_nrf52_arduino/feather52840sense/arduino) dropped='Adafruit Feather nRF52840 Sense TFT' (from arduino:adafruit-adafruit_nrf52_arduino/feather_nrf52840_sense_tft/arduino)
minor vidpid=0x1d50:0xacab sim=0.95 kept='Architeuthis Flux Jumperless' (from arduino:earlephilhower-arduino-pico/jumperless_v1/arduino) dropped='Architeuthis Flux Jumperless V5' (from arduino:earlephilhower-arduino-pico/jumperless_v5/arduino)
minor vidpid=0x1d50:0xadab sim=0.95 kept='Architeuthis Flux Jumperless' (from arduino:earlephilhower-arduino-pico/jumperless_v1/arduino) dropped='Architeuthis Flux Jumperless V5' (from arduino:earlephilhower-arduino-pico/jumperless_v5/arduino)
minor vidpid=0x1d50:0xecab sim=0.95 kept='Architeuthis Flux Jumperless' (from arduino:earlephilhower-arduino-pico/jumperless_v1/arduino) dropped='Architeuthis Flux Jumperless V5' (from arduino:earlephilhower-arduino-pico/jumperless_v5/arduino)
minor vidpid=0x1d50:0xedab sim=0.95 kept='Architeuthis Flux Jumperless' (from arduino:earlephilhower-arduino-pico/jumperless_v1/arduino) dropped='Architeuthis Flux Jumperless V5' (from arduino:earlephilhower-arduino-pico/jumperless_v5/arduino)
minor vidpid=0x2e8a:0x100a sim=0.97 kept='Pimoroni PicoPlus2' (from arduino:earlephilhower-arduino-pico/pimoroni_pico_plus_2/arduino) dropped='Pimoroni PicoPlus2W' (from arduino:earlephilhower-arduino-pico/pimoroni_pico_plus_2w/arduino)
minor vidpid=0x2e8a:0x110a sim=0.97 kept='Pimoroni PicoPlus2' (from arduino:earlephilhower-arduino-pico/pimoroni_pico_plus_2/arduino) dropped='Pimoroni PicoPlus2W' (from arduino:earlephilhower-arduino-pico/pimoroni_pico_plus_2w/arduino)
minor vidpid=0x2e8a:0x500a sim=0.97 kept='Pimoroni PicoPlus2' (from arduino:earlephilhower-arduino-pico/pimoroni_pico_plus_2/arduino) dropped='Pimoroni PicoPlus2W' (from arduino:earlephilhower-arduino-pico/pimoroni_pico_plus_2w/arduino)
minor vidpid=0x2e8a:0x510a sim=0.97 kept='Pimoroni PicoPlus2' (from arduino:earlephilhower-arduino-pico/pimoroni_pico_plus_2/arduino) dropped='Pimoroni PicoPlus2W' (from arduino:earlephilhower-arduino-pico/pimoroni_pico_plus_2w/arduino)
minor vidpid=0x2e8a:0x900a sim=0.97 kept='Pimoroni PicoPlus2' (from arduino:earlephilhower-arduino-pico/pimoroni_pico_plus_2/arduino) dropped='Pimoroni PicoPlus2W' (from arduino:earlephilhower-arduino-pico/pimoroni_pico_plus_2w/arduino)
minor vidpid=0x2e8a:0x910a sim=0.97 kept='Pimoroni PicoPlus2' (from arduino:earlephilhower-arduino-pico/pimoroni_pico_plus_2/arduino) dropped='Pimoroni PicoPlus2W' (from arduino:earlephilhower-arduino-pico/pimoroni_pico_plus_2w/arduino)
minor vidpid=0x2e8a:0xd00a sim=0.97 kept='Pimoroni PicoPlus2' (from arduino:earlephilhower-arduino-pico/pimoroni_pico_plus_2/arduino) dropped='Pimoroni PicoPlus2W' (from arduino:earlephilhower-arduino-pico/pimoroni_pico_plus_2w/arduino)
minor vidpid=0x2e8a:0xd10a sim=0.97 kept='Pimoroni PicoPlus2' (from arduino:earlephilhower-arduino-pico/pimoroni_pico_plus_2/arduino) dropped='Pimoroni PicoPlus2W' (from arduino:earlephilhower-arduino-pico/pimoroni_pico_plus_2w/arduino)
minor vidpid=0x1b4f:0x0026 sim=0.88 kept='SparkFun MicroMod RP2040' (from arduino:earlephilhower-arduino-pico/sparkfun_micromodrp2040/arduino) dropped='SparkFun ProMicro RP2040' (from arduino:earlephilhower-arduino-pico/sparkfun_promicrorp2040/arduino)
minor vidpid=0x1b4f:0x0126 sim=0.88 kept='SparkFun MicroMod RP2040' (from arduino:earlephilhower-arduino-pico/sparkfun_micromodrp2040/arduino) dropped='SparkFun ProMicro RP2040' (from arduino:earlephilhower-arduino-pico/sparkfun_promicrorp2040/arduino)
minor vidpid=0x1b4f:0x4026 sim=0.88 kept='SparkFun MicroMod RP2040' (from arduino:earlephilhower-arduino-pico/sparkfun_micromodrp2040/arduino) dropped='SparkFun ProMicro RP2040' (from arduino:earlephilhower-arduino-pico/sparkfun_promicrorp2040/arduino)
minor vidpid=0x1b4f:0x4126 sim=0.88 kept='SparkFun MicroMod RP2040' (from arduino:earlephilhower-arduino-pico/sparkfun_micromodrp2040/arduino) dropped='SparkFun ProMicro RP2040' (from arduino:earlephilhower-arduino-pico/sparkfun_promicrorp2040/arduino)
minor vidpid=0x1b4f:0x8026 sim=0.88 kept='SparkFun MicroMod RP2040' (from arduino:earlephilhower-arduino-pico/sparkfun_micromodrp2040/arduino) dropped='SparkFun ProMicro RP2040' (from arduino:earlephilhower-arduino-pico/sparkfun_promicrorp2040/arduino)
minor vidpid=0x1b4f:0x8126 sim=0.88 kept='SparkFun MicroMod RP2040' (from arduino:earlephilhower-arduino-pico/sparkfun_micromodrp2040/arduino) dropped='SparkFun ProMicro RP2040' (from arduino:earlephilhower-arduino-pico/sparkfun_promicrorp2040/arduino)
minor vidpid=0x1b4f:0xc026 sim=0.88 kept='SparkFun MicroMod RP2040' (from arduino:earlephilhower-arduino-pico/sparkfun_micromodrp2040/arduino) dropped='SparkFun ProMicro RP2040' (from arduino:earlephilhower-arduino-pico/sparkfun_promicrorp2040/arduino)
minor vidpid=0x1b4f:0xc126 sim=0.88 kept='SparkFun MicroMod RP2040' (from arduino:earlephilhower-arduino-pico/sparkfun_micromodrp2040/arduino) dropped='SparkFun ProMicro RP2040' (from arduino:earlephilhower-arduino-pico/sparkfun_promicrorp2040/arduino)
minor vidpid=0x2e8a:0x0003 sim=0.86 kept='Waveshare RP2040 LoRa' (from arduino:earlephilhower-arduino-pico/waveshare_rp2040_lora/arduino) dropped='Waveshare RP2040 Zero' (from arduino:earlephilhower-arduino-pico/waveshare_rp2040_zero/arduino)
minor vidpid=0x2e8a:0x0103 sim=0.86 kept='Waveshare RP2040 LoRa' (from arduino:earlephilhower-arduino-pico/waveshare_rp2040_lora/arduino) dropped='Waveshare RP2040 Zero' (from arduino:earlephilhower-arduino-pico/waveshare_rp2040_zero/arduino)
minor vidpid=0x2e8a:0x4003 sim=0.86 kept='Waveshare RP2040 LoRa' (from arduino:earlephilhower-arduino-pico/waveshare_rp2040_lora/arduino) dropped='Waveshare RP2040 Zero' (from arduino:earlephilhower-arduino-pico/waveshare_rp2040_zero/arduino)
minor vidpid=0x2e8a:0x4103 sim=0.86 kept='Waveshare RP2040 LoRa' (from arduino:earlephilhower-arduino-pico/waveshare_rp2040_lora/arduino) dropped='Waveshare RP2040 Zero' (from arduino:earlephilhower-arduino-pico/waveshare_rp2040_zero/arduino)
minor vidpid=0x2e8a:0x8003 sim=0.86 kept='Waveshare RP2040 LoRa' (from arduino:earlephilhower-arduino-pico/waveshare_rp2040_lora/arduino) dropped='Waveshare RP2040 Zero' (from arduino:earlephilhower-arduino-pico/waveshare_rp2040_zero/arduino)
minor vidpid=0x2e8a:0x8103 sim=0.86 kept='Waveshare RP2040 LoRa' (from arduino:earlephilhower-arduino-pico/waveshare_rp2040_lora/arduino) dropped='Waveshare RP2040 Zero' (from arduino:earlephilhower-arduino-pico/waveshare_rp2040_zero/arduino)
minor vidpid=0x2e8a:0xc003 sim=0.86 kept='Waveshare RP2040 LoRa' (from arduino:earlephilhower-arduino-pico/waveshare_rp2040_lora/arduino) dropped='Waveshare RP2040 Zero' (from arduino:earlephilhower-arduino-pico/waveshare_rp2040_zero/arduino)
minor vidpid=0x2e8a:0xc103 sim=0.86 kept='Waveshare RP2040 LoRa' (from arduino:earlephilhower-arduino-pico/waveshare_rp2040_lora/arduino) dropped='Waveshare RP2040 Zero' (from arduino:earlephilhower-arduino-pico/waveshare_rp2040_zero/arduino)
minor vidpid=0x2e8a:0x1027 sim=0.98 kept='WIZnet W5100S-EVB-Pico' (from arduino:earlephilhower-arduino-pico/wiznet_5100s_evb_pico/arduino) dropped='WIZnet W5100S-EVB-Pico2' (from arduino:earlephilhower-arduino-pico/wiznet_5100s_evb_pico2/arduino)
minor vidpid=0x2e8a:0x1127 sim=0.98 kept='WIZnet W5100S-EVB-Pico' (from arduino:earlephilhower-arduino-pico/wiznet_5100s_evb_pico/arduino) dropped='WIZnet W5100S-EVB-Pico2' (from arduino:earlephilhower-arduino-pico/wiznet_5100s_evb_pico2/arduino)
minor vidpid=0x2e8a:0x5027 sim=0.98 kept='WIZnet W5100S-EVB-Pico' (from arduino:earlephilhower-arduino-pico/wiznet_5100s_evb_pico/arduino) dropped='WIZnet W5100S-EVB-Pico2' (from arduino:earlephilhower-arduino-pico/wiznet_5100s_evb_pico2/arduino)
minor vidpid=0x2e8a:0x5127 sim=0.98 kept='WIZnet W5100S-EVB-Pico' (from arduino:earlephilhower-arduino-pico/wiznet_5100s_evb_pico/arduino) dropped='WIZnet W5100S-EVB-Pico2' (from arduino:earlephilhower-arduino-pico/wiznet_5100s_evb_pico2/arduino)
minor vidpid=0x2e8a:0x9027 sim=0.98 kept='WIZnet W5100S-EVB-Pico' (from arduino:earlephilhower-arduino-pico/wiznet_5100s_evb_pico/arduino) dropped='WIZnet W5100S-EVB-Pico2' (from arduino:earlephilhower-arduino-pico/wiznet_5100s_evb_pico2/arduino)
minor vidpid=0x2e8a:0x9127 sim=0.98 kept='WIZnet W5100S-EVB-Pico' (from arduino:earlephilhower-arduino-pico/wiznet_5100s_evb_pico/arduino) dropped='WIZnet W5100S-EVB-Pico2' (from arduino:earlephilhower-arduino-pico/wiznet_5100s_evb_pico2/arduino)
minor vidpid=0x2e8a:0xd027 sim=0.98 kept='WIZnet W5100S-EVB-Pico' (from arduino:earlephilhower-arduino-pico/wiznet_5100s_evb_pico/arduino) dropped='WIZnet W5100S-EVB-Pico2' (from arduino:earlephilhower-arduino-pico/wiznet_5100s_evb_pico2/arduino)
minor vidpid=0x2e8a:0xd127 sim=0.98 kept='WIZnet W5100S-EVB-Pico' (from arduino:earlephilhower-arduino-pico/wiznet_5100s_evb_pico/arduino) dropped='WIZnet W5100S-EVB-Pico2' (from arduino:earlephilhower-arduino-pico/wiznet_5100s_evb_pico2/arduino)
minor vidpid=0x2e8a:0x1029 sim=0.98 kept='WIZnet W5500-EVB-Pico' (from arduino:earlephilhower-arduino-pico/wiznet_5500_evb_pico/arduino) dropped='WIZnet W5500-EVB-Pico2' (from arduino:earlephilhower-arduino-pico/wiznet_5500_evb_pico2/arduino)
minor vidpid=0x2e8a:0x1129 sim=0.98 kept='WIZnet W5500-EVB-Pico' (from arduino:earlephilhower-arduino-pico/wiznet_5500_evb_pico/arduino) dropped='WIZnet W5500-EVB-Pico2' (from arduino:earlephilhower-arduino-pico/wiznet_5500_evb_pico2/arduino)
minor vidpid=0x2e8a:0x5029 sim=0.98 kept='WIZnet W5500-EVB-Pico' (from arduino:earlephilhower-arduino-pico/wiznet_5500_evb_pico/arduino) dropped='WIZnet W5500-EVB-Pico2' (from arduino:earlephilhower-arduino-pico/wiznet_5500_evb_pico2/arduino)
minor vidpid=0x2e8a:0x5129 sim=0.98 kept='WIZnet W5500-EVB-Pico' (from arduino:earlephilhower-arduino-pico/wiznet_5500_evb_pico/arduino) dropped='WIZnet W5500-EVB-Pico2' (from arduino:earlephilhower-arduino-pico/wiznet_5500_evb_pico2/arduino)
minor vidpid=0x2e8a:0x9029 sim=0.98 kept='WIZnet W5500-EVB-Pico' (from arduino:earlephilhower-arduino-pico/wiznet_5500_evb_pico/arduino) dropped='WIZnet W5500-EVB-Pico2' (from arduino:earlephilhower-arduino-pico/wiznet_5500_evb_pico2/arduino)
minor vidpid=0x2e8a:0x9129 sim=0.98 kept='WIZnet W5500-EVB-Pico' (from arduino:earlephilhower-arduino-pico/wiznet_5500_evb_pico/arduino) dropped='WIZnet W5500-EVB-Pico2' (from arduino:earlephilhower-arduino-pico/wiznet_5500_evb_pico2/arduino)
minor vidpid=0x2e8a:0xd029 sim=0.98 kept='WIZnet W5500-EVB-Pico' (from arduino:earlephilhower-arduino-pico/wiznet_5500_evb_pico/arduino) dropped='WIZnet W5500-EVB-Pico2' (from arduino:earlephilhower-arduino-pico/wiznet_5500_evb_pico2/arduino)
minor vidpid=0x2e8a:0xd129 sim=0.98 kept='WIZnet W5500-EVB-Pico' (from arduino:earlephilhower-arduino-pico/wiznet_5500_evb_pico/arduino) dropped='WIZnet W5500-EVB-Pico2' (from arduino:earlephilhower-arduino-pico/wiznet_5500_evb_pico2/arduino)
minor vidpid=0x2e8a:0x1029 sim=0.91 kept='WIZnet W5500-EVB-Pico' (from arduino:earlephilhower-arduino-pico/wiznet_5500_evb_pico/arduino) dropped='WIZnet W55RP20-EVB-Pico' (from arduino:earlephilhower-arduino-pico/wiznet_55rp20_evb_pico/arduino)
minor vidpid=0x2e8a:0x1129 sim=0.91 kept='WIZnet W5500-EVB-Pico' (from arduino:earlephilhower-arduino-pico/wiznet_5500_evb_pico/arduino) dropped='WIZnet W55RP20-EVB-Pico' (from arduino:earlephilhower-arduino-pico/wiznet_55rp20_evb_pico/arduino)
minor vidpid=0x2e8a:0x5029 sim=0.91 kept='WIZnet W5500-EVB-Pico' (from arduino:earlephilhower-arduino-pico/wiznet_5500_evb_pico/arduino) dropped='WIZnet W55RP20-EVB-Pico' (from arduino:earlephilhower-arduino-pico/wiznet_55rp20_evb_pico/arduino)
minor vidpid=0x2e8a:0x5129 sim=0.91 kept='WIZnet W5500-EVB-Pico' (from arduino:earlephilhower-arduino-pico/wiznet_5500_evb_pico/arduino) dropped='WIZnet W55RP20-EVB-Pico' (from arduino:earlephilhower-arduino-pico/wiznet_55rp20_evb_pico/arduino)
minor vidpid=0x2e8a:0x9029 sim=0.91 kept='WIZnet W5500-EVB-Pico' (from arduino:earlephilhower-arduino-pico/wiznet_5500_evb_pico/arduino) dropped='WIZnet W55RP20-EVB-Pico' (from arduino:earlephilhower-arduino-pico/wiznet_55rp20_evb_pico/arduino)
minor vidpid=0x2e8a:0x9129 sim=0.91 kept='WIZnet W5500-EVB-Pico' (from arduino:earlephilhower-arduino-pico/wiznet_5500_evb_pico/arduino) dropped='WIZnet W55RP20-EVB-Pico' (from arduino:earlephilhower-arduino-pico/wiznet_55rp20_evb_pico/arduino)
minor vidpid=0x2e8a:0xd029 sim=0.91 kept='WIZnet W5500-EVB-Pico' (from arduino:earlephilhower-arduino-pico/wiznet_5500_evb_pico/arduino) dropped='WIZnet W55RP20-EVB-Pico' (from arduino:earlephilhower-arduino-pico/wiznet_55rp20_evb_pico/arduino)
minor vidpid=0x2e8a:0xd129 sim=0.91 kept='WIZnet W5500-EVB-Pico' (from arduino:earlephilhower-arduino-pico/wiznet_5500_evb_pico/arduino) dropped='WIZnet W55RP20-EVB-Pico' (from arduino:earlephilhower-arduino-pico/wiznet_55rp20_evb_pico/arduino)
minor vidpid=0x2e8a:0x1029 sim=0.90 kept='WIZnet W5500-EVB-Pico' (from arduino:earlephilhower-arduino-pico/wiznet_5500_evb_pico/arduino) dropped='WIZnet W6300-EVB-Pico' (from arduino:earlephilhower-arduino-pico/wiznet_6300_evb_pico/arduino)
minor vidpid=0x2e8a:0x1129 sim=0.90 kept='WIZnet W5500-EVB-Pico' (from arduino:earlephilhower-arduino-pico/wiznet_5500_evb_pico/arduino) dropped='WIZnet W6300-EVB-Pico' (from arduino:earlephilhower-arduino-pico/wiznet_6300_evb_pico/arduino)
minor vidpid=0x2e8a:0x5029 sim=0.90 kept='WIZnet W5500-EVB-Pico' (from arduino:earlephilhower-arduino-pico/wiznet_5500_evb_pico/arduino) dropped='WIZnet W6300-EVB-Pico' (from arduino:earlephilhower-arduino-pico/wiznet_6300_evb_pico/arduino)
minor vidpid=0x2e8a:0x5129 sim=0.90 kept='WIZnet W5500-EVB-Pico' (from arduino:earlephilhower-arduino-pico/wiznet_5500_evb_pico/arduino) dropped='WIZnet W6300-EVB-Pico' (from arduino:earlephilhower-arduino-pico/wiznet_6300_evb_pico/arduino)
minor vidpid=0x2e8a:0x9029 sim=0.90 kept='WIZnet W5500-EVB-Pico' (from arduino:earlephilhower-arduino-pico/wiznet_5500_evb_pico/arduino) dropped='WIZnet W6300-EVB-Pico' (from arduino:earlephilhower-arduino-pico/wiznet_6300_evb_pico/arduino)
minor vidpid=0x2e8a:0x9129 sim=0.90 kept='WIZnet W5500-EVB-Pico' (from arduino:earlephilhower-arduino-pico/wiznet_5500_evb_pico/arduino) dropped='WIZnet W6300-EVB-Pico' (from arduino:earlephilhower-arduino-pico/wiznet_6300_evb_pico/arduino)
minor vidpid=0x2e8a:0xd029 sim=0.90 kept='WIZnet W5500-EVB-Pico' (from arduino:earlephilhower-arduino-pico/wiznet_5500_evb_pico/arduino) dropped='WIZnet W6300-EVB-Pico' (from arduino:earlephilhower-arduino-pico/wiznet_6300_evb_pico/arduino)
minor vidpid=0x2e8a:0xd129 sim=0.90 kept='WIZnet W5500-EVB-Pico' (from arduino:earlephilhower-arduino-pico/wiznet_5500_evb_pico/arduino) dropped='WIZnet W6300-EVB-Pico' (from arduino:earlephilhower-arduino-pico/wiznet_6300_evb_pico/arduino)
minor vidpid=0x2e8a:0x1029 sim=0.88 kept='WIZnet W5500-EVB-Pico' (from arduino:earlephilhower-arduino-pico/wiznet_5500_evb_pico/arduino) dropped='WIZnet W6300-EVB-Pico2' (from arduino:earlephilhower-arduino-pico/wiznet_6300_evb_pico2/arduino)
minor vidpid=0x2e8a:0x1129 sim=0.88 kept='WIZnet W5500-EVB-Pico' (from arduino:earlephilhower-arduino-pico/wiznet_5500_evb_pico/arduino) dropped='WIZnet W6300-EVB-Pico2' (from arduino:earlephilhower-arduino-pico/wiznet_6300_evb_pico2/arduino)
minor vidpid=0x2e8a:0x5029 sim=0.88 kept='WIZnet W5500-EVB-Pico' (from arduino:earlephilhower-arduino-pico/wiznet_5500_evb_pico/arduino) dropped='WIZnet W6300-EVB-Pico2' (from arduino:earlephilhower-arduino-pico/wiznet_6300_evb_pico2/arduino)
minor vidpid=0x2e8a:0x5129 sim=0.88 kept='WIZnet W5500-EVB-Pico' (from arduino:earlephilhower-arduino-pico/wiznet_5500_evb_pico/arduino) dropped='WIZnet W6300-EVB-Pico2' (from arduino:earlephilhower-arduino-pico/wiznet_6300_evb_pico2/arduino)
minor vidpid=0x2e8a:0x9029 sim=0.88 kept='WIZnet W5500-EVB-Pico' (from arduino:earlephilhower-arduino-pico/wiznet_5500_evb_pico/arduino) dropped='WIZnet W6300-EVB-Pico2' (from arduino:earlephilhower-arduino-pico/wiznet_6300_evb_pico2/arduino)
minor vidpid=0x2e8a:0x9129 sim=0.88 kept='WIZnet W5500-EVB-Pico' (from arduino:earlephilhower-arduino-pico/wiznet_5500_evb_pico/arduino) dropped='WIZnet W6300-EVB-Pico2' (from arduino:earlephilhower-arduino-pico/wiznet_6300_evb_pico2/arduino)
minor vidpid=0x2e8a:0xd029 sim=0.88 kept='WIZnet W5500-EVB-Pico' (from arduino:earlephilhower-arduino-pico/wiznet_5500_evb_pico/arduino) dropped='WIZnet W6300-EVB-Pico2' (from arduino:earlephilhower-arduino-pico/wiznet_6300_evb_pico2/arduino)
minor vidpid=0x2e8a:0xd129 sim=0.88 kept='WIZnet W5500-EVB-Pico' (from arduino:earlephilhower-arduino-pico/wiznet_5500_evb_pico/arduino) dropped='WIZnet W6300-EVB-Pico2' (from arduino:earlephilhower-arduino-pico/wiznet_6300_evb_pico2/arduino)
minor vidpid=0x303a:0x80a9 sim=0.89 kept='Franzininho WiFi' (from arduino:espressif-arduino-esp32/franzininho_wifi_esp32s2/arduino) dropped='Franzininho WiFi MSC' (from arduino:espressif-arduino-esp32/franzininho_wifi_msc_esp32s2/arduino)
minor vidpid=0x16d0:0x1178 sim=0.89 kept='unPhone 8' (from arduino:espressif-arduino-esp32/unphone8/arduino) dropped='unPhone 9' (from arduino:espressif-arduino-esp32/unphone9/arduino)
minor vidpid=0x303a:0x8242 sim=0.96 kept='Waveshare ESP32-S3-LCD-1.46' (from arduino:espressif-arduino-esp32/waveshare_esp32_s3_lcd_146/arduino) dropped='Waveshare ESP32-S3-LCD-1.47' (from arduino:espressif-arduino-esp32/waveshare_esp32_s3_lcd_147/arduino)
minor vidpid=0x303a:0x8242 sim=0.93 kept='Waveshare ESP32-S3-LCD-1.46' (from arduino:espressif-arduino-esp32/waveshare_esp32_s3_lcd_146/arduino) dropped='Waveshare ESP32-S3-LCD-1.85' (from arduino:espressif-arduino-esp32/waveshare_esp32_s3_lcd_185/arduino)
minor vidpid=0x303a:0x8242 sim=0.90 kept='Waveshare ESP32-S3-LCD-1.46' (from arduino:espressif-arduino-esp32/waveshare_esp32_s3_lcd_146/arduino) dropped='Waveshare ESP32-S3-Touch-LCD-1.46' (from arduino:espressif-arduino-esp32/waveshare_esp32_s3_touch_lcd_146/arduino)
minor vidpid=0x0483:0x5740 sim=0.95 kept='Generic STM32F0 series' (from arduino:stm32duino-arduino_core_stm32/GenF0/arduino) dropped='Generic STM32F1 series' (from arduino:stm32duino-arduino_core_stm32/GenF1/arduino)
minor vidpid=0x0483:0x5740 sim=0.95 kept='Generic STM32F0 series' (from arduino:stm32duino-arduino_core_stm32/GenF0/arduino) dropped='Generic STM32F2 series' (from arduino:stm32duino-arduino_core_stm32/GenF2/arduino)
minor vidpid=0x0483:0x5740 sim=0.95 kept='Generic STM32F0 series' (from arduino:stm32duino-arduino_core_stm32/GenF0/arduino) dropped='Generic STM32F3 series' (from arduino:stm32duino-arduino_core_stm32/GenF3/arduino)
minor vidpid=0x0483:0x5740 sim=0.95 kept='Generic STM32F0 series' (from arduino:stm32duino-arduino_core_stm32/GenF0/arduino) dropped='Generic STM32F4 series' (from arduino:stm32duino-arduino_core_stm32/GenF4/arduino)
minor vidpid=0x0483:0x5740 sim=0.95 kept='Generic STM32F0 series' (from arduino:stm32duino-arduino_core_stm32/GenF0/arduino) dropped='Generic STM32F7 series' (from arduino:stm32duino-arduino_core_stm32/GenF7/arduino)
minor vidpid=0x0483:0x5740 sim=0.95 kept='Generic STM32F0 series' (from arduino:stm32duino-arduino_core_stm32/GenF0/arduino) dropped='Generic STM32G0 series' (from arduino:stm32duino-arduino_core_stm32/GenG0/arduino)
minor vidpid=0x0483:0x5740 sim=0.91 kept='Generic STM32F0 series' (from arduino:stm32duino-arduino_core_stm32/GenF0/arduino) dropped='Generic STM32G4 series' (from arduino:stm32duino-arduino_core_stm32/GenG4/arduino)
minor vidpid=0x0483:0x5740 sim=0.91 kept='Generic STM32F0 series' (from arduino:stm32duino-arduino_core_stm32/GenF0/arduino) dropped='Generic STM32H5 series' (from arduino:stm32duino-arduino_core_stm32/GenH5/arduino)
minor vidpid=0x0483:0x5740 sim=0.91 kept='Generic STM32F0 series' (from arduino:stm32duino-arduino_core_stm32/GenF0/arduino) dropped='Generic STM32H7 Series' (from arduino:stm32duino-arduino_core_stm32/GenH7/arduino)
minor vidpid=0x0483:0x5740 sim=0.95 kept='Generic STM32F0 series' (from arduino:stm32duino-arduino_core_stm32/GenF0/arduino) dropped='Generic STM32L0 series' (from arduino:stm32duino-arduino_core_stm32/GenL0/arduino)
minor vidpid=0x0483:0x5740 sim=0.91 kept='Generic STM32F0 series' (from arduino:stm32duino-arduino_core_stm32/GenF0/arduino) dropped='Generic STM32L1 series' (from arduino:stm32duino-arduino_core_stm32/GenL1/arduino)
minor vidpid=0x0483:0x5740 sim=0.91 kept='Generic STM32F0 series' (from arduino:stm32duino-arduino_core_stm32/GenF0/arduino) dropped='Generic STM32L4 series' (from arduino:stm32duino-arduino_core_stm32/GenL4/arduino)
minor vidpid=0x0483:0x5740 sim=0.91 kept='Generic STM32F0 series' (from arduino:stm32duino-arduino_core_stm32/GenF0/arduino) dropped='Generic STM32L5 series' (from arduino:stm32duino-arduino_core_stm32/GenL5/arduino)
minor vidpid=0x0483:0x5740 sim=0.95 kept='Generic STM32F0 series' (from arduino:stm32duino-arduino_core_stm32/GenF0/arduino) dropped='Generic STM32U0 series' (from arduino:stm32duino-arduino_core_stm32/GenU0/arduino)
minor vidpid=0x0483:0x5740 sim=0.91 kept='Generic STM32F0 series' (from arduino:stm32duino-arduino_core_stm32/GenF0/arduino) dropped='Generic STM32U3 series' (from arduino:stm32duino-arduino_core_stm32/GenU3/arduino)
minor vidpid=0x0483:0x5740 sim=0.91 kept='Generic STM32F0 series' (from arduino:stm32duino-arduino_core_stm32/GenF0/arduino) dropped='Generic STM32U5 series' (from arduino:stm32duino-arduino_core_stm32/GenU5/arduino)
minor vidpid=0x0483:0x5740 sim=0.91 kept='Generic STM32F0 series' (from arduino:stm32duino-arduino_core_stm32/GenF0/arduino) dropped='Generic STM32WB series' (from arduino:stm32duino-arduino_core_stm32/GenWB/arduino)
minor vidpid=0x239a:0x8011 sim=0.87 kept='Adafruit Circuit Playground' (from arduino:arduino-arduinocore-avr/circuitplay32u4cat/arduino) dropped='Adafruit Circuit Playground Classic' (from platformio:atmelavr/circuitplay_classic/platformio)
minor vidpid=0x239a:0x800c sim=0.90 kept='Adafruit Feather 328P' (from platformio:atmelavr/feather328p/platformio) dropped='Adafruit Feather 32u4' (from platformio:atmelavr/feather32u4/platformio)
minor vidpid=0x239a:0x000e sim=0.91 kept='Adafruit ItsyBitsy 3V/8MHz' (from platformio:atmelavr/itsybitsy32u4_3V/platformio) dropped='Adafruit ItsyBitsy 5V/16MHz' (from platformio:atmelavr/itsybitsy32u4_5V/platformio)
minor vidpid=0x2341:0x0062 sim=1.00 kept='Arduino UNO Mini' (from arduino:arduino-arduinocore-avr/unomini/arduino) dropped='Arduino Uno Mini' (from platformio:atmelavr/uno_mini/platformio)
minor vidpid=0x2341:0x0041 sim=0.91 kept='Arduino Yún' (from arduino:arduino-arduinocore-avr/yun/arduino) dropped='Arduino Yun' (from platformio:atmelavr/yun/platformio)
minor vidpid=0x2341:0x8041 sim=0.91 kept='Arduino Yún' (from arduino:arduino-arduinocore-avr/yun/arduino) dropped='Arduino Yun' (from platformio:atmelavr/yun/platformio)
minor vidpid=0x2a03:0x0041 sim=0.91 kept='Arduino Yún' (from arduino:arduino-arduinocore-avr/yun/arduino) dropped='Arduino Yun' (from platformio:atmelavr/yun/platformio)
minor vidpid=0x2a03:0x8041 sim=0.91 kept='Arduino Yún' (from arduino:arduino-arduinocore-avr/yun/arduino) dropped='Arduino Yun' (from platformio:atmelavr/yun/platformio)
minor vidpid=0x2a03:0x8050 sim=0.94 kept='Arduino Yún Mini' (from arduino:arduino-arduinocore-avr/yunmini/arduino) dropped='Arduino Yun Mini' (from platformio:atmelavr/yunmini/platformio)
minor vidpid=0x2a03:0x0050 sim=0.94 kept='Arduino Yún Mini' (from arduino:arduino-arduinocore-avr/yunmini/arduino) dropped='Arduino Yun Mini' (from platformio:atmelavr/yunmini/platformio)
minor vidpid=0x03eb:0x2145 sim=1.00 kept='Arduino UNO WiFi Rev2' (from arduino:arduino-arduinocore-megaavr/uno2018/arduino) dropped='Arduino Uno WiFi Rev2' (from platformio:atmelmegaavr/uno_wifi_rev2/platformio)
minor vidpid=0x239a:0x8035 sim=0.85 kept='Adafruit PyPortal M4' (from platformio:atmelsam/adafruit_pyportal_m4/platformio) dropped='Adafruit PyPortal M4 Titano' (from platformio:atmelsam/adafruit_pyportal_m4_titano/platformio)
minor vidpid=0x2341:0x804f sim=0.97 kept='Arduino MKR Zero' (from arduino:arduino-arduinocore-samd/mkrzero/arduino) dropped='Arduino MKRZERO' (from platformio:atmelsam/mkrzero/platformio)
minor vidpid=0x2341:0x004f sim=0.97 kept='Arduino MKR Zero' (from arduino:arduino-arduinocore-samd/mkrzero/arduino) dropped='Arduino MKRZERO' (from platformio:atmelsam/mkrzero/platformio)
minor vidpid=0x03eb:0x2111 sim=0.92 kept='Arduino M0 Pro (Programming Port)' (from arduino:arduino-arduinocore-samd/mzero_pro_bl_dbg/arduino) dropped='Arduino M0 Pro (Programming/Debug Port)' (from platformio:atmelsam/mzeropro/platformio)
minor vidpid=0x1b4f:0x8d21 sim=0.88 kept='SparkFun SAMD21 Dev Breakout' (from platformio:atmelsam/sparkfun_samd21_dev_usb/platformio) dropped='SparkFun SAMD21 Mini Breakout' (from platformio:atmelsam/sparkfun_samd21_mini_usb/platformio)
minor vidpid=0x1b4f:0x0d21 sim=0.88 kept='SparkFun SAMD21 Dev Breakout' (from platformio:atmelsam/sparkfun_samd21_dev_usb/platformio) dropped='SparkFun SAMD21 Mini Breakout' (from platformio:atmelsam/sparkfun_samd21_mini_usb/platformio)
minor vidpid=0x2341:0x804d sim=0.91 kept='Arduino Zero (Programming Port)' (from arduino:arduino-arduinocore-samd/arduino_zero_edbg/arduino) dropped='Arduino Zero (Programming/Debug Port)' (from platformio:atmelsam/zero/platformio)
minor vidpid=0x03eb:0x2157 sim=0.91 kept='Arduino Zero (Programming Port)' (from arduino:arduino-arduinocore-samd/arduino_zero_edbg/arduino) dropped='Arduino Zero (Programming/Debug Port)' (from platformio:atmelsam/zero/platformio)
minor vidpid=0x2341:0x004d sim=0.87 kept='Arduino Zero (Native USB Port)' (from arduino:arduino-arduinocore-samd/arduino_zero_native/arduino) dropped='Arduino Zero (USB Native Port)' (from platformio:atmelsam/zeroUSB/platformio)
minor vidpid=0x2341:0x824d sim=0.87 kept='Arduino Zero (Native USB Port)' (from arduino:arduino-arduinocore-samd/arduino_zero_native/arduino) dropped='Arduino Zero (USB Native Port)' (from platformio:atmelsam/zeroUSB/platformio)
minor vidpid=0x239a:0x811b sim=0.93 kept='Adafruit Feather ESP32-S3 2MB PSRAM' (from arduino:espressif-arduino-esp32/adafruit_feather_esp32s3/arduino) dropped='Adafruit Feather ESP32-S3 No PSRAM' (from platformio:espressif32/adafruit_feather_esp32s3_nopsram/platformio)
minor vidpid=0x239a:0x011b sim=0.93 kept='Adafruit Feather ESP32-S3 2MB PSRAM' (from arduino:espressif-arduino-esp32/adafruit_feather_esp32s3/arduino) dropped='Adafruit Feather ESP32-S3 No PSRAM' (from platformio:espressif32/adafruit_feather_esp32s3_nopsram/platformio)
minor vidpid=0x239a:0x811c sim=0.93 kept='Adafruit Feather ESP32-S3 2MB PSRAM' (from arduino:espressif-arduino-esp32/adafruit_feather_esp32s3/arduino) dropped='Adafruit Feather ESP32-S3 No PSRAM' (from platformio:espressif32/adafruit_feather_esp32s3_nopsram/platformio)
minor vidpid=0x239a:0x80e5 sim=0.97 kept='Adafruit MagTag 2.9"' (from arduino:espressif-arduino-esp32/adafruit_magtag29_esp32s2/arduino) dropped='Adafruit MagTag 2.9' (from platformio:espressif32/adafruit_magtag29_esp32s2/platformio)
minor vidpid=0x239a:0x00e5 sim=0.97 kept='Adafruit MagTag 2.9"' (from arduino:espressif-arduino-esp32/adafruit_magtag29_esp32s2/arduino) dropped='Adafruit MagTag 2.9' (from platformio:espressif32/adafruit_magtag29_esp32s2/platformio)
minor vidpid=0x239a:0x80e6 sim=0.97 kept='Adafruit MagTag 2.9"' (from arduino:espressif-arduino-esp32/adafruit_magtag29_esp32s2/arduino) dropped='Adafruit MagTag 2.9' (from platformio:espressif32/adafruit_magtag29_esp32s2/platformio)
minor vidpid=0x303a:0x80a9 sim=0.89 kept='Franzininho WiFi' (from arduino:espressif-arduino-esp32/franzininho_wifi_esp32s2/arduino) dropped='Franzininho WiFi MSC' (from platformio:espressif32/franzininho_wifi_msc_esp32s2/platformio)
minor vidpid=0x16d0:0x1178 sim=0.89 kept='unPhone 8' (from arduino:espressif-arduino-esp32/unphone8/arduino) dropped='unPhone 9' (from platformio:espressif32/unphone9/platformio)
minor vidpid=0x239a:0x8045 sim=0.86 kept='Adafruit Circuit Playground Bluefruit' (from arduino:adafruit-adafruit_nrf52_arduino/cplaynrf52840/arduino) dropped='Circuit Playground Bluefruit' (from platformio:nordicnrf52/adafruit_cplaynrf52840/platformio)
minor vidpid=0x239a:0x0045 sim=0.86 kept='Adafruit Circuit Playground Bluefruit' (from arduino:adafruit-adafruit_nrf52_arduino/cplaynrf52840/arduino) dropped='Circuit Playground Bluefruit' (from platformio:nordicnrf52/adafruit_cplaynrf52840/platformio)
minor vidpid=0x239a:0x8046 sim=0.86 kept='Adafruit Circuit Playground Bluefruit' (from arduino:adafruit-adafruit_nrf52_arduino/cplaynrf52840/arduino) dropped='Circuit Playground Bluefruit' (from platformio:nordicnrf52/adafruit_cplaynrf52840/platformio)
minor vidpid=0x239a:0x8051 sim=0.85 kept='Adafruit ItsyBitsy nRF52840 Express' (from arduino:adafruit-adafruit_nrf52_arduino/itsybitsy52840/arduino) dropped='ItsyBitsy nRF52840 Express' (from platformio:nordicnrf52/adafruit_itsybitsy_nrf52840/platformio)
minor vidpid=0x239a:0x0051 sim=0.85 kept='Adafruit ItsyBitsy nRF52840 Express' (from arduino:adafruit-adafruit_nrf52_arduino/itsybitsy52840/arduino) dropped='ItsyBitsy nRF52840 Express' (from platformio:nordicnrf52/adafruit_itsybitsy_nrf52840/platformio)
minor vidpid=0x239a:0x0052 sim=0.85 kept='Adafruit ItsyBitsy nRF52840 Express' (from arduino:adafruit-adafruit_nrf52_arduino/itsybitsy52840/arduino) dropped='ItsyBitsy nRF52840 Express' (from platformio:nordicnrf52/adafruit_itsybitsy_nrf52840/platformio)
minor vidpid=0x239a:0x8052 sim=0.85 kept='Adafruit ItsyBitsy nRF52840 Express' (from arduino:adafruit-adafruit_nrf52_arduino/itsybitsy52840/arduino) dropped='ItsyBitsy nRF52840 Express' (from platformio:nordicnrf52/adafruit_itsybitsy_nrf52840/platformio)
minor vidpid=0x2341:0x0069 sim=1.00 kept='Arduino UNO R4 Minima' (from arduino:arduino-arduinocore-renesas/minima/arduino) dropped='Arduino Uno R4 Minima' (from platformio:renesas-ra/uno_r4_minima/platformio)
minor vidpid=0x2341:0x0369 sim=1.00 kept='Arduino UNO R4 Minima' (from arduino:arduino-arduinocore-renesas/minima/arduino) dropped='Arduino Uno R4 Minima' (from platformio:renesas-ra/uno_r4_minima/platformio)
minor vidpid=0x2341:0x1002 sim=1.00 kept='Arduino UNO R4 WiFi' (from arduino:arduino-arduinocore-renesas/unor4wifi/arduino) dropped='Arduino Uno R4 WiFi' (from platformio:renesas-ra/uno_r4_wifi/platformio)
minor vidpid=0x2341:0x006d sim=1.00 kept='Arduino UNO R4 WiFi' (from arduino:arduino-arduinocore-renesas/unor4wifi/arduino) dropped='Arduino Uno R4 WiFi' (from platformio:renesas-ra/uno_r4_wifi/platformio)
minor vidpid=0x1eaf:0x0003 sim=0.89 kept='STM32F103C8 (20k RAM. 64k Flash)' (from platformio:ststm32/genericSTM32F103C8/platformio) dropped='STM32F103CB (20k RAM. 128k Flash)' (from platformio:ststm32/genericSTM32F103CB/platformio)
minor vidpid=0x1eaf:0x0004 sim=0.89 kept='STM32F103C8 (20k RAM. 64k Flash)' (from platformio:ststm32/genericSTM32F103C8/platformio) dropped='STM32F103CB (20k RAM. 128k Flash)' (from platformio:ststm32/genericSTM32F103CB/platformio)
minor vidpid=0x1eaf:0x0003 sim=0.95 kept='STM32F103C8 (20k RAM. 64k Flash)' (from platformio:ststm32/genericSTM32F103C8/platformio) dropped='STM32F103R8 (20k RAM. 64 Flash)' (from platformio:ststm32/genericSTM32F103R8/platformio)
minor vidpid=0x1eaf:0x0004 sim=0.95 kept='STM32F103C8 (20k RAM. 64k Flash)' (from platformio:ststm32/genericSTM32F103C8/platformio) dropped='STM32F103R8 (20k RAM. 64 Flash)' (from platformio:ststm32/genericSTM32F103R8/platformio)
minor vidpid=0x1eaf:0x0003 sim=0.86 kept='STM32F103C8 (20k RAM. 64k Flash)' (from platformio:ststm32/genericSTM32F103C8/platformio) dropped='STM32F103RB (20k RAM. 128k Flash)' (from platformio:ststm32/genericSTM32F103RB/platformio)
minor vidpid=0x1eaf:0x0004 sim=0.86 kept='STM32F103C8 (20k RAM. 64k Flash)' (from platformio:ststm32/genericSTM32F103C8/platformio) dropped='STM32F103RB (20k RAM. 128k Flash)' (from platformio:ststm32/genericSTM32F103RB/platformio)
minor vidpid=0x1eaf:0x0003 sim=0.86 kept='STM32F103C8 (20k RAM. 64k Flash)' (from platformio:ststm32/genericSTM32F103C8/platformio) dropped='STM32F103RC (48k RAM. 256k Flash)' (from platformio:ststm32/genericSTM32F103RC/platformio)
minor vidpid=0x1eaf:0x0004 sim=0.86 kept='STM32F103C8 (20k RAM. 64k Flash)' (from platformio:ststm32/genericSTM32F103C8/platformio) dropped='STM32F103RC (48k RAM. 256k Flash)' (from platformio:ststm32/genericSTM32F103RC/platformio)
minor vidpid=0x1eaf:0x0003 sim=0.97 kept='STM32F103C8 (20k RAM. 64k Flash)' (from platformio:ststm32/genericSTM32F103C8/platformio) dropped='STM32F103T8 (20k RAM. 64k Flash)' (from platformio:ststm32/genericSTM32F103T8/platformio)
minor vidpid=0x1eaf:0x0004 sim=0.97 kept='STM32F103C8 (20k RAM. 64k Flash)' (from platformio:ststm32/genericSTM32F103C8/platformio) dropped='STM32F103T8 (20k RAM. 64k Flash)' (from platformio:ststm32/genericSTM32F103T8/platformio)
minor vidpid=0x1eaf:0x0003 sim=0.86 kept='STM32F103C8 (20k RAM. 64k Flash)' (from platformio:ststm32/genericSTM32F103C8/platformio) dropped='STM32F103TB (20k RAM. 128k Flash)' (from platformio:ststm32/genericSTM32F103TB/platformio)
minor vidpid=0x1eaf:0x0004 sim=0.86 kept='STM32F103C8 (20k RAM. 64k Flash)' (from platformio:ststm32/genericSTM32F103C8/platformio) dropped='STM32F103TB (20k RAM. 128k Flash)' (from platformio:ststm32/genericSTM32F103TB/platformio)
minor vidpid=0x1eaf:0x0003 sim=0.86 kept='STM32F103C8 (20k RAM. 64k Flash)' (from platformio:ststm32/genericSTM32F103C8/platformio) dropped='STM32F103VB (20k RAM. 128k Flash)' (from platformio:ststm32/genericSTM32F103VB/platformio)
minor vidpid=0x1eaf:0x0004 sim=0.86 kept='STM32F103C8 (20k RAM. 64k Flash)' (from platformio:ststm32/genericSTM32F103C8/platformio) dropped='STM32F103VB (20k RAM. 128k Flash)' (from platformio:ststm32/genericSTM32F103VB/platformio)
minor vidpid=0x1eaf:0x0003 sim=0.86 kept='STM32F103C8 (20k RAM. 64k Flash)' (from platformio:ststm32/genericSTM32F103C8/platformio) dropped='STM32F103VC (48k RAM. 256k Flash)' (from platformio:ststm32/genericSTM32F103VC/platformio)
minor vidpid=0x1eaf:0x0004 sim=0.86 kept='STM32F103C8 (20k RAM. 64k Flash)' (from platformio:ststm32/genericSTM32F103C8/platformio) dropped='STM32F103VC (48k RAM. 256k Flash)' (from platformio:ststm32/genericSTM32F103VC/platformio)
minor vidpid=0x1eaf:0x0003 sim=0.86 kept='STM32F103C8 (20k RAM. 64k Flash)' (from platformio:ststm32/genericSTM32F103C8/platformio) dropped='STM32F103ZC (48k RAM. 256k Flash)' (from platformio:ststm32/genericSTM32F103ZC/platformio)
minor vidpid=0x1eaf:0x0004 sim=0.86 kept='STM32F103C8 (20k RAM. 64k Flash)' (from platformio:ststm32/genericSTM32F103C8/platformio) dropped='STM32F103ZC (48k RAM. 256k Flash)' (from platformio:ststm32/genericSTM32F103ZC/platformio)
minor vidpid=0x0483:0x3748 sim=0.90 kept='STM32F407IG (192k RAM. 1024k Flash)' (from platformio:ststm32/genericSTM32F407IGT6/platformio) dropped='STM32F407VE (192k RAM. 512k Flash)' (from platformio:ststm32/genericSTM32F407VET6/platformio)
minor vidpid=0x0483:0x3748 sim=0.94 kept='STM32F407IG (192k RAM. 1024k Flash)' (from platformio:ststm32/genericSTM32F407IGT6/platformio) dropped='STM32F407VG (128k RAM. 1024k Flash)' (from platformio:ststm32/genericSTM32F407VGT6/platformio)
minor vidpid=0x2341:0x0c9f sim=0.89 kept='TI LaunchPad MSP-EXP430F5529LP' (from platformio:timsp430/lpmsp430f5529/platformio) dropped='TI LaunchPad MSP-EXP430FR2311LP' (from platformio:timsp430/lpmsp430fr2311/platformio)
minor vidpid=0x2341:0x0c9f sim=0.92 kept='TI LaunchPad MSP-EXP430F5529LP' (from platformio:timsp430/lpmsp430f5529/platformio) dropped='TI LaunchPad MSP-EXP430FR2355LP' (from platformio:timsp430/lpmsp430fr2355/platformio)
minor vidpid=0x2341:0x0c9f sim=0.89 kept='TI LaunchPad MSP-EXP430F5529LP' (from platformio:timsp430/lpmsp430f5529/platformio) dropped='TI LaunchPad MSP-EXP430FR2433LP' (from platformio:timsp430/lpmsp430fr2433/platformio)
minor vidpid=0x2341:0x0c9f sim=0.89 kept='TI LaunchPad MSP-EXP430F5529LP' (from platformio:timsp430/lpmsp430f5529/platformio) dropped='TI LaunchPad MSP-EXP430FR2476LP' (from platformio:timsp430/lpmsp430fr2476/platformio)
minor vidpid=0x2341:0x0c9f sim=0.85 kept='TI LaunchPad MSP-EXP430F5529LP' (from platformio:timsp430/lpmsp430f5529/platformio) dropped='TI LaunchPad MSP-EXP430FR4133LP' (from platformio:timsp430/lpmsp430fr4133/platformio)
minor vidpid=0x2341:0x0c9f sim=0.87 kept='TI LaunchPad MSP-EXP430F5529LP' (from platformio:timsp430/lpmsp430f5529/platformio) dropped='TI FraunchPad MSP-EXP430FR5739LP' (from platformio:timsp430/lpmsp430fr5739/platformio)
minor vidpid=0x2341:0x0c9f sim=0.92 kept='TI LaunchPad MSP-EXP430F5529LP' (from platformio:timsp430/lpmsp430f5529/platformio) dropped='TI LaunchPad MSP-EXP430FR5969LP' (from platformio:timsp430/lpmsp430fr5969/platformio)
minor vidpid=0x2341:0x0c9f sim=0.92 kept='TI LaunchPad MSP-EXP430F5529LP' (from platformio:timsp430/lpmsp430f5529/platformio) dropped='TI LaunchPad MSP-EXP430FR5994LP' (from platformio:timsp430/lpmsp430fr5994/platformio)
minor vidpid=0x2341:0x0c9f sim=0.89 kept='TI LaunchPad MSP-EXP430F5529LP' (from platformio:timsp430/lpmsp430f5529/platformio) dropped='TI LaunchPad MSP-EXP430FR6989LP' (from platformio:timsp430/lpmsp430fr6989/platformio)
minor vidpid=0x2341:0x0c9f sim=0.90 kept='TI LaunchPad MSP-EXP430F5529LP' (from platformio:timsp430/lpmsp430f5529/platformio) dropped='TI LaunchPad MSP-EXP430G2553LP' (from platformio:timsp430/lpmsp430g2553/platformio)
